#
# A fatal error has been detected by the Java Runtime Environment:
#
#  SIGSEGV (0xb) at pc=0x00007fff9736f064, pid=768, tid=1299
#
# JRE version: Java(TM) SE Runtime Environment (8.0_05-b13) (build 1.8.0_05-b13)
# Java VM: Java HotSpot(TM) 64-Bit Server VM (25.5-b02 mixed mode bsd-amd64 compressed oops)
# Problematic frame:
# C  [libobjc.A.dylib+0x9064]  objc_retain+0x14
#
# Failed to write core dump. Core dumps have been disabled. To enable core dumping, try "ulimit -c unlimited" before starting Java again
#
# If you would like to submit a bug report, please visit:
#   http://bugreport.sun.com/bugreport/crash.jsp
# The crash happened outside the Java Virtual Machine in native code.
# See problematic frame for where to report the bug.
#

---------------  T H R E A D  ---------------

Current thread (0x00007f95d40eb800):  JavaThread "JavaFX Application Thread" [_thread_in_native, id=1299, stack(0x00007fff58f78000,0x00007fff59778000)]

siginfo:si_signo=SIGSEGV: si_errno=0, si_code=0 (SEGV0), si_addr=0x0000000000000000

Registers:
RAX=0x7000000000000000, RBX=0x00007f95d273c0f0, RCX=0x00000000ffffffff, RDX=0x0000000000000050
RSP=0x00007fff59773808, RBP=0x00007fff59773820, RSI=0x00007fff96ea3138, RDI=0x00007f95d24dd0e0
R8 =0x0000000000000002, R9 =0x00007fff7acb1300, R10=0x00007f95d24e7480, R11=0x00007fff7b8abdf8
R12=0x0000000000000001, R13=0x00007fff973670c0, R14=0x00007fff7b9f81f8, R15=0x0000000000000000
RIP=0x00007fff9736f064, EFLAGS=0x0000000000010246, ERR=0x0000000000000000
  TRAPNO=0x000000000000000d

Top of Stack: (sp=0x00007fff59773808)
0x00007fff59773808:   00007fff97370656 0000000000000000
0x00007fff59773818:   00007f95d273c0a0 00007fff59773860
0x00007fff59773828:   00007fff96598b86 00007fff96598a14
0x00007fff59773838:   00007f95d2680360 0000000000000001
0x00007fff59773848:   00007f95d241cc88 00007f95d267d960
0x00007fff59773858:   00007fff597738a0 00007fff59773880
0x00007fff59773868:   00007fff96598a31 00007fff96598a14
0x00007fff59773878:   00007f95d267d950 00007fff59773890
0x00007fff59773888:   00007fff95819127 00007fff59773910
0x00007fff59773898:   00007fff95819080 00007f95d267d950
0x00007fff597738a8:   00007fff95818f66 00007fff597738a0
0x00007fff597738b8:   00007fff597738b0 00007f95d241cc30
0x00007fff597738c8:   00007f95d273b420 00007fff597738a0
0x00007fff597738d8:   0000000000000002 2800a561b7478a55
0x00007fff597738e8:   0000000000000001 00007fff597739c0
0x00007fff597738f8:   0000000000006603 00007f95d273b410
0x00007fff59773908:   00007f95d241cc20 00007fff597745f0
0x00007fff59773918:   00007fff9580b188 00007fff597739b0
0x00007fff59773928:   00000001071937e8 00007fff7b47bed0
0x00007fff59773938:   00007f95d27b9c00 00007f95d241cc20
0x00007fff59773948:   0000000159773d18 00007f95d27f4340
0x00007fff59773958:   000000011c7bd3f0 00007f95d241cc30
0x00007fff59773968:   00007f95d273b420 00007f9500000001
0x00007fff59773978:   000007f2ed58878a 00001003b7478a55
0x00007fff59773988:   3fb7598b00000000 0000670359773ba0
0x00007fff59773998:   000000011c7bdb14 00000000c0012308
0x00007fff597739a8:   0000000000000000 0000000000000000
0x00007fff597739b8:   ffffffffffffffff 0000000000000000
0x00007fff597739c8:   00007fff59773a88 00000001064a5a00
0x00007fff597739d8:   0000000000000005 00000001064a2000
0x00007fff597739e8:   00007f95d2759325 0000000000000009
0x00007fff597739f8:   00000001064a5a00 00007fff59773af0 

Instructions: (pc=0x00007fff9736f064)
0x00007fff9736f044:   5f 5d c3 90 90 90 90 90 90 90 90 90 31 c0 48 85
0x00007fff9736f054:   ff 74 09 40 f6 c7 01 74 04 48 89 f8 c3 48 8b 07
0x00007fff9736f064:   f6 40 20 02 74 05 e9 55 83 01 00 48 8d 05 62 8a
0x00007fff9736f074:   68 e4 48 8b 30 e9 42 80 ff ff 90 90 90 90 90 90 

Register to memory mapping:

RAX=0x7000000000000000 is an unknown value
RBX=0x00007f95d273c0f0 is an unknown value
RCX=0x00000000ffffffff is an unknown value
RDX=0x0000000000000050 is an unknown value
RSP=0x00007fff59773808 is pointing into the stack for thread: 0x00007f95d40eb800
RBP=0x00007fff59773820 is pointing into the stack for thread: 0x00007f95d40eb800
RSI=0x00007fff96ea3138: -[NSTitlebarContainerView transparent]+0xb501c in /System/Library/Frameworks/AppKit.framework/Versions/C/AppKit at 0x00007fff9644b000
RDI=0x00007f95d24dd0e0 is an unknown value
R8 =0x0000000000000002 is an unknown value
R9 =0x00007fff7acb1300: _thread+0 in /usr/lib/system/libsystem_pthread.dylib at 0x00007fff91980000
R10=0x00007f95d24e7480 is an unknown value
R11=0x00007fff7b8abdf8: OBJC_CLASS_$__NSAutomaticFocusRingState+0 in /System/Library/Frameworks/AppKit.framework/Versions/C/AppKit at 0x00007fff9644b000
R12=0x0000000000000001 is an unknown value
R13=0x00007fff973670c0: objc_msgSend+0 in /usr/lib/libobjc.A.dylib at 0x00007fff97366000
R14=0x00007fff7b9f81f8: _ZL13PropertyLocks+0x38 in /usr/lib/libobjc.A.dylib at 0x00007fff97366000
R15=0x0000000000000000 is an unknown value


Stack: [0x00007fff58f78000,0x00007fff59778000],  sp=0x00007fff59773808,  free space=8174k
Native frames: (J=compiled Java code, j=interpreted, Vv=VM code, C=native code)
C  [libobjc.A.dylib+0x9064]  objc_retain+0x14
C  [AppKit+0x14db86]  +[_NSAutomaticFocusRing setActiveFirstResponderChanged]+0xe1
C  [AppKit+0x14da31]  ___NSPostActiveFirstResponderChanged_block_invoke+0x1d
C  [CoreFoundation+0x80127]  __CFRUNLOOP_IS_CALLING_OUT_TO_AN_OBSERVER_CALLBACK_FUNCTION__+0x17
C  [CoreFoundation+0x80080]  __CFRunLoopDoObservers+0x170
C  [CoreFoundation+0x72188]  __CFRunLoopRun+0x368
C  [CoreFoundation+0x71bd8]  CFRunLoopRunSpecific+0x128
C  [AppKit+0x25c4dd]  _NSUnhighlightCarbonMenu+0x110
C  [AppKit+0x254a86]  -[NSCarbonMenuImpl performActionWithHighlightingForItemAtIndex:]+0x7c
C  [libsystem_trace.dylib+0xcd7]  _os_activity_initiate+0x4b
C  [AppKit+0x2539ad]  -[NSMenu performKeyEquivalent:]+0x167
C  [AppKit+0x252b6f]  -[NSApplication _handleKeyEquivalent:]+0x398
C  [AppKit+0x15d93a]  -[NSApplication sendEvent:]+0xff0
C  [AppKit+0x86c68]  -[NSApplication run]+0x2c7
C  [libglass.dylib+0xbfb5]  -[GlassApplication runLoop:]+0x6a5
C  [Foundation+0x92d00]  __NSThreadPerformPerform+0x125
C  [CoreFoundation+0x80a01]  __CFRUNLOOP_IS_CALLING_OUT_TO_A_SOURCE0_PERFORM_FUNCTION__+0x11
C  [CoreFoundation+0x72b8d]  __CFRunLoopDoSources0+0x10d
C  [CoreFoundation+0x721bf]  __CFRunLoopRun+0x39f
C  [CoreFoundation+0x71bd8]  CFRunLoopRunSpecific+0x128
C  [java+0x56cb]  CreateExecutionEnvironment+0x367
C  [java+0x166c]  JLI_Launch+0x7a0
C  [java+0x7689]  main+0x65
C  [java+0xec4]  start+0x34


---------------  P R O C E S S  ---------------

Java Threads: ( => current thread )
  0x00007f95d31a7800 JavaThread "Prism Font Disposer" daemon [_thread_blocked, id=49427, stack(0x0000000124b17000,0x0000000124c17000)]
  0x00007f95d4108000 JavaThread "Thread-4" daemon [_thread_in_native, id=36359, stack(0x0000000122f3e000,0x0000000122fbe000)]
=>0x00007f95d40eb800 JavaThread "JavaFX Application Thread" [_thread_in_native, id=1299, stack(0x00007fff58f78000,0x00007fff59778000)]
  0x00007f95d28b1800 JavaThread "Thread-2" daemon [_thread_blocked, id=25107, stack(0x00000001207e1000,0x00000001208e1000)]
  0x00007f95d289a000 JavaThread "QuantumRenderer-0" daemon [_thread_blocked, id=20227, stack(0x00000001201c3000,0x00000001202c3000)]
  0x00007f95d3072800 JavaThread "JavaFX-Launcher" [_thread_blocked, id=19715, stack(0x00000001200c0000,0x00000001201c0000)]
  0x00007f95d288c000 JavaThread "Monitor Ctrl-Break" daemon [_thread_in_native, id=19203, stack(0x000000011feba000,0x000000011ffba000)]
  0x00007f95d2873800 JavaThread "Service Thread" daemon [_thread_blocked, id=18179, stack(0x000000011fb59000,0x000000011fc59000)]
  0x00007f95d4020000 JavaThread "C1 CompilerThread2" daemon [_thread_blocked, id=17667, stack(0x000000011fa56000,0x000000011fb56000)]
  0x00007f95d402b000 JavaThread "C2 CompilerThread1" daemon [_thread_blocked, id=17155, stack(0x000000011f953000,0x000000011fa53000)]
  0x00007f95d3022000 JavaThread "C2 CompilerThread0" daemon [_thread_blocked, id=16643, stack(0x000000011f850000,0x000000011f950000)]
  0x00007f95d2811000 JavaThread "Signal Dispatcher" daemon [_thread_blocked, id=13335, stack(0x000000011f74d000,0x000000011f84d000)]
  0x00007f95d4006000 JavaThread "Finalizer" daemon [_thread_blocked, id=11523, stack(0x000000011dd35000,0x000000011de35000)]
  0x00007f95d4005800 JavaThread "Reference Handler" daemon [_thread_blocked, id=11011, stack(0x000000011dc32000,0x000000011dd32000)]
  0x00007f95d3000800 JavaThread "main" [_thread_blocked, id=4867, stack(0x0000000107cc1000,0x0000000107dc1000)]

Other Threads:
  0x00007f95d4001000 VMThread [stack: 0x000000011db2f000,0x000000011dc2f000] [id=10499]
  0x00007f95d2858800 WatcherThread [stack: 0x000000011fc5c000,0x000000011fd5c000] [id=18691]

VM state:not at safepoint (normal execution)

VM Mutex/Monitor currently owned by a thread: None

Heap:
 PSYoungGen      total 17408K, used 8378K [0x0000000795580000, 0x0000000796b80000, 0x00000007c0000000)
  eden space 13312K, 51% used [0x0000000795580000,0x0000000795c2ea70,0x0000000796280000)
  from space 4096K, 37% used [0x0000000796780000,0x0000000796900000,0x0000000796b80000)
  to   space 4608K, 0% used [0x0000000796280000,0x0000000796280000,0x0000000796700000)
 ParOldGen       total 129536K, used 10306K [0x0000000740000000, 0x0000000747e80000, 0x0000000795580000)
  object space 129536K, 7% used [0x0000000740000000,0x0000000740a10b60,0x0000000747e80000)
 Metaspace       used 14643K, capacity 14814K, committed 15104K, reserved 1062912K
  class space    used 2191K, capacity 2240K, committed 2304K, reserved 1048576K

Card table byte_map: [0x0000000117183000,0x0000000117584000] byte_map_base: 0x0000000113783000

Marking Bits: (ParMarkBitMap*) 0x00000001076660a0
 Begin Bits: [0x0000000117c3b000, 0x0000000119c3b000)
 End Bits:   [0x0000000119c3b000, 0x000000011bc3b000)

Polling page: 0x00000001065df000

CodeCache: size=245760Kb used=5224Kb max_used=5224Kb free=240535Kb
 bounds [0x0000000107dc3000, 0x00000001082e3000, 0x0000000116dc3000]
 total_blobs=2364 nmethods=1748 adapters=531
 compilation: enabled

Compilation events (10 events):
Event: 16.876 Thread 0x00007f95d4020000 1745       1       javafx.scene.input.KeyEvent::getCode (5 bytes)
Event: 16.876 Thread 0x00007f95d4020000 nmethod 1745 0x00000001082db7d0 code [0x00000001082db920, 0x00000001082dba30]
Event: 16.876 Thread 0x00007f95d4020000 1746       3       com.sun.javafx.scene.control.behavior.KeyBinding::getSpecificity (165 bytes)
Event: 16.876 Thread 0x00007f95d4020000 nmethod 1746 0x00000001082dba90 code [0x00000001082dbc80, 0x00000001082dc8d8]
Event: 16.877 Thread 0x00007f95d4020000 1747       3       com.sun.javafx.event.EventRedirector::dispatchCapturingEvent (52 bytes)
Event: 16.878 Thread 0x00007f95d4020000 nmethod 1747 0x00000001082dcb50 code [0x00000001082dcd00, 0x00000001082dd348]
Event: 16.878 Thread 0x00007f95d4020000 1748       3       com.sun.javafx.event.EventRedirector::redirectEvent (97 bytes)
Event: 16.878 Thread 0x00007f95d4020000 nmethod 1748 0x00000001082dd510 code [0x00000001082dd720, 0x00000001082de1f8]
Event: 16.878 Thread 0x00007f95d4020000 1749       3       java.util.concurrent.CopyOnWriteArrayList::isEmpty (13 bytes)
Event: 16.879 Thread 0x00007f95d4020000 nmethod 1749 0x00000001082de5d0 code [0x00000001082de740, 0x00000001082de9f0]

GC Heap History (10 events):
Event: 0.346 GC heap before
{Heap before GC invocations=6 (full 0):
 PSYoungGen      total 2560K, used 2493K [0x0000000795580000, 0x0000000795c80000, 0x00000007c0000000)
  eden space 2048K, 98% used [0x0000000795580000,0x0000000795777400,0x0000000795780000)
  from space 512K, 93% used [0x0000000795780000,0x00000007957f8030,0x0000000795800000)
  to   space 1536K, 0% used [0x0000000795b00000,0x0000000795b00000,0x0000000795c80000)
 ParOldGen       total 129536K, used 936K [0x0000000740000000, 0x0000000747e80000, 0x0000000795580000)
  object space 129536K, 0% used [0x0000000740000000,0x00000007400ea010,0x0000000747e80000)
 Metaspace       used 5727K, capacity 6758K, committed 6912K, reserved 1056768K
  class space    used 686K, capacity 718K, committed 768K, reserved 1048576K
Event: 0.349 GC heap after
Heap after GC invocations=6 (full 0):
 PSYoungGen      total 5120K, used 639K [0x0000000795580000, 0x0000000795c00000, 0x00000007c0000000)
  eden space 4096K, 0% used [0x0000000795580000,0x0000000795580000,0x0000000795980000)
  from space 1024K, 62% used [0x0000000795b00000,0x0000000795b9fc40,0x0000000795c00000)
  to   space 1024K, 0% used [0x0000000795a00000,0x0000000795a00000,0x0000000795b00000)
 ParOldGen       total 129536K, used 936K [0x0000000740000000, 0x0000000747e80000, 0x0000000795580000)
  object space 129536K, 0% used [0x0000000740000000,0x00000007400ea010,0x0000000747e80000)
 Metaspace       used 5727K, capacity 6758K, committed 6912K, reserved 1056768K
  class space    used 686K, capacity 718K, committed 768K, reserved 1048576K
}
Event: 0.452 GC heap before
{Heap before GC invocations=7 (full 0):
 PSYoungGen      total 5120K, used 4735K [0x0000000795580000, 0x0000000795c00000, 0x00000007c0000000)
  eden space 4096K, 100% used [0x0000000795580000,0x0000000795980000,0x0000000795980000)
  from space 1024K, 62% used [0x0000000795b00000,0x0000000795b9fc40,0x0000000795c00000)
  to   space 1024K, 0% used [0x0000000795a00000,0x0000000795a00000,0x0000000795b00000)
 ParOldGen       total 129536K, used 936K [0x0000000740000000, 0x0000000747e80000, 0x0000000795580000)
  object space 129536K, 0% used [0x0000000740000000,0x00000007400ea010,0x0000000747e80000)
 Metaspace       used 7425K, capacity 8054K, committed 8192K, reserved 1056768K
  class space    used 950K, capacity 985K, committed 1024K, reserved 1048576K
Event: 0.455 GC heap after
Heap after GC invocations=7 (full 0):
 PSYoungGen      total 5632K, used 992K [0x0000000795580000, 0x0000000796080000, 0x00000007c0000000)
  eden space 4608K, 0% used [0x0000000795580000,0x0000000795580000,0x0000000795a00000)
  from space 1024K, 96% used [0x0000000795a00000,0x0000000795af8010,0x0000000795b00000)
  to   space 1536K, 0% used [0x0000000795f00000,0x0000000795f00000,0x0000000796080000)
 ParOldGen       total 129536K, used 1341K [0x0000000740000000, 0x0000000747e80000, 0x0000000795580000)
  object space 129536K, 1% used [0x0000000740000000,0x000000074014f440,0x0000000747e80000)
 Metaspace       used 7425K, capacity 8054K, committed 8192K, reserved 1056768K
  class space    used 950K, capacity 985K, committed 1024K, reserved 1048576K
}
Event: 0.659 GC heap before
{Heap before GC invocations=8 (full 0):
 PSYoungGen      total 5632K, used 5600K [0x0000000795580000, 0x0000000796080000, 0x00000007c0000000)
  eden space 4608K, 100% used [0x0000000795580000,0x0000000795a00000,0x0000000795a00000)
  from space 1024K, 96% used [0x0000000795a00000,0x0000000795af8010,0x0000000795b00000)
  to   space 1536K, 0% used [0x0000000795f00000,0x0000000795f00000,0x0000000796080000)
 ParOldGen       total 129536K, used 1341K [0x0000000740000000, 0x0000000747e80000, 0x0000000795580000)
  object space 129536K, 1% used [0x0000000740000000,0x000000074014f440,0x0000000747e80000)
 Metaspace       used 9506K, capacity 9688K, committed 9856K, reserved 1058816K
  class space    used 1283K, capacity 1302K, committed 1408K, reserved 1048576K
Event: 0.662 GC heap after
Heap after GC invocations=8 (full 0):
 PSYoungGen      total 9728K, used 1216K [0x0000000795580000, 0x0000000796180000, 0x00000007c0000000)
  eden space 8192K, 0% used [0x0000000795580000,0x0000000795580000,0x0000000795d80000)
  from space 1536K, 79% used [0x0000000795f00000,0x0000000796030010,0x0000000796080000)
  to   space 1536K, 0% used [0x0000000795d80000,0x0000000795d80000,0x0000000795f00000)
 ParOldGen       total 129536K, used 1501K [0x0000000740000000, 0x0000000747e80000, 0x0000000795580000)
  object space 129536K, 1% used [0x0000000740000000,0x0000000740177440,0x0000000747e80000)
 Metaspace       used 9506K, capacity 9688K, committed 9856K, reserved 1058816K
  class space    used 1283K, capacity 1302K, committed 1408K, reserved 1048576K
}
Event: 1.182 GC heap before
{Heap before GC invocations=9 (full 0):
 PSYoungGen      total 9728K, used 9408K [0x0000000795580000, 0x0000000796180000, 0x00000007c0000000)
  eden space 8192K, 100% used [0x0000000795580000,0x0000000795d80000,0x0000000795d80000)
  from space 1536K, 79% used [0x0000000795f00000,0x0000000796030010,0x0000000796080000)
  to   space 1536K, 0% used [0x0000000795d80000,0x0000000795d80000,0x0000000795f00000)
 ParOldGen       total 129536K, used 1501K [0x0000000740000000, 0x0000000747e80000, 0x0000000795580000)
  object space 129536K, 1% used [0x0000000740000000,0x0000000740177440,0x0000000747e80000)
 Metaspace       used 11052K, capacity 11172K, committed 11392K, reserved 1058816K
  class space    used 1532K, capacity 1558K, committed 1664K, reserved 1048576K
Event: 1.187 GC heap after
Heap after GC invocations=9 (full 0):
 PSYoungGen      total 9728K, used 1536K [0x0000000795580000, 0x0000000796c80000, 0x00000007c0000000)
  eden space 8192K, 0% used [0x0000000795580000,0x0000000795580000,0x0000000795d80000)
  from space 1536K, 100% used [0x0000000795d80000,0x0000000795f00000,0x0000000795f00000)
  to   space 5120K, 0% used [0x0000000796780000,0x0000000796780000,0x0000000796c80000)
 ParOldGen       total 129536K, used 9438K [0x0000000740000000, 0x0000000747e80000, 0x0000000795580000)
  object space 129536K, 7% used [0x0000000740000000,0x0000000740937b50,0x0000000747e80000)
 Metaspace       used 11052K, capacity 11172K, committed 11392K, reserved 1058816K
  class space    used 1532K, capacity 1558K, committed 1664K, reserved 1048576K
}
Event: 3.326 GC heap before
{Heap before GC invocations=10 (full 0):
 PSYoungGen      total 9728K, used 9212K [0x0000000795580000, 0x0000000796c80000, 0x00000007c0000000)
  eden space 8192K, 93% used [0x0000000795580000,0x0000000795cff0b8,0x0000000795d80000)
  from space 1536K, 100% used [0x0000000795d80000,0x0000000795f00000,0x0000000795f00000)
  to   space 5120K, 0% used [0x0000000796780000,0x0000000796780000,0x0000000796c80000)
 ParOldGen       total 129536K, used 9438K [0x0000000740000000, 0x0000000747e80000, 0x0000000795580000)
  object space 129536K, 7% used [0x0000000740000000,0x0000000740937b50,0x0000000747e80000)
 Metaspace       used 13959K, capacity 14110K, committed 14464K, reserved 1060864K
  class space    used 2149K, capacity 2176K, committed 2176K, reserved 1048576K
Event: 3.330 GC heap after
Heap after GC invocations=10 (full 0):
 PSYoungGen      total 17408K, used 1536K [0x0000000795580000, 0x0000000796b80000, 0x00000007c0000000)
  eden space 13312K, 0% used [0x0000000795580000,0x0000000795580000,0x0000000796280000)
  from space 4096K, 37% used [0x0000000796780000,0x0000000796900000,0x0000000796b80000)
  to   space 4608K, 0% used [0x0000000796280000,0x0000000796280000,0x0000000796700000)
 ParOldGen       total 129536K, used 10306K [0x0000000740000000, 0x0000000747e80000, 0x0000000795580000)
  object space 129536K, 7% used [0x0000000740000000,0x0000000740a10b60,0x0000000747e80000)
 Metaspace       used 13959K, capacity 14110K, committed 14464K, reserved 1060864K
  class space    used 2149K, capacity 2176K, committed 2176K, reserved 1048576K
}

Deoptimization events (10 events):
Event: 0.616 Thread 0x00007f95d40eb800 Uncommon trap: reason=unreached action=reinterpret pc=0x0000000107fd1008 method=java.util.HashMap.hash(Ljava/lang/Object;)I @ 1
Event: 0.642 Thread 0x00007f95d40eb800 Uncommon trap: reason=class_check action=maybe_recompile pc=0x0000000107fb1290 method=java.io.DataInputStream.readShort()S @ 4
Event: 0.642 Thread 0x00007f95d40eb800 Uncommon trap: reason=class_check action=maybe_recompile pc=0x0000000107fb1290 method=java.io.DataInputStream.readShort()S @ 4
Event: 0.643 Thread 0x00007f95d40eb800 Uncommon trap: reason=class_check action=maybe_recompile pc=0x0000000107fb1290 method=java.io.DataInputStream.readShort()S @ 4
Event: 0.643 Thread 0x00007f95d40eb800 Uncommon trap: reason=class_check action=maybe_recompile pc=0x0000000107fb1290 method=java.io.DataInputStream.readShort()S @ 4
Event: 0.658 Thread 0x00007f95d40eb800 Uncommon trap: reason=class_check action=maybe_recompile pc=0x0000000107ef935c method=java.lang.String.equals(Ljava/lang/Object;)Z @ 8
Event: 0.658 Thread 0x00007f95d40eb800 Uncommon trap: reason=class_check action=maybe_recompile pc=0x0000000107ef935c method=java.lang.String.equals(Ljava/lang/Object;)Z @ 8
Event: 0.670 Thread 0x00007f95d40eb800 Uncommon trap: reason=class_check action=maybe_recompile pc=0x0000000107ef935c method=java.lang.String.equals(Ljava/lang/Object;)Z @ 8
Event: 0.670 Thread 0x00007f95d40eb800 Uncommon trap: reason=class_check action=maybe_recompile pc=0x0000000107ef935c method=java.lang.String.equals(Ljava/lang/Object;)Z @ 8
Event: 0.892 Thread 0x00007f95d40eb800 Uncommon trap: reason=unloaded action=reinterpret pc=0x0000000107f8c258 method=java.lang.CharacterData.of(I)Ljava/lang/CharacterData; @ 96

Internal exceptions (10 events):
Event: 0.532 Thread 0x00007f95d40eb800 Exception <a 'java/security/PrivilegedActionException'> (0x00000007957b8610) thrown at [/HUDSON/workspace/8-2-build-macosx-x86_64/jdk8u5/2488/hotspot/src/share/vm/prims/jvm.cpp, line 1248]
Event: 0.616 Thread 0x00007f95d40eb800 Implicit null exception at 0x0000000107fd0df5 to 0x0000000107fd0ff9
Event: 3.149 Thread 0x00007f95d40eb800 Exception <a 'java/security/PrivilegedActionException'> (0x0000000795711ae0) thrown at [/HUDSON/workspace/8-2-build-macosx-x86_64/jdk8u5/2488/hotspot/src/share/vm/prims/jvm.cpp, line 1248]
Event: 3.182 Thread 0x00007f95d40eb800 Exception <a 'java/security/PrivilegedActionException'> (0x0000000795872000) thrown at [/HUDSON/workspace/8-2-build-macosx-x86_64/jdk8u5/2488/hotspot/src/share/vm/prims/jvm.cpp, line 1248]
Event: 3.183 Thread 0x00007f95d40eb800 Exception <a 'java/security/PrivilegedActionException'> (0x0000000795887c08) thrown at [/HUDSON/workspace/8-2-build-macosx-x86_64/jdk8u5/2488/hotspot/src/share/vm/prims/jvm.cpp, line 1248]
Event: 3.183 Thread 0x00007f95d40eb800 Exception <a 'java/security/PrivilegedActionException'> (0x000000079589daa8) thrown at [/HUDSON/workspace/8-2-build-macosx-x86_64/jdk8u5/2488/hotspot/src/share/vm/prims/jvm.cpp, line 1248]
Event: 7.261 Thread 0x00007f95d40eb800 Exception <a 'java/security/PrivilegedActionException'> (0x0000000795a50528) thrown at [/HUDSON/workspace/8-2-build-macosx-x86_64/jdk8u5/2488/hotspot/src/share/vm/prims/jvm.cpp, line 1248]
Event: 7.261 Thread 0x00007f95d40eb800 Exception <a 'java/security/PrivilegedActionException'> (0x0000000795a54a18) thrown at [/HUDSON/workspace/8-2-build-macosx-x86_64/jdk8u5/2488/hotspot/src/share/vm/prims/jvm.cpp, line 1248]
Event: 7.262 Thread 0x00007f95d40eb800 Exception <a 'java/security/PrivilegedActionException'> (0x0000000795a67da0) thrown at [/HUDSON/workspace/8-2-build-macosx-x86_64/jdk8u5/2488/hotspot/src/share/vm/prims/jvm.cpp, line 1248]
Event: 7.262 Thread 0x00007f95d40eb800 Exception <a 'java/security/PrivilegedActionException'> (0x0000000795a6b708) thrown at [/HUDSON/workspace/8-2-build-macosx-x86_64/jdk8u5/2488/hotspot/src/share/vm/prims/jvm.cpp, line 1248]

Events (10 events):
Event: 7.265 loading class java/text/StringCharacterIterator
Event: 7.266 loading class java/text/StringCharacterIterator done
Event: 7.266 loading class javafx/scene/input/MouseEvent$1
Event: 7.266 loading class javafx/scene/input/MouseEvent$1 done
Event: 16.703 loading class com/sun/javafx/scene/input/KeyCodeMap
Event: 16.703 loading class com/sun/javafx/scene/input/KeyCodeMap done
Event: 16.877 loading class com/sun/javafx/tk/quantum/GlassStage$2
Event: 16.877 loading class com/sun/javafx/tk/quantum/GlassStage$2 done
Event: 16.879 loading class com/sun/javafx/application/PlatformImpl$9
Event: 16.879 loading class com/sun/javafx/application/PlatformImpl$9 done


Dynamic libraries:
0x00000000098e7000 	/System/Library/Frameworks/Cocoa.framework/Versions/A/Cocoa
0x00000000098e7000 	/System/Library/Frameworks/Security.framework/Versions/A/Security
0x00000000098e7000 	/System/Library/Frameworks/ApplicationServices.framework/Versions/A/ApplicationServices
0x00000000098e7000 	/usr/lib/libz.1.dylib
0x00000000098e7000 	/usr/lib/libSystem.B.dylib
0x00000000098e7000 	/usr/lib/libobjc.A.dylib
0x00000000098e7000 	/System/Library/Frameworks/CoreFoundation.framework/Versions/A/CoreFoundation
0x00000000098e7000 	/System/Library/Frameworks/Foundation.framework/Versions/C/Foundation
0x00000000098e7000 	/System/Library/Frameworks/AppKit.framework/Versions/C/AppKit
0x00000000098e7000 	/System/Library/Frameworks/CoreData.framework/Versions/A/CoreData
0x00000000098e7000 	/System/Library/PrivateFrameworks/RemoteViewServices.framework/Versions/A/RemoteViewServices
0x00000000098e7000 	/System/Library/PrivateFrameworks/UIFoundation.framework/Versions/A/UIFoundation
0x00000000098e7000 	/System/Library/Frameworks/IOSurface.framework/Versions/A/IOSurface
0x00000000098e7000 	/System/Library/Frameworks/AudioToolbox.framework/Versions/A/AudioToolbox
0x00000000098e7000 	/System/Library/Frameworks/AudioUnit.framework/Versions/A/AudioUnit
0x00000000098e7000 	/System/Library/PrivateFrameworks/DataDetectorsCore.framework/Versions/A/DataDetectorsCore
0x00000000098e7000 	/System/Library/PrivateFrameworks/DesktopServicesPriv.framework/Versions/A/DesktopServicesPriv
0x00000000098e7000 	/System/Library/Frameworks/Carbon.framework/Versions/A/Frameworks/HIToolbox.framework/Versions/A/HIToolbox
0x00000000098e7000 	/System/Library/Frameworks/QuartzCore.framework/Versions/A/QuartzCore
0x00000000098e7000 	/System/Library/Frameworks/Carbon.framework/Versions/A/Frameworks/SpeechRecognition.framework/Versions/A/SpeechRecognition
0x00000000098e7000 	/usr/lib/libauto.dylib
0x00000000098e7000 	/usr/lib/libicucore.A.dylib
0x00000000098e7000 	/usr/lib/libxml2.2.dylib
0x00000000098e7000 	/System/Library/PrivateFrameworks/CoreUI.framework/Versions/A/CoreUI
0x00000000098e7000 	/System/Library/Frameworks/CoreAudio.framework/Versions/A/CoreAudio
0x00000000098e7000 	/System/Library/Frameworks/DiskArbitration.framework/Versions/A/DiskArbitration
0x00000000098e7000 	/usr/lib/liblangid.dylib
0x00000000098e7000 	/System/Library/PrivateFrameworks/MultitouchSupport.framework/Versions/A/MultitouchSupport
0x00000000098e7000 	/System/Library/Frameworks/IOKit.framework/Versions/A/IOKit
0x00000000098e7000 	/usr/lib/libDiagnosticMessagesClient.dylib
0x00000000098e7000 	/System/Library/Frameworks/CoreServices.framework/Versions/A/CoreServices
0x00000000098e7000 	/System/Library/PrivateFrameworks/PerformanceAnalysis.framework/Versions/A/PerformanceAnalysis
0x00000000098e7000 	/System/Library/PrivateFrameworks/GenerationalStorage.framework/Versions/A/GenerationalStorage
0x00000000098e7000 	/System/Library/Frameworks/OpenGL.framework/Versions/A/OpenGL
0x00000000098e7000 	/System/Library/PrivateFrameworks/Sharing.framework/Versions/A/Sharing
0x00000000098e7000 	/System/Library/Frameworks/CoreGraphics.framework/Versions/A/CoreGraphics
0x00000000098e7000 	/System/Library/Frameworks/CoreText.framework/Versions/A/CoreText
0x00000000098e7000 	/System/Library/Frameworks/ImageIO.framework/Versions/A/ImageIO
0x00000000098e7000 	/usr/lib/libextension.dylib
0x00000000098e7000 	/System/Library/PrivateFrameworks/Backup.framework/Versions/A/Backup
0x00000000098e7000 	/usr/lib/libarchive.2.dylib
0x00000000098e7000 	/System/Library/Frameworks/CFNetwork.framework/Versions/A/CFNetwork
0x00000000098e7000 	/System/Library/Frameworks/SystemConfiguration.framework/Versions/A/SystemConfiguration
0x00000000098e7000 	/usr/lib/libCRFSuite.dylib
0x00000000098e7000 	/usr/lib/libc++.1.dylib
0x00000000098e7000 	/usr/lib/libc++abi.dylib
0x00000000098e7000 	/usr/lib/system/libcache.dylib
0x00000000098e7000 	/usr/lib/system/libcommonCrypto.dylib
0x00000000098e7000 	/usr/lib/system/libcompiler_rt.dylib
0x00000000098e7000 	/usr/lib/system/libcopyfile.dylib
0x00000000098e7000 	/usr/lib/system/libcorecrypto.dylib
0x00000000098e7000 	/usr/lib/system/libdispatch.dylib
0x00000000098e7000 	/usr/lib/system/libdyld.dylib
0x00000000098e7000 	/usr/lib/system/libkeymgr.dylib
0x00000000098e7000 	/usr/lib/system/liblaunch.dylib
0x00000000098e7000 	/usr/lib/system/libmacho.dylib
0x00000000098e7000 	/usr/lib/system/libquarantine.dylib
0x00000000098e7000 	/usr/lib/system/libremovefile.dylib
0x00000000098e7000 	/usr/lib/system/libsystem_asl.dylib
0x00000000098e7000 	/usr/lib/system/libsystem_blocks.dylib
0x00000000098e7000 	/usr/lib/system/libsystem_c.dylib
0x00000000098e7000 	/usr/lib/system/libsystem_configuration.dylib
0x00000000098e7000 	/usr/lib/system/libsystem_coreservices.dylib
0x00000000098e7000 	/usr/lib/system/libsystem_coretls.dylib
0x00000000098e7000 	/usr/lib/system/libsystem_dnssd.dylib
0x00000000098e7000 	/usr/lib/system/libsystem_info.dylib
0x00000000098e7000 	/usr/lib/system/libsystem_kernel.dylib
0x00000000098e7000 	/usr/lib/system/libsystem_m.dylib
0x00000000098e7000 	/usr/lib/system/libsystem_malloc.dylib
0x00000000098e7000 	/usr/lib/system/libsystem_network.dylib
0x00000000098e7000 	/usr/lib/system/libsystem_networkextension.dylib
0x00000000098e7000 	/usr/lib/system/libsystem_notify.dylib
0x00000000098e7000 	/usr/lib/system/libsystem_platform.dylib
0x00000000098e7000 	/usr/lib/system/libsystem_pthread.dylib
0x00000000098e7000 	/usr/lib/system/libsystem_sandbox.dylib
0x00000000098e7000 	/usr/lib/system/libsystem_secinit.dylib
0x00000000098e7000 	/usr/lib/system/libsystem_stats.dylib
0x00000000098e7000 	/usr/lib/system/libsystem_trace.dylib
0x00000000098e7000 	/usr/lib/system/libunc.dylib
0x00000000098e7000 	/usr/lib/system/libunwind.dylib
0x00000000098e7000 	/usr/lib/system/libxpc.dylib
0x00000000098e7000 	/usr/lib/libbz2.1.0.dylib
0x00000000098e7000 	/usr/lib/liblzma.5.dylib
0x00000000098e7000 	/usr/lib/libbsm.0.dylib
0x00000000098e7000 	/usr/lib/libsqlite3.dylib
0x00000000098e7000 	/usr/lib/system/libkxld.dylib
0x00000000098e7000 	/usr/lib/libxar.1.dylib
0x00000000098e7000 	/usr/lib/libpam.2.dylib
0x00000000098e7000 	/usr/lib/libOpenScriptingUtil.dylib
0x00000000098e7000 	/System/Library/Frameworks/CoreServices.framework/Versions/A/Frameworks/FSEvents.framework/Versions/A/FSEvents
0x00000000098e7000 	/System/Library/Frameworks/CoreServices.framework/Versions/A/Frameworks/CarbonCore.framework/Versions/A/CarbonCore
0x00000000098e7000 	/System/Library/Frameworks/CoreServices.framework/Versions/A/Frameworks/Metadata.framework/Versions/A/Metadata
0x00000000098e7000 	/System/Library/Frameworks/CoreServices.framework/Versions/A/Frameworks/OSServices.framework/Versions/A/OSServices
0x00000000098e7000 	/System/Library/Frameworks/CoreServices.framework/Versions/A/Frameworks/SearchKit.framework/Versions/A/SearchKit
0x00000000098e7000 	/System/Library/Frameworks/CoreServices.framework/Versions/A/Frameworks/AE.framework/Versions/A/AE
0x00000000098e7000 	/System/Library/Frameworks/CoreServices.framework/Versions/A/Frameworks/LaunchServices.framework/Versions/A/LaunchServices
0x00000000098e7000 	/System/Library/Frameworks/CoreServices.framework/Versions/A/Frameworks/DictionaryServices.framework/Versions/A/DictionaryServices
0x00000000098e7000 	/System/Library/Frameworks/NetFS.framework/Versions/A/NetFS
0x00000000098e7000 	/System/Library/PrivateFrameworks/NetAuth.framework/Versions/A/NetAuth
0x00000000098e7000 	/System/Library/PrivateFrameworks/login.framework/Versions/A/Frameworks/loginsupport.framework/Versions/A/loginsupport
0x00000000098e7000 	/System/Library/PrivateFrameworks/TCC.framework/Versions/A/TCC
0x00000000098e7000 	/usr/lib/libmecabra.dylib
0x00000000098e7000 	/System/Library/Frameworks/ApplicationServices.framework/Versions/A/Frameworks/ATS.framework/Versions/A/ATS
0x00000000098e7000 	/System/Library/Frameworks/ApplicationServices.framework/Versions/A/Frameworks/ColorSync.framework/Versions/A/ColorSync
0x00000000098e7000 	/System/Library/Frameworks/ApplicationServices.framework/Versions/A/Frameworks/HIServices.framework/Versions/A/HIServices
0x00000000098e7000 	/System/Library/Frameworks/ApplicationServices.framework/Versions/A/Frameworks/LangAnalysis.framework/Versions/A/LangAnalysis
0x00000000098e7000 	/System/Library/Frameworks/ApplicationServices.framework/Versions/A/Frameworks/PrintCore.framework/Versions/A/PrintCore
0x00000000098e7000 	/System/Library/Frameworks/ApplicationServices.framework/Versions/A/Frameworks/QD.framework/Versions/A/QD
0x00000000098e7000 	/System/Library/Frameworks/ApplicationServices.framework/Versions/A/Frameworks/SpeechSynthesis.framework/Versions/A/SpeechSynthesis
0x00000000098e7000 	/System/Library/Frameworks/Accelerate.framework/Versions/A/Accelerate
0x00000000098e7000 	/System/Library/Frameworks/Accelerate.framework/Versions/A/Frameworks/vImage.framework/Versions/A/vImage
0x00000000098e7000 	/System/Library/Frameworks/Accelerate.framework/Versions/A/Frameworks/vecLib.framework/Versions/A/vecLib
0x00000000098e7000 	/System/Library/Frameworks/Accelerate.framework/Versions/A/Frameworks/vecLib.framework/Versions/A/libvDSP.dylib
0x00000000098e7000 	/System/Library/Frameworks/Accelerate.framework/Versions/A/Frameworks/vecLib.framework/Versions/A/libvMisc.dylib
0x00000000098e7000 	/System/Library/Frameworks/Accelerate.framework/Versions/A/Frameworks/vecLib.framework/Versions/A/libLAPACK.dylib
0x00000000098e7000 	/System/Library/Frameworks/Accelerate.framework/Versions/A/Frameworks/vecLib.framework/Versions/A/libBLAS.dylib
0x00000000098e7000 	/System/Library/Frameworks/Accelerate.framework/Versions/A/Frameworks/vecLib.framework/Versions/A/libLinearAlgebra.dylib
0x00000000098e7000 	/System/Library/Frameworks/ApplicationServices.framework/Versions/A/Frameworks/ATS.framework/Versions/A/Resources/libFontParser.dylib
0x00000000098e7000 	/System/Library/Frameworks/ApplicationServices.framework/Versions/A/Frameworks/ATS.framework/Versions/A/Resources/libFontRegistry.dylib
0x00000000098e7000 	/System/Library/PrivateFrameworks/AppleVPA.framework/Versions/A/AppleVPA
0x00000000098e7000 	/System/Library/PrivateFrameworks/AppleJPEG.framework/Versions/A/AppleJPEG
0x00000000098e7000 	/System/Library/Frameworks/ImageIO.framework/Versions/A/Resources/libJPEG.dylib
0x00000000098e7000 	/System/Library/Frameworks/ImageIO.framework/Versions/A/Resources/libTIFF.dylib
0x00000000098e7000 	/System/Library/Frameworks/ImageIO.framework/Versions/A/Resources/libPng.dylib
0x00000000098e7000 	/System/Library/Frameworks/ImageIO.framework/Versions/A/Resources/libGIF.dylib
0x00000000098e7000 	/System/Library/Frameworks/ImageIO.framework/Versions/A/Resources/libJP2.dylib
0x00000000098e7000 	/System/Library/Frameworks/ImageIO.framework/Versions/A/Resources/libRadiance.dylib
0x00000000098e7000 	/System/Library/Frameworks/CoreVideo.framework/Versions/A/CoreVideo
0x00000000098e7000 	/System/Library/Frameworks/OpenGL.framework/Versions/A/Libraries/libGLU.dylib
0x00000000098e7000 	/System/Library/Frameworks/OpenGL.framework/Versions/A/Libraries/libGFXShared.dylib
0x00000000098e7000 	/System/Library/Frameworks/OpenGL.framework/Versions/A/Libraries/libGL.dylib
0x00000000098e7000 	/System/Library/Frameworks/OpenGL.framework/Versions/A/Libraries/libGLImage.dylib
0x00000000098e7000 	/System/Library/Frameworks/OpenGL.framework/Versions/A/Libraries/libCVMSPluginSupport.dylib
0x00000000098e7000 	/System/Library/Frameworks/OpenGL.framework/Versions/A/Libraries/libCoreVMClient.dylib
0x00000000098e7000 	/usr/lib/libcups.2.dylib
0x00000000098e7000 	/System/Library/Frameworks/Kerberos.framework/Versions/A/Kerberos
0x00000000098e7000 	/System/Library/Frameworks/GSS.framework/Versions/A/GSS
0x00000000098e7000 	/usr/lib/libresolv.9.dylib
0x00000000098e7000 	/usr/lib/libiconv.2.dylib
0x00000000098e7000 	/System/Library/PrivateFrameworks/Heimdal.framework/Versions/A/Heimdal
0x00000000098e7000 	/usr/lib/libheimdal-asn1.dylib
0x00000000098e7000 	/System/Library/Frameworks/OpenDirectory.framework/Versions/A/OpenDirectory
0x00000000098e7000 	/System/Library/PrivateFrameworks/CommonAuth.framework/Versions/A/CommonAuth
0x00000000098e7000 	/System/Library/Frameworks/OpenDirectory.framework/Versions/A/Frameworks/CFOpenDirectory.framework/Versions/A/CFOpenDirectory
0x00000000098e7000 	/System/Library/Frameworks/SecurityFoundation.framework/Versions/A/SecurityFoundation
0x00000000098e7000 	/System/Library/PrivateFrameworks/LanguageModeling.framework/Versions/A/LanguageModeling
0x00000000098e7000 	/usr/lib/libcmph.dylib
0x00000000098e7000 	/System/Library/Frameworks/ServiceManagement.framework/Versions/A/ServiceManagement
0x00000000098e7000 	/usr/lib/libxslt.1.dylib
0x00000000098e7000 	/System/Library/Frameworks/Carbon.framework/Versions/A/Frameworks/Ink.framework/Versions/A/Ink
0x00000000098e7000 	/System/Library/Frameworks/QuartzCore.framework/Versions/A/Frameworks/CoreImage.framework/Versions/A/CoreImage
0x00000000098e7000 	/System/Library/PrivateFrameworks/CrashReporterSupport.framework/Versions/A/CrashReporterSupport
0x00000000098e7000 	/System/Library/Frameworks/OpenCL.framework/Versions/A/OpenCL
0x00000000098e7000 	/System/Library/PrivateFrameworks/FaceCore.framework/Versions/A/FaceCore
0x00000000098e7000 	/System/Library/PrivateFrameworks/Ubiquity.framework/Versions/A/Ubiquity
0x00000000098e7000 	/System/Library/PrivateFrameworks/IconServices.framework/Versions/A/IconServices
0x00000000098e7000 	/System/Library/PrivateFrameworks/ChunkingLibrary.framework/Versions/A/ChunkingLibrary
0x00000000098e7000 	/System/Library/PrivateFrameworks/Apple80211.framework/Versions/A/Apple80211
0x00000000098e7000 	/System/Library/Frameworks/CoreWLAN.framework/Versions/A/CoreWLAN
0x00000000098e7000 	/System/Library/Frameworks/IOBluetooth.framework/Versions/A/IOBluetooth
0x00000000098e7000 	/System/Library/PrivateFrameworks/CoreWiFi.framework/Versions/A/CoreWiFi
0x00000000098e7000 	/System/Library/Frameworks/CoreBluetooth.framework/Versions/A/CoreBluetooth
0x00000000098e7000 	/System/Library/PrivateFrameworks/DebugSymbols.framework/Versions/A/DebugSymbols
0x00000000098e7000 	/System/Library/PrivateFrameworks/CoreSymbolication.framework/Versions/A/CoreSymbolication
0x00000000098e7000 	/System/Library/PrivateFrameworks/Symbolication.framework/Versions/A/Symbolication
0x00000000098e7000 	/System/Library/PrivateFrameworks/SpeechRecognitionCore.framework/Versions/A/SpeechRecognitionCore
0x0000000106e00000 	/Library/Java/JavaVirtualMachines/jdk1.8.0_05.jdk/Contents/Home/jre/lib/server/libjvm.dylib
0x00000000098e7000 	/usr/lib/libstdc++.6.dylib
0x000000010659d000 	/Library/Java/JavaVirtualMachines/jdk1.8.0_05.jdk/Contents/Home/jre/lib/libverify.dylib
0x00000001065ab000 	/Library/Java/JavaVirtualMachines/jdk1.8.0_05.jdk/Contents/Home/jre/lib/libjava.dylib
0x00000001065e9000 	/Library/Java/JavaVirtualMachines/jdk1.8.0_05.jdk/Contents/Home/jre/lib/libzip.dylib
0x000000011de37000 	/System/Library/Frameworks/JavaVM.framework/Frameworks/JavaRuntimeSupport.framework/JavaRuntimeSupport
0x000000011de4f000 	/System/Library/Frameworks/JavaVM.framework/Versions/A/Frameworks/JavaNativeFoundation.framework/Versions/A/JavaNativeFoundation
0x00000001065f3000 	/System/Library/Frameworks/JavaVM.framework/Versions/A/JavaVM
0x00000000098e7000 	/System/Library/Frameworks/Carbon.framework/Versions/A/Carbon
0x000000011de64000 	/System/Library/PrivateFrameworks/JavaLaunching.framework/Versions/A/JavaLaunching
0x00000000098e7000 	/System/Library/Frameworks/Carbon.framework/Versions/A/Frameworks/CommonPanels.framework/Versions/A/CommonPanels
0x00000000098e7000 	/System/Library/Frameworks/Carbon.framework/Versions/A/Frameworks/Help.framework/Versions/A/Help
0x00000000098e7000 	/System/Library/Frameworks/Carbon.framework/Versions/A/Frameworks/ImageCapture.framework/Versions/A/ImageCapture
0x00000000098e7000 	/System/Library/Frameworks/Carbon.framework/Versions/A/Frameworks/OpenScripting.framework/Versions/A/OpenScripting
0x00000000098e7000 	/System/Library/Frameworks/Carbon.framework/Versions/A/Frameworks/Print.framework/Versions/A/Print
0x00000000098e7000 	/System/Library/Frameworks/Carbon.framework/Versions/A/Frameworks/SecurityHI.framework/Versions/A/SecurityHI
0x000000011feb6000 	/Applications/IntelliJ IDEA 14.app/Contents/bin/libbreakgen64.jnilib
0x0000000120061000 	/Library/Java/JavaVirtualMachines/jdk1.8.0_05.jdk/Contents/Home/jre/lib/libnet.dylib
0x00000001202c5000 	/Library/Java/JavaVirtualMachines/jdk1.8.0_05.jdk/Contents/Home/jre/lib/libprism_es2.dylib
0x00000000098e7000 	/System/Library/Frameworks/OpenGL.framework/Versions/A/Resources/GLEngine.bundle/GLEngine
0x00000000098e7000 	/System/Library/Frameworks/OpenGL.framework/Versions/A/Libraries/libGLProgrammability.dylib
0x0000000000000000 	/System/Library/Extensions/AppleIntelHD5000GraphicsGLDriver.bundle/Contents/MacOS/AppleIntelHD5000GraphicsGLDriver
0x00000000098e7000 	/System/Library/PrivateFrameworks/IOAccelerator.framework/Versions/A/IOAccelerator
0x00000000098e7000 	/System/Library/PrivateFrameworks/GPUSupport.framework/Versions/A/Libraries/libGPUSupportMercury.dylib
0x00000000098e7000 	/System/Library/Frameworks/OpenGL.framework/Versions/A/Resources/GLRendererFloat.bundle/GLRendererFloat
0x00000000098e7000 	/System/Library/Frameworks/OpenCL.framework/Versions/A/Libraries/libcldcpuengine.dylib
0x00000000098e7000 	/System/Library/PrivateFrameworks/DiskImages.framework/Versions/A/DiskImages
0x00000000098e7000 	/System/Library/Frameworks/DiscRecording.framework/Versions/A/DiscRecording
0x00000000098e7000 	/usr/lib/libcsfde.dylib
0x00000000098e7000 	/usr/lib/libcurl.4.dylib
0x00000000098e7000 	/System/Library/PrivateFrameworks/MediaKit.framework/Versions/A/MediaKit
0x00000000098e7000 	/System/Library/PrivateFrameworks/ProtectedCloudStorage.framework/Versions/A/ProtectedCloudStorage
0x00000000098e7000 	/usr/lib/libCoreStorage.dylib
0x00000000098e7000 	/System/Library/PrivateFrameworks/EFILogin.framework/Versions/A/EFILogin
0x00000000098e7000 	/usr/lib/libutil.dylib
0x00000000098e7000 	/System/Library/PrivateFrameworks/FindMyDevice.framework/Versions/A/FindMyDevice
0x00000000098e7000 	/System/Library/Frameworks/LDAP.framework/Versions/A/LDAP
0x00000000098e7000 	/usr/lib/libsasl2.2.dylib
0x00000000098e7000 	/System/Library/PrivateFrameworks/CoreDaemon.framework/Versions/B/CoreDaemon
0x00000000098e7000 	/usr/lib/libcrypto.0.9.8.dylib
0x00000000098e7000 	/System/Library/PrivateFrameworks/AppleSRP.framework/Versions/A/AppleSRP
0x00000000098e7000 	/System/Library/PrivateFrameworks/TrustEvaluationAgent.framework/Versions/A/TrustEvaluationAgent
0x0000000120776000 	/Library/Java/JavaVirtualMachines/jdk1.8.0_05.jdk/Contents/Home/jre/lib/libglass.dylib
0x00000000098e7000 	/System/Library/PrivateFrameworks/CoreServicesInternal.framework/Versions/A/CoreServicesInternal
0x00000000098e7000 	/System/Library/PrivateFrameworks/CloudDocs.framework/Versions/A/CloudDocs
0x00000000098e7000 	/System/Library/PrivateFrameworks/CoreDuet.framework/Versions/A/CoreDuet
0x00000000098e7000 	/System/Library/Frameworks/CloudKit.framework/Versions/A/CloudKit
0x00000000098e7000 	/System/Library/PrivateFrameworks/ProtocolBuffer.framework/Versions/A/ProtocolBuffer
0x00000000098e7000 	/System/Library/PrivateFrameworks/CoreDuetDaemonProtocol.framework/Versions/A/CoreDuetDaemonProtocol
0x00000000098e7000 	/System/Library/PrivateFrameworks/CoreDuetDebugLogging.framework/Versions/A/CoreDuetDebugLogging
0x00000000098e7000 	/System/Library/PrivateFrameworks/MMCS.framework/Versions/A/MMCS
0x00000000098e7000 	/System/Library/Frameworks/CoreLocation.framework/Versions/A/CoreLocation
0x00000000098e7000 	/System/Library/PrivateFrameworks/GeoServices.framework/Versions/A/GeoServices
0x00000000098e7000 	/System/Library/Frameworks/CoreGraphics.framework/Versions/A/Resources/libCGCMS.A.dylib
0x00000000098e7000 	/System/Library/CoreServices/RawCamera.bundle/Contents/MacOS/RawCamera
0x00000000098e7000 	/System/Library/Frameworks/CoreGraphics.framework/Versions/A/Resources/libRIP.A.dylib
0x00000000098e7000 	/System/Library/PrivateFrameworks/FamilyControls.framework/Versions/A/FamilyControls
0x00000000098e7000 	/System/Library/PrivateFrameworks/CommerceKit.framework/Versions/A/Frameworks/CommerceCore.framework/Versions/A/CommerceCore
0x00000000098e7000 	/System/Library/PrivateFrameworks/SystemAdministration.framework/Versions/A/SystemAdministration
0x00000000098e7000 	/System/Library/PrivateFrameworks/AppContainer.framework/Versions/A/AppContainer
0x00000000098e7000 	/System/Library/PrivateFrameworks/SecCodeWrapper.framework/Versions/A/SecCodeWrapper
0x00000000098e7000 	/System/Library/Frameworks/DirectoryService.framework/Versions/A/DirectoryService
0x00000000098e7000 	/System/Library/PrivateFrameworks/LoginUIKit.framework/Versions/A/Frameworks/LoginUICore.framework/Versions/A/LoginUICore
0x00000000098e7000 	/usr/lib/libodfde.dylib
0x0000000124672000 	/Library/Java/JavaVirtualMachines/jdk1.8.0_05.jdk/Contents/Home/jre/lib/libjavafx_font.dylib
0x00000000098e7000 	/System/Library/Frameworks/CoreGraphics.framework/Versions/A/Resources/libCGXType.A.dylib
0x0000000126109000 	cl_kernels
0x0000000128ce8000 	/System/Library/Frameworks/OpenCL.framework/Versions/A/Libraries/ImageFormats/unorm8_bgra.dylib
0x0000000126123000 	cl_kernels
0x0000000126125000 	/Library/Java/JavaVirtualMachines/jdk1.8.0_05.jdk/Contents/Home/jre/lib/libprism_common.dylib

VM Arguments:
jvm_args: -Didea.launcher.port=7534 -Didea.launcher.bin.path=/Applications/IntelliJ IDEA 14.app/Contents/bin -Dfile.encoding=UTF-8 
java_command: com.intellij.rt.execution.application.AppMain edu.gu.maze.Main
java_class_path (initial): /Library/Java/JavaVirtualMachines/jdk1.8.0_05.jdk/Contents/Home/lib/ant-javafx.jar:/Library/Java/JavaVirtualMachines/jdk1.8.0_05.jdk/Contents/Home/lib/dt.jar:/Library/Java/JavaVirtualMachines/jdk1.8.0_05.jdk/Contents/Home/lib/javafx-mx.jar:/Library/Java/JavaVirtualMachines/jdk1.8.0_05.jdk/Contents/Home/lib/jconsole.jar:/Library/Java/JavaVirtualMachines/jdk1.8.0_05.jdk/Contents/Home/lib/sa-jdi.jar:/Library/Java/JavaVirtualMachines/jdk1.8.0_05.jdk/Contents/Home/lib/tools.jar:/Library/Java/JavaVirtualMachines/jdk1.8.0_05.jdk/Contents/Home/jre/lib/charsets.jar:/Library/Java/JavaVirtualMachines/jdk1.8.0_05.jdk/Contents/Home/jre/lib/deploy.jar:/Library/Java/JavaVirtualMachines/jdk1.8.0_05.jdk/Contents/Home/jre/lib/htmlconverter.jar:/Library/Java/JavaVirtualMachines/jdk1.8.0_05.jdk/Contents/Home/jre/lib/javaws.jar:/Library/Java/JavaVirtualMachines/jdk1.8.0_05.jdk/Contents/Home/jre/lib/jce.jar:/Library/Java/JavaVirtualMachines/jdk1.8.0_05.jdk/Contents/Home/jre/lib/jfr.jar:/Library/Java/JavaVirtualMachines/jdk1.8.0_05.jdk/Contents/Home/jre/lib/jfxswt.jar:/Library/Java/JavaVirtualMachines/jdk1.8.0_05.jdk/Contents/Home/jre/lib/jsse.jar:/Library/Java/JavaVirtualMachines/jdk1.8.0_05.jdk/Contents/Home/jre/lib/management-agent.jar:/Library/Java/JavaVirtualMachines/jdk1.8.0_05.jdk/Contents/Home/jre/lib/plugin.jar:/Library/Java/JavaVirtualMachines/jdk1.8.0_05.jdk/Contents/Home/jre/lib/resources.jar:/Library/Java/JavaVirtualMachines/jdk1.8.0_05.jdk/Contents/Home/jre/lib/rt.jar:/Library/Java/JavaVirtualMachines/jdk1.8.0_05.jdk/Contents/Home/jre/lib/ext/cldrdata.jar:/Library/Java/JavaVirtualMachines/jdk1.8.0_05.jdk/Contents/Home/jre/lib/ext/dnsns.jar:/Library/Java/JavaVirtualMachines/jdk1.8.0_05.jdk/Contents/Home/jre/lib/ext/jfxrt.jar:/Library/Java/JavaVirtualMachines/jdk1.8.0_05.jdk/Contents/Home/jre/lib/ext/localedata.jar:/Library/Java/JavaVirtualMachines/jdk1.8.0_05.jdk/Contents/Home/jre/lib/ext/nashorn.jar:/Library/Java/JavaVirtualMachines/jdk1.8.0_05.j
Launcher Type: SUN_STANDARD

Environment Variables:
PATH=/usr/local/bin:/usr/bin:/bin:/usr/sbin:/sbin:/opt/X11/bin:/usr/local/git/bin
SHELL=/bin/bash
DISPLAY=/private/tmp/com.apple.launchd.rUCf544uaH/org.macosforge.xquartz:0

Signal Handlers:
SIGSEGV: [libjvm.dylib+0x55f7df], sa_mask[0]=0xfffefeff, sa_flags=0x00000043
SIGBUS: [libjvm.dylib+0x55f7df], sa_mask[0]=0xfffefeff, sa_flags=0x00000042
SIGFPE: [libjvm.dylib+0x442cfa], sa_mask[0]=0xfffefeff, sa_flags=0x00000042
SIGPIPE: [libjvm.dylib+0x442cfa], sa_mask[0]=0xfffefeff, sa_flags=0x00000042
SIGXFSZ: [libjvm.dylib+0x442cfa], sa_mask[0]=0xfffefeff, sa_flags=0x00000042
SIGILL: [libjvm.dylib+0x442cfa], sa_mask[0]=0xfffefeff, sa_flags=0x00000042
SIGUSR1: SIG_DFL, sa_mask[0]=0x00000000, sa_flags=0x00000000
SIGUSR2: [libjvm.dylib+0x442818], sa_mask[0]=0x00000004, sa_flags=0x00000042
SIGHUP: [libjvm.dylib+0x440ba5], sa_mask[0]=0xfffefeff, sa_flags=0x00000042
SIGINT: [libjvm.dylib+0x440ba5], sa_mask[0]=0xfffefeff, sa_flags=0x00000042
SIGTERM: [libjvm.dylib+0x440ba5], sa_mask[0]=0xfffefeff, sa_flags=0x00000042
SIGQUIT: [libjvm.dylib+0x440ba5], sa_mask[0]=0xfffefeff, sa_flags=0x00000042


---------------  S Y S T E M  ---------------

OS:Bsduname:Darwin 14.3.0 Darwin Kernel Version 14.3.0: Mon Mar 23 11:59:05 PDT 2015; root:xnu-2782.20.48~5/RELEASE_X86_64 x86_64
rlimit: STACK 8192k, CORE 0k, NPROC 709, NOFILE 10240, AS infinity
load average:2.40 2.40 2.12

CPU:total 4 (2 cores per cpu, 2 threads per core) family 6 model 69 stepping 1, cmov, cx8, fxsr, mmx, sse, sse2, sse3, ssse3, sse4.1, sse4.2, popcnt, avx, avx2, aes, clmul, erms, ht, tsc, tscinvbit

Memory: 4k page, physical 8388608k(1045072k free)

/proc/meminfo:


vm_info: Java HotSpot(TM) 64-Bit Server VM (25.5-b02) for bsd-amd64 JRE (1.8.0_05-b13), built on Mar 18 2014 00:36:13 by "java_re" with gcc 4.2.1 (Based on Apple Inc. build 5658) (LLVM build 2336.11.00)

time: Mon Apr 27 10:51:07 2015
elapsed time: 16 seconds

