#
# A fatal error has been detected by the Java Runtime Environment:
#
#  SIGSEGV (0xb) at pc=0x00007fff9736f44f, pid=791, tid=1299
#
# JRE version: Java(TM) SE Runtime Environment (8.0_05-b13) (build 1.8.0_05-b13)
# Java VM: Java HotSpot(TM) 64-Bit Server VM (25.5-b02 mixed mode bsd-amd64 compressed oops)
# Problematic frame:
# C  [libobjc.A.dylib+0x944f]  objc_release+0xf
#
# Failed to write core dump. Core dumps have been disabled. To enable core dumping, try "ulimit -c unlimited" before starting Java again
#
# If you would like to submit a bug report, please visit:
#   http://bugreport.sun.com/bugreport/crash.jsp
# The crash happened outside the Java Virtual Machine in native code.
# See problematic frame for where to report the bug.
#

---------------  T H R E A D  ---------------

Current thread (0x00007fb5828d7000):  JavaThread "JavaFX Application Thread" [_thread_in_native, id=1299, stack(0x00007fff517e8000,0x00007fff51fe8000)]

siginfo:si_signo=SIGSEGV: si_errno=0, si_code=0 (SEGV0), si_addr=0x0000000000000000

Registers:
RAX=0xd000000000000000, RBX=0x00007fb582005010, RCX=0x00007fb582005080, RDX=0x00007fff51fe2838
RSP=0x00007fff51fe28c8, RBP=0x00007fff51fe2d10, RSI=0x0000000000000000, RDI=0x00007fb5817b9e40
R8 =0x000000000000007f, R9 =0x00007fb581755cc0, R10=0x00007fb582ac9cf0, R11=0x0000000127f50518
R12=0xa3a3a3a3a3a3a3a3, R13=0x00007fff7a1b0070, R14=0x00007fb582005078, R15=0x00007fb582005000
RIP=0x00007fff9736f44f, EFLAGS=0x0000000000010246, ERR=0x0000000000000000
  TRAPNO=0x000000000000000d

Top of Stack: (sp=0x00007fff51fe28c8)
0x00007fff51fe28c8:   00007fff9736de8f 00000000ffffffff
0x00007fff51fe28d8:   00007fb582005078 00000000004d5900
0x00007fff51fe28e8:   00007fff00000000 00007fff7b9f78e0
0x00007fff51fe28f8:   00007fff7b9f78e4 00007fff7b9f78e8
0x00007fff51fe2908:   00007fff96df847b 00007fff7b9f78e4
0x00007fff51fe2918:   00007fff7b9f78e8 00007fff7b9f78e0
0x00007fff51fe2928:   00007fff7b9ede90 00007fff9736f49a
0x00007fff51fe2938:   00007fff7b9ef0f0 0000000000000000
0x00007fff51fe2948:   00007fff96df847b 00007fff51fe29a0
0x00007fff51fe2958:   00007fff9737d92f 00007fb583b28110
0x00007fff51fe2968:   00007fff7b8aa930 00007fff7b9f9710
0x00007fff51fe2978:   00007fb583b28110 000000010dc36e00
0x00007fff51fe2988:   00007fb583b28170 00007fb583b28190
0x00007fff51fe2998:   0000000000000002 00007fb583b28170
0x00007fff51fe29a8:   000000010dc32000 00007fff51fe2a50
0x00007fff51fe29b8:   00007fff899224ff 00007fff51fe2a20
0x00007fff51fe29c8:   00007fff9738797a 00007fff51fe2a44
0x00007fff51fe29d8:   ffff804a7c4d7ef0 00007fb582a65100
0x00007fff51fe29e8:   00007fb582a65400 00007fb583bfc080
0x00007fff51fe29f8:   00007fb583b28170 0000000000000002
0x00007fff51fe2a08:   00007fb583b28190 00007fb583b00000
0x00007fff51fe2a18:   000000000dc30004 000000010dc32000
0x00007fff51fe2a28:   00007fb583b28110 00007fb583b28110
0x00007fff51fe2a38:   ffff804a7c4d7ef0 00007fb583b28110
0x00007fff51fe2a48:   0000000000000002 00007fff51fe2a70
0x00007fff51fe2a58:   00007fff9736d5b5 00007fff7b8aa930
0x00007fff51fe2a68:   00007fb5817e4c60 00007fff51fe2ad0
0x00007fff51fe2a78:   00007fff9674a3f4 00007fb583b28110
0x00007fff51fe2a88:   00007fff7b8aa930 00007fff7b4d00d0
0x00007fff51fe2a98:   000000010dc32000 00007fff51fe2b40
0x00007fff51fe2aa8:   00007fff899253ec 00007fb583b29d00
0x00007fff51fe2ab8:   0000000000000801 0000000000000001 

Instructions: (pc=0x00007fff9736f44f)
0x00007fff9736f42f:   c0 48 85 ff 74 04 48 8b 47 08 c3 90 90 90 90 90
0x00007fff9736f43f:   90 48 85 ff 74 06 40 f6 c7 01 74 01 c3 48 8b 07
0x00007fff9736f44f:   f6 40 20 02 74 0a be 01 00 00 00 e9 51 83 01 00
0x00007fff9736f45f:   48 8d 05 7a 86 68 e4 48 8b 30 e9 52 7c ff ff 90 

Register to memory mapping:

RAX=0xd000000000000000 is an unknown value
RBX=0x00007fb582005010 is an unknown value
RCX=0x00007fb582005080 is an unknown value
RDX=0x00007fff51fe2838 is pointing into the stack for thread: 0x00007fb5828d7000
RSP=0x00007fff51fe28c8 is pointing into the stack for thread: 0x00007fb5828d7000
RBP=0x00007fff51fe2d10 is pointing into the stack for thread: 0x00007fb5828d7000
RSI=0x0000000000000000 is an unknown value
RDI=0x00007fb5817b9e40 is an unknown value
R8 =0x000000000000007f is an unknown value
R9 =0x00007fb581755cc0 is an unknown value
R10=0x00007fb582ac9cf0 is an unknown value
R11=0x0000000127f50518: OBJC_CLASS_$_GlassLayer3D+0 in /Library/Java/JavaVirtualMachines/jdk1.8.0_05.jdk/Contents/Home/jre/lib/libglass.dylib at 0x0000000127f06000
R12=0xa3a3a3a3a3a3a3a3 is an unknown value
R13=0x00007fff7a1b0070: __stack_chk_guard+0 in /usr/lib/system/libsystem_c.dylib at 0x00007fff8ce43000
R14=0x00007fb582005078 is an unknown value
R15=0x00007fb582005000 is an unknown value


Stack: [0x00007fff517e8000,0x00007fff51fe8000],  sp=0x00007fff51fe28c8,  free space=8170k
Native frames: (J=compiled Java code, j=interpreted, Vv=VM code, C=native code)
C  [libobjc.A.dylib+0x944f]  objc_release+0xf
C  [CoreFoundation+0x3a6f2]  _CFAutoreleasePoolPop+0x32
C  [Foundation+0x20762]  -[NSAutoreleasePool drain]+0x99
C  [libglass.dylib+0x1f14e]  Java_com_sun_glass_ui_mac_MacView__1close+0x17e
j  com.sun.glass.ui.mac.MacView._close(J)Z+0
j  com.sun.glass.ui.View.close()V+53
j  com.sun.javafx.tk.quantum.ViewScene.dispose()V+17
j  javafx.scene.Scene.impl_disposePeer()V+29
j  javafx.stage.Window$9.invalidated()V+501
J 1750 C1 javafx.beans.property.BooleanPropertyBase.set(Z)V (35 bytes) @ 0x000000010fb1a1dc [0x000000010fb19f40+0x29c]
j  javafx.stage.Window.setShowing(Z)V+11
j  javafx.stage.Window.hide()V+2
j  com.sun.javafx.stage.WindowCloseRequestHandler.dispatchBubblingEvent(Ljavafx/event/Event;)Ljavafx/event/Event;+14
J 1318 C1 com.sun.javafx.event.CompositeEventDispatcher.dispatchBubblingEvent(Ljavafx/event/Event;)Ljavafx/event/Event; (35 bytes) @ 0x000000010f9fd054 [0x000000010f9fcea0+0x1b4]
J 1267 C1 com.sun.javafx.event.BasicEventDispatcher.dispatchEvent(Ljavafx/event/Event;Ljavafx/event/EventDispatchChain;)Ljavafx/event/Event; (44 bytes) @ 0x000000010f9e5ac4 [0x000000010f9e5800+0x2c4]
J 1134 C1 com.sun.javafx.event.EventDispatchChainImpl.dispatchEvent(Ljavafx/event/Event;)Ljavafx/event/Event; (101 bytes) @ 0x000000010f9a636c [0x000000010f9a61c0+0x1ac]
J 1543 C1 com.sun.javafx.event.EventUtil.fireEvent(Ljavafx/event/EventTarget;Ljavafx/event/Event;)Ljavafx/event/Event; (81 bytes) @ 0x000000010fa6fbac [0x000000010fa6f580+0x62c]
J 1542 C1 javafx.event.Event.fireEvent(Ljavafx/event/EventTarget;Ljavafx/event/Event;)V (35 bytes) @ 0x000000010fa70be4 [0x000000010fa70b20+0xc4]
j  com.sun.javafx.stage.WindowPeerListener.closing()V+18
j  com.sun.javafx.tk.quantum.GlassStage$2.run()Ljava/lang/Void;+7
j  com.sun.javafx.tk.quantum.GlassStage$2.run()Ljava/lang/Object;+1
v  ~StubRoutines::call_stub
V  [libjvm.dylib+0x2c5186]  JavaCalls::call_helper(JavaValue*, methodHandle*, JavaCallArguments*, Thread*)+0x6ae
V  [libjvm.dylib+0x31a912]  JVM_DoPrivileged+0x4b6
J 747  java.security.AccessController.doPrivileged(Ljava/security/PrivilegedAction;Ljava/security/AccessControlContext;)Ljava/lang/Object; (0 bytes) @ 0x000000010f8da7d5 [0x000000010f8da700+0xd5]
j  com.sun.javafx.tk.quantum.GlassStage.requestClosingAllWindows()V+100
j  com.sun.javafx.tk.quantum.QuantumToolkit$15.handleQuitAction(Lcom/sun/glass/ui/Application;J)V+0
j  com.sun.glass.ui.mac.MacApplication$7.action()V+19
v  ~StubRoutines::call_stub
V  [libjvm.dylib+0x2c5186]  JavaCalls::call_helper(JavaValue*, methodHandle*, JavaCallArguments*, Thread*)+0x6ae
V  [libjvm.dylib+0x2f9ff0]  jni_invoke_nonstatic(JNIEnv_*, JavaValue*, _jobject*, JNICallType, _jmethodID*, JNI_ArgumentPusher*, Thread*)+0x2fb
V  [libjvm.dylib+0x2ecc84]  jni_CallVoidMethod+0x16b
C  [libglass.dylib+0x15084]  -[GlassMenu action:]+0x84
C  [libsystem_trace.dylib+0xcd7]  _os_activity_initiate+0x4b
C  [AppKit+0x254fb1]  -[NSApplication sendAction:to:from:]+0x1c4
C  [AppKit+0x254d4e]  -[NSMenuItem _corePerformAction]+0x17e
C  [AppKit+0x254a7c]  -[NSCarbonMenuImpl performActionWithHighlightingForItemAtIndex:]+0x72
C  [libsystem_trace.dylib+0xcd7]  _os_activity_initiate+0x4b
C  [AppKit+0x2539ad]  -[NSMenu performKeyEquivalent:]+0x167
C  [AppKit+0x252b6f]  -[NSApplication _handleKeyEquivalent:]+0x398
C  [AppKit+0x15d93a]  -[NSApplication sendEvent:]+0xff0
C  [AppKit+0x86c68]  -[NSApplication run]+0x2c7
C  [libglass.dylib+0xbfb5]  -[GlassApplication runLoop:]+0x6a5
C  [Foundation+0x92d00]  __NSThreadPerformPerform+0x125
C  [CoreFoundation+0x80a01]  __CFRUNLOOP_IS_CALLING_OUT_TO_A_SOURCE0_PERFORM_FUNCTION__+0x11
C  [CoreFoundation+0x72b8d]  __CFRunLoopDoSources0+0x10d
C  [CoreFoundation+0x721bf]  __CFRunLoopRun+0x39f
C  [CoreFoundation+0x71bd8]  CFRunLoopRunSpecific+0x128
C  [java+0x56cb]  CreateExecutionEnvironment+0x367
C  [java+0x166c]  JLI_Launch+0x7a0
C  [java+0x7689]  main+0x65
C  [java+0xec4]  start+0x34

Java frames: (J=compiled Java code, j=interpreted, Vv=VM code)
j  com.sun.glass.ui.mac.MacView._close(J)Z+0
j  com.sun.glass.ui.View.close()V+53
j  com.sun.javafx.tk.quantum.ViewScene.dispose()V+17
j  javafx.scene.Scene.impl_disposePeer()V+29
j  javafx.stage.Window$9.invalidated()V+501
J 1750 C1 javafx.beans.property.BooleanPropertyBase.set(Z)V (35 bytes) @ 0x000000010fb1a1dc [0x000000010fb19f40+0x29c]
j  javafx.stage.Window.setShowing(Z)V+11
j  javafx.stage.Window.hide()V+2
j  com.sun.javafx.stage.WindowCloseRequestHandler.dispatchBubblingEvent(Ljavafx/event/Event;)Ljavafx/event/Event;+14
J 1318 C1 com.sun.javafx.event.CompositeEventDispatcher.dispatchBubblingEvent(Ljavafx/event/Event;)Ljavafx/event/Event; (35 bytes) @ 0x000000010f9fd054 [0x000000010f9fcea0+0x1b4]
J 1267 C1 com.sun.javafx.event.BasicEventDispatcher.dispatchEvent(Ljavafx/event/Event;Ljavafx/event/EventDispatchChain;)Ljavafx/event/Event; (44 bytes) @ 0x000000010f9e5ac4 [0x000000010f9e5800+0x2c4]
J 1134 C1 com.sun.javafx.event.EventDispatchChainImpl.dispatchEvent(Ljavafx/event/Event;)Ljavafx/event/Event; (101 bytes) @ 0x000000010f9a636c [0x000000010f9a61c0+0x1ac]
J 1543 C1 com.sun.javafx.event.EventUtil.fireEvent(Ljavafx/event/EventTarget;Ljavafx/event/Event;)Ljavafx/event/Event; (81 bytes) @ 0x000000010fa6fbac [0x000000010fa6f580+0x62c]
J 1542 C1 javafx.event.Event.fireEvent(Ljavafx/event/EventTarget;Ljavafx/event/Event;)V (35 bytes) @ 0x000000010fa70be4 [0x000000010fa70b20+0xc4]
j  com.sun.javafx.stage.WindowPeerListener.closing()V+18
j  com.sun.javafx.tk.quantum.GlassStage$2.run()Ljava/lang/Void;+7
j  com.sun.javafx.tk.quantum.GlassStage$2.run()Ljava/lang/Object;+1
v  ~StubRoutines::call_stub
J 747  java.security.AccessController.doPrivileged(Ljava/security/PrivilegedAction;Ljava/security/AccessControlContext;)Ljava/lang/Object; (0 bytes) @ 0x000000010f8da763 [0x000000010f8da700+0x63]
j  com.sun.javafx.tk.quantum.GlassStage.requestClosingAllWindows()V+100
j  com.sun.javafx.tk.quantum.QuantumToolkit$15.handleQuitAction(Lcom/sun/glass/ui/Application;J)V+0
j  com.sun.glass.ui.mac.MacApplication$7.action()V+19
v  ~StubRoutines::call_stub

---------------  P R O C E S S  ---------------

Java Threads: ( => current thread )
  0x00007fb58197f000 JavaThread "Prism Font Disposer" daemon [_thread_blocked, id=49427, stack(0x000000012c2a7000,0x000000012c3a7000)]
  0x00007fb5830cb800 JavaThread "Thread-4" daemon [_thread_in_native, id=36615, stack(0x000000012a6d7000,0x000000012a757000)]
=>0x00007fb5828d7000 JavaThread "JavaFX Application Thread" [_thread_in_native, id=1299, stack(0x00007fff517e8000,0x00007fff51fe8000)]
  0x00007fb5818dc000 JavaThread "Thread-2" daemon [_thread_blocked, id=25107, stack(0x0000000127f71000,0x0000000128071000)]
  0x00007fb58201a000 JavaThread "QuantumRenderer-0" daemon [_thread_blocked, id=20227, stack(0x0000000127953000,0x0000000127a53000)]
  0x00007fb581896000 JavaThread "JavaFX-Launcher" [_thread_blocked, id=19715, stack(0x0000000127850000,0x0000000127950000)]
  0x00007fb58200e800 JavaThread "Monitor Ctrl-Break" daemon [_thread_in_native, id=19203, stack(0x000000012764a000,0x000000012774a000)]
  0x00007fb581844800 JavaThread "Service Thread" daemon [_thread_blocked, id=18179, stack(0x00000001272e9000,0x00000001273e9000)]
  0x00007fb582824000 JavaThread "C1 CompilerThread2" daemon [_thread_blocked, id=17667, stack(0x00000001271e6000,0x00000001272e6000)]
  0x00007fb582818800 JavaThread "C2 CompilerThread1" daemon [_thread_blocked, id=17155, stack(0x00000001270e3000,0x00000001271e3000)]
  0x00007fb58182a000 JavaThread "C2 CompilerThread0" daemon [_thread_blocked, id=16643, stack(0x0000000126fe0000,0x00000001270e0000)]
  0x00007fb581825000 JavaThread "Signal Dispatcher" daemon [_thread_blocked, id=13331, stack(0x0000000126edd000,0x0000000126fdd000)]
  0x00007fb58181f800 JavaThread "Finalizer" daemon [_thread_blocked, id=11523, stack(0x00000001254c7000,0x00000001255c7000)]
  0x00007fb58181e800 JavaThread "Reference Handler" daemon [_thread_blocked, id=11011, stack(0x00000001253c4000,0x00000001254c4000)]
  0x00007fb582800800 JavaThread "main" [_thread_blocked, id=3331, stack(0x000000010ebd7000,0x000000010ecd7000)]

Other Threads:
  0x00007fb58181a000 VMThread [stack: 0x00000001252c1000,0x00000001253c1000] [id=10499]
  0x00007fb581820000 WatcherThread [stack: 0x00000001273ec000,0x00000001274ec000] [id=18691]

VM state:not at safepoint (normal execution)

VM Mutex/Monitor currently owned by a thread: None

Heap:
 PSYoungGen      total 17408K, used 9425K [0x0000000795580000, 0x0000000796b80000, 0x00000007c0000000)
  eden space 13312K, 59% used [0x0000000795580000,0x0000000795d2c418,0x0000000796280000)
  from space 4096K, 38% used [0x0000000796780000,0x0000000796908000,0x0000000796b80000)
  to   space 4608K, 0% used [0x0000000796280000,0x0000000796280000,0x0000000796700000)
 ParOldGen       total 129536K, used 10307K [0x0000000740000000, 0x0000000747e80000, 0x0000000795580000)
  object space 129536K, 7% used [0x0000000740000000,0x0000000740a10f00,0x0000000747e80000)
 Metaspace       used 14707K, capacity 14878K, committed 15104K, reserved 1062912K
  class space    used 2187K, capacity 2240K, committed 2304K, reserved 1048576K

Card table byte_map: [0x000000011e9c0000,0x000000011edc1000] byte_map_base: 0x000000011afc0000

Marking Bits: (ParMarkBitMap*) 0x000000010e57c0a0
 Begin Bits: [0x000000011f478000, 0x0000000121478000)
 End Bits:   [0x0000000121478000, 0x0000000123478000)

Polling page: 0x000000010ed32000

CodeCache: size=245760Kb used=5669Kb max_used=5669Kb free=240090Kb
 bounds [0x000000010f600000, 0x000000010fb90000, 0x000000011e600000]
 total_blobs=2517 nmethods=1901 adapters=531
 compilation: enabled

Compilation events (10 events):
Event: 17.634 Thread 0x00007fb582824000 1897       1       com.sun.javafx.geom.transform.BaseTransform::getMxy (2 bytes)
Event: 17.634 Thread 0x00007fb582824000 nmethod 1897 0x000000010fb7a1d0 code [0x000000010fb7a320, 0x000000010fb7a430]
Event: 17.644 Thread 0x00007fb582824000 1898       3       com.sun.prism.impl.BaseContext::getMaskTexture (178 bytes)
Event: 17.646 Thread 0x00007fb582824000 nmethod 1898 0x000000010fb8a610 code [0x000000010fb8a840, 0x000000010fb8b508]
Event: 18.416 Thread 0x00007fb582824000 1899       3       javafx.beans.property.ReadOnlyBooleanWrapper::fireValueChangedEvent (15 bytes)
Event: 18.416 Thread 0x00007fb582824000 nmethod 1899 0x000000010fb8b9d0 code [0x000000010fb8bb60, 0x000000010fb8bf08]
Event: 21.319 Thread 0x00007fb582824000 1900       1       javafx.scene.input.KeyCode::impl_getCode (5 bytes)
Event: 21.319 Thread 0x00007fb582824000 nmethod 1900 0x000000010fb77050 code [0x000000010fb771a0, 0x000000010fb772b0]
Event: 21.594 Thread 0x00007fb582824000 1901       1       com.sun.javafx.event.BasicEventDispatcher::dispatchCapturingEvent (2 bytes)
Event: 21.595 Thread 0x00007fb582824000 nmethod 1901 0x000000010fb8c0d0 code [0x000000010fb8c220, 0x000000010fb8c330]

GC Heap History (10 events):
Event: 0.367 GC heap before
{Heap before GC invocations=6 (full 0):
 PSYoungGen      total 2560K, used 2525K [0x0000000795580000, 0x0000000795c80000, 0x00000007c0000000)
  eden space 2048K, 99% used [0x0000000795580000,0x000000079577f4f0,0x0000000795780000)
  from space 512K, 93% used [0x0000000795780000,0x00000007957f8030,0x0000000795800000)
  to   space 1536K, 0% used [0x0000000795b00000,0x0000000795b00000,0x0000000795c80000)
 ParOldGen       total 129536K, used 948K [0x0000000740000000, 0x0000000747e80000, 0x0000000795580000)
  object space 129536K, 0% used [0x0000000740000000,0x00000007400ed020,0x0000000747e80000)
 Metaspace       used 5777K, capacity 6822K, committed 6912K, reserved 1056768K
  class space    used 688K, capacity 718K, committed 768K, reserved 1048576K
Event: 0.371 GC heap after
Heap after GC invocations=6 (full 0):
 PSYoungGen      total 5120K, used 624K [0x0000000795580000, 0x0000000795c00000, 0x00000007c0000000)
  eden space 4096K, 0% used [0x0000000795580000,0x0000000795580000,0x0000000795980000)
  from space 1024K, 60% used [0x0000000795b00000,0x0000000795b9c020,0x0000000795c00000)
  to   space 1024K, 0% used [0x0000000795a00000,0x0000000795a00000,0x0000000795b00000)
 ParOldGen       total 129536K, used 948K [0x0000000740000000, 0x0000000747e80000, 0x0000000795580000)
  object space 129536K, 0% used [0x0000000740000000,0x00000007400ed020,0x0000000747e80000)
 Metaspace       used 5777K, capacity 6822K, committed 6912K, reserved 1056768K
  class space    used 688K, capacity 718K, committed 768K, reserved 1048576K
}
Event: 0.475 GC heap before
{Heap before GC invocations=7 (full 0):
 PSYoungGen      total 5120K, used 4720K [0x0000000795580000, 0x0000000795c00000, 0x00000007c0000000)
  eden space 4096K, 100% used [0x0000000795580000,0x0000000795980000,0x0000000795980000)
  from space 1024K, 60% used [0x0000000795b00000,0x0000000795b9c020,0x0000000795c00000)
  to   space 1024K, 0% used [0x0000000795a00000,0x0000000795a00000,0x0000000795b00000)
 ParOldGen       total 129536K, used 948K [0x0000000740000000, 0x0000000747e80000, 0x0000000795580000)
  object space 129536K, 0% used [0x0000000740000000,0x00000007400ed020,0x0000000747e80000)
 Metaspace       used 7436K, capacity 8060K, committed 8192K, reserved 1056768K
  class space    used 950K, capacity 988K, committed 1024K, reserved 1048576K
Event: 0.478 GC heap after
Heap after GC invocations=7 (full 0):
 PSYoungGen      total 5632K, used 992K [0x0000000795580000, 0x0000000796080000, 0x00000007c0000000)
  eden space 4608K, 0% used [0x0000000795580000,0x0000000795580000,0x0000000795a00000)
  from space 1024K, 96% used [0x0000000795a00000,0x0000000795af8010,0x0000000795b00000)
  to   space 1536K, 0% used [0x0000000795f00000,0x0000000795f00000,0x0000000796080000)
 ParOldGen       total 129536K, used 1377K [0x0000000740000000, 0x0000000747e80000, 0x0000000795580000)
  object space 129536K, 1% used [0x0000000740000000,0x0000000740158450,0x0000000747e80000)
 Metaspace       used 7436K, capacity 8060K, committed 8192K, reserved 1056768K
  class space    used 950K, capacity 988K, committed 1024K, reserved 1048576K
}
Event: 0.639 GC heap before
{Heap before GC invocations=8 (full 0):
 PSYoungGen      total 5632K, used 5600K [0x0000000795580000, 0x0000000796080000, 0x00000007c0000000)
  eden space 4608K, 100% used [0x0000000795580000,0x0000000795a00000,0x0000000795a00000)
  from space 1024K, 96% used [0x0000000795a00000,0x0000000795af8010,0x0000000795b00000)
  to   space 1536K, 0% used [0x0000000795f00000,0x0000000795f00000,0x0000000796080000)
 ParOldGen       total 129536K, used 1377K [0x0000000740000000, 0x0000000747e80000, 0x0000000795580000)
  object space 129536K, 1% used [0x0000000740000000,0x0000000740158450,0x0000000747e80000)
 Metaspace       used 9509K, capacity 9688K, committed 9856K, reserved 1058816K
  class space    used 1283K, capacity 1302K, committed 1408K, reserved 1048576K
Event: 0.642 GC heap after
Heap after GC invocations=8 (full 0):
 PSYoungGen      total 9728K, used 1216K [0x0000000795580000, 0x0000000796180000, 0x00000007c0000000)
  eden space 8192K, 0% used [0x0000000795580000,0x0000000795580000,0x0000000795d80000)
  from space 1536K, 79% used [0x0000000795f00000,0x0000000796030010,0x0000000796080000)
  to   space 1536K, 0% used [0x0000000795d80000,0x0000000795d80000,0x0000000795f00000)
 ParOldGen       total 129536K, used 1537K [0x0000000740000000, 0x0000000747e80000, 0x0000000795580000)
  object space 129536K, 1% used [0x0000000740000000,0x0000000740180450,0x0000000747e80000)
 Metaspace       used 9509K, capacity 9688K, committed 9856K, reserved 1058816K
  class space    used 1283K, capacity 1302K, committed 1408K, reserved 1048576K
}
Event: 1.134 GC heap before
{Heap before GC invocations=9 (full 0):
 PSYoungGen      total 9728K, used 9408K [0x0000000795580000, 0x0000000796180000, 0x00000007c0000000)
  eden space 8192K, 100% used [0x0000000795580000,0x0000000795d80000,0x0000000795d80000)
  from space 1536K, 79% used [0x0000000795f00000,0x0000000796030010,0x0000000796080000)
  to   space 1536K, 0% used [0x0000000795d80000,0x0000000795d80000,0x0000000795f00000)
 ParOldGen       total 129536K, used 1537K [0x0000000740000000, 0x0000000747e80000, 0x0000000795580000)
  object space 129536K, 1% used [0x0000000740000000,0x0000000740180450,0x0000000747e80000)
 Metaspace       used 11068K, capacity 11236K, committed 11392K, reserved 1058816K
  class space    used 1529K, capacity 1558K, committed 1664K, reserved 1048576K
Event: 1.140 GC heap after
Heap after GC invocations=9 (full 0):
 PSYoungGen      total 9728K, used 1536K [0x0000000795580000, 0x0000000796c80000, 0x00000007c0000000)
  eden space 8192K, 0% used [0x0000000795580000,0x0000000795580000,0x0000000795d80000)
  from space 1536K, 100% used [0x0000000795d80000,0x0000000795f00000,0x0000000795f00000)
  to   space 5120K, 0% used [0x0000000796780000,0x0000000796780000,0x0000000796c80000)
 ParOldGen       total 129536K, used 9467K [0x0000000740000000, 0x0000000747e80000, 0x0000000795580000)
  object space 129536K, 7% used [0x0000000740000000,0x000000074093ef00,0x0000000747e80000)
 Metaspace       used 11068K, capacity 11236K, committed 11392K, reserved 1058816K
  class space    used 1529K, capacity 1558K, committed 1664K, reserved 1048576K
}
Event: 3.205 GC heap before
{Heap before GC invocations=10 (full 0):
 PSYoungGen      total 9728K, used 9168K [0x0000000795580000, 0x0000000796c80000, 0x00000007c0000000)
  eden space 8192K, 93% used [0x0000000795580000,0x0000000795cf4120,0x0000000795d80000)
  from space 1536K, 100% used [0x0000000795d80000,0x0000000795f00000,0x0000000795f00000)
  to   space 5120K, 0% used [0x0000000796780000,0x0000000796780000,0x0000000796c80000)
 ParOldGen       total 129536K, used 9467K [0x0000000740000000, 0x0000000747e80000, 0x0000000795580000)
  object space 129536K, 7% used [0x0000000740000000,0x000000074093ef00,0x0000000747e80000)
 Metaspace       used 13942K, capacity 14110K, committed 14464K, reserved 1060864K
  class space    used 2145K, capacity 2176K, committed 2176K, reserved 1048576K
Event: 3.209 GC heap after
Heap after GC invocations=10 (full 0):
 PSYoungGen      total 17408K, used 1568K [0x0000000795580000, 0x0000000796b80000, 0x00000007c0000000)
  eden space 13312K, 0% used [0x0000000795580000,0x0000000795580000,0x0000000796280000)
  from space 4096K, 38% used [0x0000000796780000,0x0000000796908000,0x0000000796b80000)
  to   space 4608K, 0% used [0x0000000796280000,0x0000000796280000,0x0000000796700000)
 ParOldGen       total 129536K, used 10307K [0x0000000740000000, 0x0000000747e80000, 0x0000000795580000)
  object space 129536K, 7% used [0x0000000740000000,0x0000000740a10f00,0x0000000747e80000)
 Metaspace       used 13942K, capacity 14110K, committed 14464K, reserved 1060864K
  class space    used 2145K, capacity 2176K, committed 2176K, reserved 1048576K
}

Deoptimization events (10 events):
Event: 0.636 Thread 0x00007fb5828d7000 Uncommon trap: reason=class_check action=maybe_recompile pc=0x000000010f7363dc method=java.lang.String.equals(Ljava/lang/Object;)Z @ 8
Event: 0.636 Thread 0x00007fb5828d7000 Uncommon trap: reason=class_check action=maybe_recompile pc=0x000000010f7363dc method=java.lang.String.equals(Ljava/lang/Object;)Z @ 8
Event: 0.646 Thread 0x00007fb5828d7000 Uncommon trap: reason=class_check action=maybe_recompile pc=0x000000010f7363dc method=java.lang.String.equals(Ljava/lang/Object;)Z @ 8
Event: 0.647 Thread 0x00007fb5828d7000 Uncommon trap: reason=class_check action=maybe_recompile pc=0x000000010f7363dc method=java.lang.String.equals(Ljava/lang/Object;)Z @ 8
Event: 0.846 Thread 0x00007fb5828d7000 Uncommon trap: reason=unloaded action=reinterpret pc=0x000000010f7c3718 method=java.lang.CharacterData.of(I)Ljava/lang/CharacterData; @ 96
Event: 4.183 Thread 0x00007fb5828d7000 Uncommon trap: reason=unreached action=reinterpret pc=0x000000010f966794 method=java.util.WeakHashMap.expungeStaleEntries()V @ 9
Event: 15.314 Thread 0x00007fb5828d7000 Uncommon trap: reason=class_check action=maybe_recompile pc=0x000000010fa15f20 method=javafx.scene.Node.updateLocalToParentTransform()V @ 11
Event: 15.314 Thread 0x00007fb5828d7000 Uncommon trap: reason=class_check action=maybe_recompile pc=0x000000010fa15f20 method=javafx.scene.Node.updateLocalToParentTransform()V @ 11
Event: 15.314 Thread 0x00007fb5828d7000 Uncommon trap: reason=class_check action=maybe_recompile pc=0x000000010fa15f20 method=javafx.scene.Node.updateLocalToParentTransform()V @ 11
Event: 15.314 Thread 0x00007fb5828d7000 Uncommon trap: reason=class_check action=maybe_recompile pc=0x000000010fa15f20 method=javafx.scene.Node.updateLocalToParentTransform()V @ 11

Internal exceptions (10 events):
Event: 0.540 Thread 0x00007fb5828d7000 Exception <a 'java/security/PrivilegedActionException'> (0x0000000795792c88) thrown at [/HUDSON/workspace/8-2-build-macosx-x86_64/jdk8u5/2488/hotspot/src/share/vm/prims/jvm.cpp, line 1248]
Event: 0.541 Thread 0x00007fb5828d7000 Exception <a 'java/security/PrivilegedActionException'> (0x00000007957aa330) thrown at [/HUDSON/workspace/8-2-build-macosx-x86_64/jdk8u5/2488/hotspot/src/share/vm/prims/jvm.cpp, line 1248]
Event: 3.026 Thread 0x00007fb5828d7000 Exception <a 'java/security/PrivilegedActionException'> (0x0000000795705900) thrown at [/HUDSON/workspace/8-2-build-macosx-x86_64/jdk8u5/2488/hotspot/src/share/vm/prims/jvm.cpp, line 1248]
Event: 3.060 Thread 0x00007fb5828d7000 Exception <a 'java/security/PrivilegedActionException'> (0x0000000795866c10) thrown at [/HUDSON/workspace/8-2-build-macosx-x86_64/jdk8u5/2488/hotspot/src/share/vm/prims/jvm.cpp, line 1248]
Event: 3.060 Thread 0x00007fb5828d7000 Exception <a 'java/security/PrivilegedActionException'> (0x000000079587c838) thrown at [/HUDSON/workspace/8-2-build-macosx-x86_64/jdk8u5/2488/hotspot/src/share/vm/prims/jvm.cpp, line 1248]
Event: 3.061 Thread 0x00007fb5828d7000 Exception <a 'java/security/PrivilegedActionException'> (0x00000007958926e0) thrown at [/HUDSON/workspace/8-2-build-macosx-x86_64/jdk8u5/2488/hotspot/src/share/vm/prims/jvm.cpp, line 1248]
Event: 4.875 Thread 0x00007fb5828d7000 Exception <a 'java/security/PrivilegedActionException'> (0x0000000795a0e860) thrown at [/HUDSON/workspace/8-2-build-macosx-x86_64/jdk8u5/2488/hotspot/src/share/vm/prims/jvm.cpp, line 1248]
Event: 4.875 Thread 0x00007fb5828d7000 Exception <a 'java/security/PrivilegedActionException'> (0x0000000795a12d50) thrown at [/HUDSON/workspace/8-2-build-macosx-x86_64/jdk8u5/2488/hotspot/src/share/vm/prims/jvm.cpp, line 1248]
Event: 4.875 Thread 0x00007fb5828d7000 Exception <a 'java/security/PrivilegedActionException'> (0x0000000795a19dc0) thrown at [/HUDSON/workspace/8-2-build-macosx-x86_64/jdk8u5/2488/hotspot/src/share/vm/prims/jvm.cpp, line 1248]
Event: 4.875 Thread 0x00007fb5828d7000 Exception <a 'java/security/PrivilegedActionException'> (0x0000000795a20120) thrown at [/HUDSON/workspace/8-2-build-macosx-x86_64/jdk8u5/2488/hotspot/src/share/vm/prims/jvm.cpp, line 1248]

Events (10 events):
Event: 15.314 Thread 0x00007fb5828d7000 DEOPT PACKING pc=0x000000010fa15f20 sp=0x00007fff51fe1450
Event: 15.314 Thread 0x00007fb5828d7000 DEOPT UNPACKING pc=0x000000010f647250 sp=0x00007fff51fe1418 mode 2
Event: 15.315 loading class com/sun/javafx/tk/quantum/PaintCollector$2
Event: 15.315 loading class com/sun/javafx/tk/quantum/PaintCollector$2 done
Event: 17.635 Executing VM operation: RevokeBias
Event: 17.635 Executing VM operation: RevokeBias done
Event: 21.318 loading class com/sun/javafx/scene/input/KeyCodeMap
Event: 21.318 loading class com/sun/javafx/scene/input/KeyCodeMap done
Event: 21.596 loading class com/sun/javafx/tk/quantum/GlassStage$2
Event: 21.596 loading class com/sun/javafx/tk/quantum/GlassStage$2 done


Dynamic libraries:
0x00000000098e7000 	/System/Library/Frameworks/Cocoa.framework/Versions/A/Cocoa
0x00000000098e7000 	/System/Library/Frameworks/Security.framework/Versions/A/Security
0x00000000098e7000 	/System/Library/Frameworks/ApplicationServices.framework/Versions/A/ApplicationServices
0x00000000098e7000 	/usr/lib/libz.1.dylib
0x00000000098e7000 	/usr/lib/libSystem.B.dylib
0x00000000098e7000 	/usr/lib/libobjc.A.dylib
0x00000000098e7000 	/System/Library/Frameworks/CoreFoundation.framework/Versions/A/CoreFoundation
0x00000000098e7000 	/System/Library/Frameworks/Foundation.framework/Versions/C/Foundation
0x00000000098e7000 	/System/Library/Frameworks/AppKit.framework/Versions/C/AppKit
0x00000000098e7000 	/System/Library/Frameworks/CoreData.framework/Versions/A/CoreData
0x00000000098e7000 	/System/Library/PrivateFrameworks/RemoteViewServices.framework/Versions/A/RemoteViewServices
0x00000000098e7000 	/System/Library/PrivateFrameworks/UIFoundation.framework/Versions/A/UIFoundation
0x00000000098e7000 	/System/Library/Frameworks/IOSurface.framework/Versions/A/IOSurface
0x00000000098e7000 	/System/Library/Frameworks/AudioToolbox.framework/Versions/A/AudioToolbox
0x00000000098e7000 	/System/Library/Frameworks/AudioUnit.framework/Versions/A/AudioUnit
0x00000000098e7000 	/System/Library/PrivateFrameworks/DataDetectorsCore.framework/Versions/A/DataDetectorsCore
0x00000000098e7000 	/System/Library/PrivateFrameworks/DesktopServicesPriv.framework/Versions/A/DesktopServicesPriv
0x00000000098e7000 	/System/Library/Frameworks/Carbon.framework/Versions/A/Frameworks/HIToolbox.framework/Versions/A/HIToolbox
0x00000000098e7000 	/System/Library/Frameworks/QuartzCore.framework/Versions/A/QuartzCore
0x00000000098e7000 	/System/Library/Frameworks/Carbon.framework/Versions/A/Frameworks/SpeechRecognition.framework/Versions/A/SpeechRecognition
0x00000000098e7000 	/usr/lib/libauto.dylib
0x00000000098e7000 	/usr/lib/libicucore.A.dylib
0x00000000098e7000 	/usr/lib/libxml2.2.dylib
0x00000000098e7000 	/System/Library/PrivateFrameworks/CoreUI.framework/Versions/A/CoreUI
0x00000000098e7000 	/System/Library/Frameworks/CoreAudio.framework/Versions/A/CoreAudio
0x00000000098e7000 	/System/Library/Frameworks/DiskArbitration.framework/Versions/A/DiskArbitration
0x00000000098e7000 	/usr/lib/liblangid.dylib
0x00000000098e7000 	/System/Library/PrivateFrameworks/MultitouchSupport.framework/Versions/A/MultitouchSupport
0x00000000098e7000 	/System/Library/Frameworks/IOKit.framework/Versions/A/IOKit
0x00000000098e7000 	/usr/lib/libDiagnosticMessagesClient.dylib
0x00000000098e7000 	/System/Library/Frameworks/CoreServices.framework/Versions/A/CoreServices
0x00000000098e7000 	/System/Library/PrivateFrameworks/PerformanceAnalysis.framework/Versions/A/PerformanceAnalysis
0x00000000098e7000 	/System/Library/PrivateFrameworks/GenerationalStorage.framework/Versions/A/GenerationalStorage
0x00000000098e7000 	/System/Library/Frameworks/OpenGL.framework/Versions/A/OpenGL
0x00000000098e7000 	/System/Library/PrivateFrameworks/Sharing.framework/Versions/A/Sharing
0x00000000098e7000 	/System/Library/Frameworks/CoreGraphics.framework/Versions/A/CoreGraphics
0x00000000098e7000 	/System/Library/Frameworks/CoreText.framework/Versions/A/CoreText
0x00000000098e7000 	/System/Library/Frameworks/ImageIO.framework/Versions/A/ImageIO
0x00000000098e7000 	/usr/lib/libextension.dylib
0x00000000098e7000 	/System/Library/PrivateFrameworks/Backup.framework/Versions/A/Backup
0x00000000098e7000 	/usr/lib/libarchive.2.dylib
0x00000000098e7000 	/System/Library/Frameworks/CFNetwork.framework/Versions/A/CFNetwork
0x00000000098e7000 	/System/Library/Frameworks/SystemConfiguration.framework/Versions/A/SystemConfiguration
0x00000000098e7000 	/usr/lib/libCRFSuite.dylib
0x00000000098e7000 	/usr/lib/libc++.1.dylib
0x00000000098e7000 	/usr/lib/libc++abi.dylib
0x00000000098e7000 	/usr/lib/system/libcache.dylib
0x00000000098e7000 	/usr/lib/system/libcommonCrypto.dylib
0x00000000098e7000 	/usr/lib/system/libcompiler_rt.dylib
0x00000000098e7000 	/usr/lib/system/libcopyfile.dylib
0x00000000098e7000 	/usr/lib/system/libcorecrypto.dylib
0x00000000098e7000 	/usr/lib/system/libdispatch.dylib
0x00000000098e7000 	/usr/lib/system/libdyld.dylib
0x00000000098e7000 	/usr/lib/system/libkeymgr.dylib
0x00000000098e7000 	/usr/lib/system/liblaunch.dylib
0x00000000098e7000 	/usr/lib/system/libmacho.dylib
0x00000000098e7000 	/usr/lib/system/libquarantine.dylib
0x00000000098e7000 	/usr/lib/system/libremovefile.dylib
0x00000000098e7000 	/usr/lib/system/libsystem_asl.dylib
0x00000000098e7000 	/usr/lib/system/libsystem_blocks.dylib
0x00000000098e7000 	/usr/lib/system/libsystem_c.dylib
0x00000000098e7000 	/usr/lib/system/libsystem_configuration.dylib
0x00000000098e7000 	/usr/lib/system/libsystem_coreservices.dylib
0x00000000098e7000 	/usr/lib/system/libsystem_coretls.dylib
0x00000000098e7000 	/usr/lib/system/libsystem_dnssd.dylib
0x00000000098e7000 	/usr/lib/system/libsystem_info.dylib
0x00000000098e7000 	/usr/lib/system/libsystem_kernel.dylib
0x00000000098e7000 	/usr/lib/system/libsystem_m.dylib
0x00000000098e7000 	/usr/lib/system/libsystem_malloc.dylib
0x00000000098e7000 	/usr/lib/system/libsystem_network.dylib
0x00000000098e7000 	/usr/lib/system/libsystem_networkextension.dylib
0x00000000098e7000 	/usr/lib/system/libsystem_notify.dylib
0x00000000098e7000 	/usr/lib/system/libsystem_platform.dylib
0x00000000098e7000 	/usr/lib/system/libsystem_pthread.dylib
0x00000000098e7000 	/usr/lib/system/libsystem_sandbox.dylib
0x00000000098e7000 	/usr/lib/system/libsystem_secinit.dylib
0x00000000098e7000 	/usr/lib/system/libsystem_stats.dylib
0x00000000098e7000 	/usr/lib/system/libsystem_trace.dylib
0x00000000098e7000 	/usr/lib/system/libunc.dylib
0x00000000098e7000 	/usr/lib/system/libunwind.dylib
0x00000000098e7000 	/usr/lib/system/libxpc.dylib
0x00000000098e7000 	/usr/lib/libbz2.1.0.dylib
0x00000000098e7000 	/usr/lib/liblzma.5.dylib
0x00000000098e7000 	/usr/lib/libbsm.0.dylib
0x00000000098e7000 	/usr/lib/libsqlite3.dylib
0x00000000098e7000 	/usr/lib/system/libkxld.dylib
0x00000000098e7000 	/usr/lib/libxar.1.dylib
0x00000000098e7000 	/usr/lib/libpam.2.dylib
0x00000000098e7000 	/usr/lib/libOpenScriptingUtil.dylib
0x00000000098e7000 	/System/Library/Frameworks/CoreServices.framework/Versions/A/Frameworks/FSEvents.framework/Versions/A/FSEvents
0x00000000098e7000 	/System/Library/Frameworks/CoreServices.framework/Versions/A/Frameworks/CarbonCore.framework/Versions/A/CarbonCore
0x00000000098e7000 	/System/Library/Frameworks/CoreServices.framework/Versions/A/Frameworks/Metadata.framework/Versions/A/Metadata
0x00000000098e7000 	/System/Library/Frameworks/CoreServices.framework/Versions/A/Frameworks/OSServices.framework/Versions/A/OSServices
0x00000000098e7000 	/System/Library/Frameworks/CoreServices.framework/Versions/A/Frameworks/SearchKit.framework/Versions/A/SearchKit
0x00000000098e7000 	/System/Library/Frameworks/CoreServices.framework/Versions/A/Frameworks/AE.framework/Versions/A/AE
0x00000000098e7000 	/System/Library/Frameworks/CoreServices.framework/Versions/A/Frameworks/LaunchServices.framework/Versions/A/LaunchServices
0x00000000098e7000 	/System/Library/Frameworks/CoreServices.framework/Versions/A/Frameworks/DictionaryServices.framework/Versions/A/DictionaryServices
0x00000000098e7000 	/System/Library/Frameworks/NetFS.framework/Versions/A/NetFS
0x00000000098e7000 	/System/Library/PrivateFrameworks/NetAuth.framework/Versions/A/NetAuth
0x00000000098e7000 	/System/Library/PrivateFrameworks/login.framework/Versions/A/Frameworks/loginsupport.framework/Versions/A/loginsupport
0x00000000098e7000 	/System/Library/PrivateFrameworks/TCC.framework/Versions/A/TCC
0x00000000098e7000 	/usr/lib/libmecabra.dylib
0x00000000098e7000 	/System/Library/Frameworks/ApplicationServices.framework/Versions/A/Frameworks/ATS.framework/Versions/A/ATS
0x00000000098e7000 	/System/Library/Frameworks/ApplicationServices.framework/Versions/A/Frameworks/ColorSync.framework/Versions/A/ColorSync
0x00000000098e7000 	/System/Library/Frameworks/ApplicationServices.framework/Versions/A/Frameworks/HIServices.framework/Versions/A/HIServices
0x00000000098e7000 	/System/Library/Frameworks/ApplicationServices.framework/Versions/A/Frameworks/LangAnalysis.framework/Versions/A/LangAnalysis
0x00000000098e7000 	/System/Library/Frameworks/ApplicationServices.framework/Versions/A/Frameworks/PrintCore.framework/Versions/A/PrintCore
0x00000000098e7000 	/System/Library/Frameworks/ApplicationServices.framework/Versions/A/Frameworks/QD.framework/Versions/A/QD
0x00000000098e7000 	/System/Library/Frameworks/ApplicationServices.framework/Versions/A/Frameworks/SpeechSynthesis.framework/Versions/A/SpeechSynthesis
0x00000000098e7000 	/System/Library/Frameworks/Accelerate.framework/Versions/A/Accelerate
0x00000000098e7000 	/System/Library/Frameworks/Accelerate.framework/Versions/A/Frameworks/vImage.framework/Versions/A/vImage
0x00000000098e7000 	/System/Library/Frameworks/Accelerate.framework/Versions/A/Frameworks/vecLib.framework/Versions/A/vecLib
0x00000000098e7000 	/System/Library/Frameworks/Accelerate.framework/Versions/A/Frameworks/vecLib.framework/Versions/A/libvDSP.dylib
0x00000000098e7000 	/System/Library/Frameworks/Accelerate.framework/Versions/A/Frameworks/vecLib.framework/Versions/A/libvMisc.dylib
0x00000000098e7000 	/System/Library/Frameworks/Accelerate.framework/Versions/A/Frameworks/vecLib.framework/Versions/A/libLAPACK.dylib
0x00000000098e7000 	/System/Library/Frameworks/Accelerate.framework/Versions/A/Frameworks/vecLib.framework/Versions/A/libBLAS.dylib
0x00000000098e7000 	/System/Library/Frameworks/Accelerate.framework/Versions/A/Frameworks/vecLib.framework/Versions/A/libLinearAlgebra.dylib
0x00000000098e7000 	/System/Library/Frameworks/ApplicationServices.framework/Versions/A/Frameworks/ATS.framework/Versions/A/Resources/libFontParser.dylib
0x00000000098e7000 	/System/Library/Frameworks/ApplicationServices.framework/Versions/A/Frameworks/ATS.framework/Versions/A/Resources/libFontRegistry.dylib
0x00000000098e7000 	/System/Library/PrivateFrameworks/AppleVPA.framework/Versions/A/AppleVPA
0x00000000098e7000 	/System/Library/PrivateFrameworks/AppleJPEG.framework/Versions/A/AppleJPEG
0x00000000098e7000 	/System/Library/Frameworks/ImageIO.framework/Versions/A/Resources/libJPEG.dylib
0x00000000098e7000 	/System/Library/Frameworks/ImageIO.framework/Versions/A/Resources/libTIFF.dylib
0x00000000098e7000 	/System/Library/Frameworks/ImageIO.framework/Versions/A/Resources/libPng.dylib
0x00000000098e7000 	/System/Library/Frameworks/ImageIO.framework/Versions/A/Resources/libGIF.dylib
0x00000000098e7000 	/System/Library/Frameworks/ImageIO.framework/Versions/A/Resources/libJP2.dylib
0x00000000098e7000 	/System/Library/Frameworks/ImageIO.framework/Versions/A/Resources/libRadiance.dylib
0x00000000098e7000 	/System/Library/Frameworks/CoreVideo.framework/Versions/A/CoreVideo
0x00000000098e7000 	/System/Library/Frameworks/OpenGL.framework/Versions/A/Libraries/libGLU.dylib
0x00000000098e7000 	/System/Library/Frameworks/OpenGL.framework/Versions/A/Libraries/libGFXShared.dylib
0x00000000098e7000 	/System/Library/Frameworks/OpenGL.framework/Versions/A/Libraries/libGL.dylib
0x00000000098e7000 	/System/Library/Frameworks/OpenGL.framework/Versions/A/Libraries/libGLImage.dylib
0x00000000098e7000 	/System/Library/Frameworks/OpenGL.framework/Versions/A/Libraries/libCVMSPluginSupport.dylib
0x00000000098e7000 	/System/Library/Frameworks/OpenGL.framework/Versions/A/Libraries/libCoreVMClient.dylib
0x00000000098e7000 	/usr/lib/libcups.2.dylib
0x00000000098e7000 	/System/Library/Frameworks/Kerberos.framework/Versions/A/Kerberos
0x00000000098e7000 	/System/Library/Frameworks/GSS.framework/Versions/A/GSS
0x00000000098e7000 	/usr/lib/libresolv.9.dylib
0x00000000098e7000 	/usr/lib/libiconv.2.dylib
0x00000000098e7000 	/System/Library/PrivateFrameworks/Heimdal.framework/Versions/A/Heimdal
0x00000000098e7000 	/usr/lib/libheimdal-asn1.dylib
0x00000000098e7000 	/System/Library/Frameworks/OpenDirectory.framework/Versions/A/OpenDirectory
0x00000000098e7000 	/System/Library/PrivateFrameworks/CommonAuth.framework/Versions/A/CommonAuth
0x00000000098e7000 	/System/Library/Frameworks/OpenDirectory.framework/Versions/A/Frameworks/CFOpenDirectory.framework/Versions/A/CFOpenDirectory
0x00000000098e7000 	/System/Library/Frameworks/SecurityFoundation.framework/Versions/A/SecurityFoundation
0x00000000098e7000 	/System/Library/PrivateFrameworks/LanguageModeling.framework/Versions/A/LanguageModeling
0x00000000098e7000 	/usr/lib/libcmph.dylib
0x00000000098e7000 	/System/Library/Frameworks/ServiceManagement.framework/Versions/A/ServiceManagement
0x00000000098e7000 	/usr/lib/libxslt.1.dylib
0x00000000098e7000 	/System/Library/Frameworks/Carbon.framework/Versions/A/Frameworks/Ink.framework/Versions/A/Ink
0x00000000098e7000 	/System/Library/Frameworks/QuartzCore.framework/Versions/A/Frameworks/CoreImage.framework/Versions/A/CoreImage
0x00000000098e7000 	/System/Library/PrivateFrameworks/CrashReporterSupport.framework/Versions/A/CrashReporterSupport
0x00000000098e7000 	/System/Library/Frameworks/OpenCL.framework/Versions/A/OpenCL
0x00000000098e7000 	/System/Library/PrivateFrameworks/FaceCore.framework/Versions/A/FaceCore
0x00000000098e7000 	/System/Library/PrivateFrameworks/Ubiquity.framework/Versions/A/Ubiquity
0x00000000098e7000 	/System/Library/PrivateFrameworks/IconServices.framework/Versions/A/IconServices
0x00000000098e7000 	/System/Library/PrivateFrameworks/ChunkingLibrary.framework/Versions/A/ChunkingLibrary
0x00000000098e7000 	/System/Library/PrivateFrameworks/Apple80211.framework/Versions/A/Apple80211
0x00000000098e7000 	/System/Library/Frameworks/CoreWLAN.framework/Versions/A/CoreWLAN
0x00000000098e7000 	/System/Library/Frameworks/IOBluetooth.framework/Versions/A/IOBluetooth
0x00000000098e7000 	/System/Library/PrivateFrameworks/CoreWiFi.framework/Versions/A/CoreWiFi
0x00000000098e7000 	/System/Library/Frameworks/CoreBluetooth.framework/Versions/A/CoreBluetooth
0x00000000098e7000 	/System/Library/PrivateFrameworks/DebugSymbols.framework/Versions/A/DebugSymbols
0x00000000098e7000 	/System/Library/PrivateFrameworks/CoreSymbolication.framework/Versions/A/CoreSymbolication
0x00000000098e7000 	/System/Library/PrivateFrameworks/Symbolication.framework/Versions/A/Symbolication
0x00000000098e7000 	/System/Library/PrivateFrameworks/SpeechRecognitionCore.framework/Versions/A/SpeechRecognitionCore
0x000000010dd16000 	/Library/Java/JavaVirtualMachines/jdk1.8.0_05.jdk/Contents/Home/jre/lib/server/libjvm.dylib
0x00000000098e7000 	/usr/lib/libstdc++.6.dylib
0x000000010ecf0000 	/Library/Java/JavaVirtualMachines/jdk1.8.0_05.jdk/Contents/Home/jre/lib/libverify.dylib
0x000000010ecfe000 	/Library/Java/JavaVirtualMachines/jdk1.8.0_05.jdk/Contents/Home/jre/lib/libjava.dylib
0x000000010ed3c000 	/Library/Java/JavaVirtualMachines/jdk1.8.0_05.jdk/Contents/Home/jre/lib/libzip.dylib
0x00000001255c9000 	/System/Library/Frameworks/JavaVM.framework/Frameworks/JavaRuntimeSupport.framework/JavaRuntimeSupport
0x00000001255e1000 	/System/Library/Frameworks/JavaVM.framework/Versions/A/Frameworks/JavaNativeFoundation.framework/Versions/A/JavaNativeFoundation
0x000000010edf1000 	/System/Library/Frameworks/JavaVM.framework/Versions/A/JavaVM
0x00000000098e7000 	/System/Library/Frameworks/Carbon.framework/Versions/A/Carbon
0x00000001255f6000 	/System/Library/PrivateFrameworks/JavaLaunching.framework/Versions/A/JavaLaunching
0x00000000098e7000 	/System/Library/Frameworks/Carbon.framework/Versions/A/Frameworks/CommonPanels.framework/Versions/A/CommonPanels
0x00000000098e7000 	/System/Library/Frameworks/Carbon.framework/Versions/A/Frameworks/Help.framework/Versions/A/Help
0x00000000098e7000 	/System/Library/Frameworks/Carbon.framework/Versions/A/Frameworks/ImageCapture.framework/Versions/A/ImageCapture
0x00000000098e7000 	/System/Library/Frameworks/Carbon.framework/Versions/A/Frameworks/OpenScripting.framework/Versions/A/OpenScripting
0x00000000098e7000 	/System/Library/Frameworks/Carbon.framework/Versions/A/Frameworks/Print.framework/Versions/A/Print
0x00000000098e7000 	/System/Library/Frameworks/Carbon.framework/Versions/A/Frameworks/SecurityHI.framework/Versions/A/SecurityHI
0x0000000127646000 	/Applications/IntelliJ IDEA 14.app/Contents/bin/libbreakgen64.jnilib
0x00000001277f1000 	/Library/Java/JavaVirtualMachines/jdk1.8.0_05.jdk/Contents/Home/jre/lib/libnet.dylib
0x0000000127a55000 	/Library/Java/JavaVirtualMachines/jdk1.8.0_05.jdk/Contents/Home/jre/lib/libprism_es2.dylib
0x00000000098e7000 	/System/Library/Frameworks/OpenGL.framework/Versions/A/Resources/GLEngine.bundle/GLEngine
0x00000000098e7000 	/System/Library/Frameworks/OpenGL.framework/Versions/A/Libraries/libGLProgrammability.dylib
0x0000000000000000 	/System/Library/Extensions/AppleIntelHD5000GraphicsGLDriver.bundle/Contents/MacOS/AppleIntelHD5000GraphicsGLDriver
0x00000000098e7000 	/System/Library/PrivateFrameworks/IOAccelerator.framework/Versions/A/IOAccelerator
0x00000000098e7000 	/System/Library/PrivateFrameworks/GPUSupport.framework/Versions/A/Libraries/libGPUSupportMercury.dylib
0x00000000098e7000 	/System/Library/Frameworks/OpenGL.framework/Versions/A/Resources/GLRendererFloat.bundle/GLRendererFloat
0x00000000098e7000 	/System/Library/Frameworks/OpenCL.framework/Versions/A/Libraries/libcldcpuengine.dylib
0x00000000098e7000 	/System/Library/PrivateFrameworks/DiskImages.framework/Versions/A/DiskImages
0x00000000098e7000 	/System/Library/Frameworks/DiscRecording.framework/Versions/A/DiscRecording
0x00000000098e7000 	/usr/lib/libcsfde.dylib
0x00000000098e7000 	/usr/lib/libcurl.4.dylib
0x00000000098e7000 	/System/Library/PrivateFrameworks/MediaKit.framework/Versions/A/MediaKit
0x00000000098e7000 	/System/Library/PrivateFrameworks/ProtectedCloudStorage.framework/Versions/A/ProtectedCloudStorage
0x00000000098e7000 	/usr/lib/libCoreStorage.dylib
0x00000000098e7000 	/System/Library/PrivateFrameworks/EFILogin.framework/Versions/A/EFILogin
0x00000000098e7000 	/usr/lib/libutil.dylib
0x00000000098e7000 	/System/Library/PrivateFrameworks/FindMyDevice.framework/Versions/A/FindMyDevice
0x00000000098e7000 	/System/Library/Frameworks/LDAP.framework/Versions/A/LDAP
0x00000000098e7000 	/usr/lib/libsasl2.2.dylib
0x00000000098e7000 	/System/Library/PrivateFrameworks/CoreDaemon.framework/Versions/B/CoreDaemon
0x00000000098e7000 	/usr/lib/libcrypto.0.9.8.dylib
0x00000000098e7000 	/System/Library/PrivateFrameworks/AppleSRP.framework/Versions/A/AppleSRP
0x00000000098e7000 	/System/Library/PrivateFrameworks/TrustEvaluationAgent.framework/Versions/A/TrustEvaluationAgent
0x0000000127f06000 	/Library/Java/JavaVirtualMachines/jdk1.8.0_05.jdk/Contents/Home/jre/lib/libglass.dylib
0x00000000098e7000 	/System/Library/PrivateFrameworks/CoreServicesInternal.framework/Versions/A/CoreServicesInternal
0x00000000098e7000 	/System/Library/PrivateFrameworks/CloudDocs.framework/Versions/A/CloudDocs
0x00000000098e7000 	/System/Library/PrivateFrameworks/CoreDuet.framework/Versions/A/CoreDuet
0x00000000098e7000 	/System/Library/Frameworks/CloudKit.framework/Versions/A/CloudKit
0x00000000098e7000 	/System/Library/PrivateFrameworks/ProtocolBuffer.framework/Versions/A/ProtocolBuffer
0x00000000098e7000 	/System/Library/PrivateFrameworks/CoreDuetDaemonProtocol.framework/Versions/A/CoreDuetDaemonProtocol
0x00000000098e7000 	/System/Library/PrivateFrameworks/CoreDuetDebugLogging.framework/Versions/A/CoreDuetDebugLogging
0x00000000098e7000 	/System/Library/PrivateFrameworks/MMCS.framework/Versions/A/MMCS
0x00000000098e7000 	/System/Library/Frameworks/CoreLocation.framework/Versions/A/CoreLocation
0x00000000098e7000 	/System/Library/PrivateFrameworks/GeoServices.framework/Versions/A/GeoServices
0x00000000098e7000 	/System/Library/Frameworks/CoreGraphics.framework/Versions/A/Resources/libCGCMS.A.dylib
0x00000000098e7000 	/System/Library/CoreServices/RawCamera.bundle/Contents/MacOS/RawCamera
0x00000000098e7000 	/System/Library/Frameworks/CoreGraphics.framework/Versions/A/Resources/libRIP.A.dylib
0x00000000098e7000 	/System/Library/PrivateFrameworks/FamilyControls.framework/Versions/A/FamilyControls
0x00000000098e7000 	/System/Library/PrivateFrameworks/CommerceKit.framework/Versions/A/Frameworks/CommerceCore.framework/Versions/A/CommerceCore
0x00000000098e7000 	/System/Library/PrivateFrameworks/SystemAdministration.framework/Versions/A/SystemAdministration
0x00000000098e7000 	/System/Library/PrivateFrameworks/AppContainer.framework/Versions/A/AppContainer
0x00000000098e7000 	/System/Library/PrivateFrameworks/SecCodeWrapper.framework/Versions/A/SecCodeWrapper
0x00000000098e7000 	/System/Library/Frameworks/DirectoryService.framework/Versions/A/DirectoryService
0x00000000098e7000 	/System/Library/PrivateFrameworks/LoginUIKit.framework/Versions/A/Frameworks/LoginUICore.framework/Versions/A/LoginUICore
0x00000000098e7000 	/usr/lib/libodfde.dylib
0x000000012be02000 	/Library/Java/JavaVirtualMachines/jdk1.8.0_05.jdk/Contents/Home/jre/lib/libjavafx_font.dylib
0x00000000098e7000 	/System/Library/Frameworks/CoreGraphics.framework/Versions/A/Resources/libCGXType.A.dylib
0x000000012d899000 	cl_kernels
0x0000000130478000 	/System/Library/Frameworks/OpenCL.framework/Versions/A/Libraries/ImageFormats/unorm8_bgra.dylib
0x000000012d88b000 	cl_kernels
0x000000012d89b000 	/Library/Java/JavaVirtualMachines/jdk1.8.0_05.jdk/Contents/Home/jre/lib/libprism_common.dylib

VM Arguments:
jvm_args: -Didea.launcher.port=7535 -Didea.launcher.bin.path=/Applications/IntelliJ IDEA 14.app/Contents/bin -Dfile.encoding=UTF-8 
java_command: com.intellij.rt.execution.application.AppMain edu.gu.maze.Main
java_class_path (initial): /Library/Java/JavaVirtualMachines/jdk1.8.0_05.jdk/Contents/Home/lib/ant-javafx.jar:/Library/Java/JavaVirtualMachines/jdk1.8.0_05.jdk/Contents/Home/lib/dt.jar:/Library/Java/JavaVirtualMachines/jdk1.8.0_05.jdk/Contents/Home/lib/javafx-mx.jar:/Library/Java/JavaVirtualMachines/jdk1.8.0_05.jdk/Contents/Home/lib/jconsole.jar:/Library/Java/JavaVirtualMachines/jdk1.8.0_05.jdk/Contents/Home/lib/sa-jdi.jar:/Library/Java/JavaVirtualMachines/jdk1.8.0_05.jdk/Contents/Home/lib/tools.jar:/Library/Java/JavaVirtualMachines/jdk1.8.0_05.jdk/Contents/Home/jre/lib/charsets.jar:/Library/Java/JavaVirtualMachines/jdk1.8.0_05.jdk/Contents/Home/jre/lib/deploy.jar:/Library/Java/JavaVirtualMachines/jdk1.8.0_05.jdk/Contents/Home/jre/lib/htmlconverter.jar:/Library/Java/JavaVirtualMachines/jdk1.8.0_05.jdk/Contents/Home/jre/lib/javaws.jar:/Library/Java/JavaVirtualMachines/jdk1.8.0_05.jdk/Contents/Home/jre/lib/jce.jar:/Library/Java/JavaVirtualMachines/jdk1.8.0_05.jdk/Contents/Home/jre/lib/jfr.jar:/Library/Java/JavaVirtualMachines/jdk1.8.0_05.jdk/Contents/Home/jre/lib/jfxswt.jar:/Library/Java/JavaVirtualMachines/jdk1.8.0_05.jdk/Contents/Home/jre/lib/jsse.jar:/Library/Java/JavaVirtualMachines/jdk1.8.0_05.jdk/Contents/Home/jre/lib/management-agent.jar:/Library/Java/JavaVirtualMachines/jdk1.8.0_05.jdk/Contents/Home/jre/lib/plugin.jar:/Library/Java/JavaVirtualMachines/jdk1.8.0_05.jdk/Contents/Home/jre/lib/resources.jar:/Library/Java/JavaVirtualMachines/jdk1.8.0_05.jdk/Contents/Home/jre/lib/rt.jar:/Library/Java/JavaVirtualMachines/jdk1.8.0_05.jdk/Contents/Home/jre/lib/ext/cldrdata.jar:/Library/Java/JavaVirtualMachines/jdk1.8.0_05.jdk/Contents/Home/jre/lib/ext/dnsns.jar:/Library/Java/JavaVirtualMachines/jdk1.8.0_05.jdk/Contents/Home/jre/lib/ext/jfxrt.jar:/Library/Java/JavaVirtualMachines/jdk1.8.0_05.jdk/Contents/Home/jre/lib/ext/localedata.jar:/Library/Java/JavaVirtualMachines/jdk1.8.0_05.jdk/Contents/Home/jre/lib/ext/nashorn.jar:/Library/Java/JavaVirtualMachines/jdk1.8.0_05.j
Launcher Type: SUN_STANDARD

Environment Variables:
PATH=/usr/local/bin:/usr/bin:/bin:/usr/sbin:/sbin:/opt/X11/bin:/usr/local/git/bin
SHELL=/bin/bash
DISPLAY=/private/tmp/com.apple.launchd.rUCf544uaH/org.macosforge.xquartz:0

Signal Handlers:
SIGSEGV: [libjvm.dylib+0x55f7df], sa_mask[0]=0xfffefeff, sa_flags=0x00000043
SIGBUS: [libjvm.dylib+0x55f7df], sa_mask[0]=0xfffefeff, sa_flags=0x00000042
SIGFPE: [libjvm.dylib+0x442cfa], sa_mask[0]=0xfffefeff, sa_flags=0x00000042
SIGPIPE: [libjvm.dylib+0x442cfa], sa_mask[0]=0xfffefeff, sa_flags=0x00000042
SIGXFSZ: [libjvm.dylib+0x442cfa], sa_mask[0]=0xfffefeff, sa_flags=0x00000042
SIGILL: [libjvm.dylib+0x442cfa], sa_mask[0]=0xfffefeff, sa_flags=0x00000042
SIGUSR1: SIG_DFL, sa_mask[0]=0x00000000, sa_flags=0x00000000
SIGUSR2: [libjvm.dylib+0x442818], sa_mask[0]=0x00000004, sa_flags=0x00000042
SIGHUP: [libjvm.dylib+0x440ba5], sa_mask[0]=0xfffefeff, sa_flags=0x00000042
SIGINT: [libjvm.dylib+0x440ba5], sa_mask[0]=0xfffefeff, sa_flags=0x00000042
SIGTERM: [libjvm.dylib+0x440ba5], sa_mask[0]=0xfffefeff, sa_flags=0x00000042
SIGQUIT: [libjvm.dylib+0x440ba5], sa_mask[0]=0xfffefeff, sa_flags=0x00000042


---------------  S Y S T E M  ---------------

OS:Bsduname:Darwin 14.3.0 Darwin Kernel Version 14.3.0: Mon Mar 23 11:59:05 PDT 2015; root:xnu-2782.20.48~5/RELEASE_X86_64 x86_64
rlimit: STACK 8192k, CORE 0k, NPROC 709, NOFILE 10240, AS infinity
load average:2.69 2.47 2.15

CPU:total 4 (2 cores per cpu, 2 threads per core) family 6 model 69 stepping 1, cmov, cx8, fxsr, mmx, sse, sse2, sse3, ssse3, sse4.1, sse4.2, popcnt, avx, avx2, aes, clmul, erms, ht, tsc, tscinvbit

Memory: 4k page, physical 8388608k(780752k free)

/proc/meminfo:


vm_info: Java HotSpot(TM) 64-Bit Server VM (25.5-b02) for bsd-amd64 JRE (1.8.0_05-b13), built on Mar 18 2014 00:36:13 by "java_re" with gcc 4.2.1 (Based on Apple Inc. build 5658) (LLVM build 2336.11.00)

time: Mon Apr 27 10:51:40 2015
elapsed time: 21 seconds

