#
# A fatal error has been detected by the Java Runtime Environment:
#
#  SIGSEGV (0xb) at pc=0x00007fff9b113129, pid=16384, tid=1299
#
# JRE version: Java(TM) SE Runtime Environment (8.0_05-b13) (build 1.8.0_05-b13)
# Java VM: Java HotSpot(TM) 64-Bit Server VM (25.5-b02 mixed mode bsd-amd64 compressed oops)
# Problematic frame:
# C  [libobjc.A.dylib+0x1129]  objc_msgSend+0x69
#
# Failed to write core dump. Core dumps have been disabled. To enable core dumping, try "ulimit -c unlimited" before starting Java again
#
# If you would like to submit a bug report, please visit:
#   http://bugreport.sun.com/bugreport/crash.jsp
# The crash happened outside the Java Virtual Machine in native code.
# See problematic frame for where to report the bug.
#

---------------  T H R E A D  ---------------

Current thread (0x00007fdd9a867800):  JavaThread "JavaFX Application Thread" [_thread_in_native, id=1299, stack(0x00007fff54b32000,0x00007fff55332000)]

siginfo:si_signo=SIGSEGV: si_errno=0, si_code=1 (SEGV_MAPERR), si_addr=0x000012340442ab8f

Registers:
RAX=0x00007fff7f2b6ad8, RBX=0x00007fdd98d3ba10, RCX=0x00000000ffffffff, RDX=0x0000000000000050
RSP=0x00007fff5532d5b8, RBP=0x00007fff5532d5d0, RSI=0x00007fff8f32a008, RDI=0x00007fdd9b61c550
R8 =0x0000000000000001, R9 =0x00007fdd9b600000, R10=0x000012340442ab8f, R11=0x000012340056eab8
R12=0x0000000000000003, R13=0x00007fff9b1130c0, R14=0x00007fff7f2b7440, R15=0x00007fdd9b3555d0
RIP=0x00007fff9b113129, EFLAGS=0x0000000000010202, ERR=0x0000000000000004
  TRAPNO=0x000000000000000e

Top of Stack: (sp=0x00007fff5532d5b8)
0x00007fff5532d5b8:   00007fff9b11c656 00007fdd98fe8400
0x00007fff5532d5c8:   00007fdd98d3b9c0 00007fff5532d610
0x00007fff5532d5d8:   00007fff8d3bdb86 00007fff8d3bda14
0x00007fff5532d5e8:   00007fdd9b36cf90 0000000000000003
0x00007fff5532d5f8:   00007fdd98c1cc88 00007fdd9b36cf00
0x00007fff5532d608:   00007fff5532d650 00007fff5532d630
0x00007fff5532d618:   00007fff8d3bda31 00007fff8d3bda14
0x00007fff5532d628:   00007fdd9b36cef0 00007fff5532d640
0x00007fff5532d638:   00007fff995f9127 00007fff5532d6d0
0x00007fff5532d648:   00007fff995f9080 00007fdd9b36cef0
0x00007fff5532d658:   00007fdd9b37a0d0 00007fdd9b30e490
0x00007fff5532d668:   00007fff995f8f66 00007fff5532d650
0x00007fff5532d678:   00007fff5532d670 00007fdd98c1ccb0
0x00007fff5532d688:   00007fdd98c1ce10 00007fff5532d650
0x00007fff5532d698:   0000000000000002 5b003801825e9781
0x00007fff5532d6a8:   0000000000000001 00007fff5532d780
0x00007fff5532d6b8:   0000000000000c03 00007fdd98c1ce00
0x00007fff5532d6c8:   00007fdd98c1cca0 00007fff5532e3b0
0x00007fff5532d6d8:   00007fff995eb188 00007fff5532d820
0x00007fff5532d6e8:   0000000000000000 00007fff7ed58ed0
0x00007fff5532d6f8:   0000000000000000 00007fdd98c1cca0
0x00007fff5532d708:   0000000100000000 00007fdd9b33b1a0
0x00007fff5532d718:   0000000100000001 00007fdd98c1ccb0
0x00007fff5532d728:   00007fdd98c1ce10 41bb14b300000001
0x00007fff5532d738:   0000c39052d27281 0000100300000000
0x00007fff5532d748:   422d2d9a17fbe531 00000d035532da90
0x00007fff5532d758:   00007fff92473594 0000000000000000
0x00007fff5532d768:   0000000000000000 0000000000000000
0x00007fff5532d778:   ffffffffffffffff 0000001800001100
0x00007fff5532d788:   0000100300000000 0000004e00000000
0x00007fff5532d798:   0000004400000000 000001f50000001a
0x00007fff5532d7a8:   000001f500000014 00000014000001f5 

Instructions: (pc=0x00007fff9b113129)
0x00007fff9b113109:   62 08 45 8b 53 18 49 c1 e2 04 4d 03 53 10 eb 10
0x00007fff9b113119:   49 83 3a 00 74 43 4d 3b 53 10 74 0d 49 83 ea 10
0x00007fff9b113129:   49 3b 32 75 eb 41 ff 62 08 4c 89 da e9 9a 01 01
0x00007fff9b113139:   00 66 0f 1f 44 00 00 31 c0 31 d2 0f 57 c0 0f 57 

Register to memory mapping:

RAX=0x00007fff7f2b6ad8: SEL_retain+0 in /usr/lib/libobjc.A.dylib at 0x00007fff9b112000
RBX=0x00007fdd98d3ba10 is an unknown value
RCX=0x00000000ffffffff is an unknown value
RDX=0x0000000000000050 is an unknown value
RSP=0x00007fff5532d5b8 is pointing into the stack for thread: 0x00007fdd9a867800
RBP=0x00007fff5532d5d0 is pointing into the stack for thread: 0x00007fdd9a867800
RSI=0x00007fff8f32a008 is an unknown value
RDI=0x00007fdd9b61c550 is an unknown value
R8 =0x0000000000000001 is an unknown value
R9 =0x00007fdd9b600000 is an unknown value
R10=0x000012340442ab8f is an unknown value
R11=0x000012340056eab8: gpus_io_data+0 in /System/Library/Extensions/AppleIntelHD5000GraphicsGLDriver.bundle/Contents/MacOS/AppleIntelHD5000GraphicsGLDriver at 0x0000123400000000
R12=0x0000000000000003 is an unknown value
R13=0x00007fff9b1130c0: objc_msgSend+0 in /usr/lib/libobjc.A.dylib at 0x00007fff9b112000
R14=0x00007fff7f2b7440: _ZL13PropertyLocks+0x280 in /usr/lib/libobjc.A.dylib at 0x00007fff9b112000
R15=0x00007fdd9b3555d0 is an unknown value


Stack: [0x00007fff54b32000,0x00007fff55332000],  sp=0x00007fff5532d5b8,  free space=8173k
Native frames: (J=compiled Java code, j=interpreted, Vv=VM code, C=native code)
C  [libobjc.A.dylib+0x1129]  objc_msgSend+0x69
C  [AppKit+0x14db86]  +[_NSAutomaticFocusRing setActiveFirstResponderChanged]+0xe1
C  [AppKit+0x14da31]  ___NSPostActiveFirstResponderChanged_block_invoke+0x1d
C  [CoreFoundation+0x80127]  __CFRUNLOOP_IS_CALLING_OUT_TO_AN_OBSERVER_CALLBACK_FUNCTION__+0x17
C  [CoreFoundation+0x80080]  __CFRunLoopDoObservers+0x170
C  [CoreFoundation+0x72188]  __CFRunLoopRun+0x368
C  [CoreFoundation+0x71bd8]  CFRunLoopRunSpecific+0x128
C  [HIToolbox+0x3256f]  RunCurrentEventLoopInMode+0xeb
C  [HIToolbox+0x322ea]  ReceiveNextEventCommon+0x1af
C  [HIToolbox+0x3212b]  _BlockUntilNextEventMatchingListInModeWithFilter+0x47
C  [AppKit+0x919bb]  _DPSNextEvent+0x3d2
C  [AppKit+0x90f68]  -[NSApplication nextEventMatchingMask:untilDate:inMode:dequeue:]+0x15a
C  [AppKit+0x86bf3]  -[NSApplication run]+0x252
C  [libglass.dylib+0xbfb5]  -[GlassApplication runLoop:]+0x6a5
C  [Foundation+0x92d00]  __NSThreadPerformPerform+0x125
C  [CoreFoundation+0x80a01]  __CFRUNLOOP_IS_CALLING_OUT_TO_A_SOURCE0_PERFORM_FUNCTION__+0x11
C  [CoreFoundation+0x72b8d]  __CFRunLoopDoSources0+0x10d
C  [CoreFoundation+0x721bf]  __CFRunLoopRun+0x39f
C  [CoreFoundation+0x71bd8]  CFRunLoopRunSpecific+0x128
C  [java+0x56cb]  CreateExecutionEnvironment+0x367
C  [java+0x166c]  JLI_Launch+0x7a0
C  [java+0x7689]  main+0x65
C  [java+0xec4]  start+0x34


---------------  P R O C E S S  ---------------

Java Threads: ( => current thread )
  0x00007fdd9a991800 JavaThread "Prism Font Disposer" daemon [_thread_blocked, id=49439, stack(0x000000012902a000,0x000000012912a000)]
  0x00007fdd9a03e800 JavaThread "Thread-4" daemon [_thread_in_native, id=36103, stack(0x000000012732e000,0x00000001273ae000)]
=>0x00007fdd9a867800 JavaThread "JavaFX Application Thread" [_thread_in_native, id=1299, stack(0x00007fff54b32000,0x00007fff55332000)]
  0x00007fdd998e8800 JavaThread "Thread-2" daemon [_thread_blocked, id=24863, stack(0x0000000124c27000,0x0000000124d27000)]
  0x00007fdd99132800 JavaThread "QuantumRenderer-0" daemon [_thread_blocked, id=20227, stack(0x0000000124609000,0x0000000124709000)]
  0x00007fdd998aa800 JavaThread "JavaFX-Launcher" [_thread_blocked, id=19715, stack(0x0000000124506000,0x0000000124606000)]
  0x00007fdd9a85d000 JavaThread "Monitor Ctrl-Break" daemon [_thread_in_native, id=19203, stack(0x0000000124300000,0x0000000124400000)]
  0x00007fdd99031800 JavaThread "Service Thread" daemon [_thread_blocked, id=18179, stack(0x0000000123f9f000,0x000000012409f000)]
  0x00007fdd99030800 JavaThread "C1 CompilerThread2" daemon [_thread_blocked, id=17667, stack(0x0000000123e9c000,0x0000000123f9c000)]
  0x00007fdd99030000 JavaThread "C2 CompilerThread1" daemon [_thread_blocked, id=17155, stack(0x0000000123d99000,0x0000000123e99000)]
  0x00007fdd9a804000 JavaThread "C2 CompilerThread0" daemon [_thread_blocked, id=16643, stack(0x0000000123c96000,0x0000000123d96000)]
  0x00007fdd9985a800 JavaThread "Signal Dispatcher" daemon [_thread_blocked, id=13331, stack(0x0000000123b93000,0x0000000123c93000)]
  0x00007fdd9980b000 JavaThread "Finalizer" daemon [_thread_blocked, id=11523, stack(0x0000000122172000,0x0000000122272000)]
  0x00007fdd99018800 JavaThread "Reference Handler" daemon [_thread_blocked, id=11011, stack(0x000000012206f000,0x000000012216f000)]
  0x00007fdd99800800 JavaThread "main" [_thread_blocked, id=4867, stack(0x000000010c0c1000,0x000000010c1c1000)]

Other Threads:
  0x00007fdd99016000 VMThread [stack: 0x0000000121f6c000,0x000000012206c000] [id=10499]
  0x00007fdd9986d000 WatcherThread [stack: 0x00000001240a2000,0x00000001241a2000] [id=18691]

VM state:not at safepoint (normal execution)

VM Mutex/Monitor currently owned by a thread: None

Heap:
 PSYoungGen      total 36352K, used 6470K [0x0000000795580000, 0x0000000798380000, 0x00000007c0000000)
  eden space 25600K, 6% used [0x0000000795580000,0x0000000795736e50,0x0000000796e80000)
  from space 10752K, 43% used [0x0000000797900000,0x0000000797d9aa38,0x0000000798380000)
  to   space 10752K, 0% used [0x0000000796e80000,0x0000000796e80000,0x0000000797900000)
 ParOldGen       total 129536K, used 87716K [0x0000000740000000, 0x0000000747e80000, 0x0000000795580000)
  object space 129536K, 67% used [0x0000000740000000,0x00000007455a9058,0x0000000747e80000)
 Metaspace       used 16776K, capacity 16946K, committed 17152K, reserved 1064960K
  class space    used 2382K, capacity 2433K, committed 2560K, reserved 1048576K

Card table byte_map: [0x000000011b5c0000,0x000000011b9c1000] byte_map_base: 0x0000000117bc0000

Marking Bits: (ParMarkBitMap*) 0x000000010ba660a0
 Begin Bits: [0x000000011c078000, 0x000000011e078000)
 End Bits:   [0x000000011e078000, 0x0000000120078000)

Polling page: 0x000000010a9f1000

CodeCache: size=245760Kb used=10367Kb max_used=10367Kb free=235392Kb
 bounds [0x000000010c200000, 0x000000010cc30000, 0x000000011b200000]
 total_blobs=3854 nmethods=3204 adapters=563
 compilation: enabled

Compilation events (10 events):
Event: 52.942 Thread 0x00007fdd99030800 nmethod 3200 0x000000010cc214d0 code [0x000000010cc21640, 0x000000010cc218e8]
Event: 52.942 Thread 0x00007fdd99030800 3201       1       com.sun.javafx.text.PrismTextLayout::getTextSpans (5 bytes)
Event: 52.942 Thread 0x00007fdd99030800 nmethod 3201 0x000000010cc21210 code [0x000000010cc21360, 0x000000010cc21470]
Event: 52.942 Thread 0x00007fdd99030800 3202       1       com.sun.javafx.text.PrismTextLayout::getFont (5 bytes)
Event: 52.942 Thread 0x00007fdd99030800 nmethod 3202 0x000000010cc20f50 code [0x000000010cc210a0, 0x000000010cc211b0]
Event: 52.942 Thread 0x00007fdd99030800 3203       1       com.sun.javafx.font.PrismFont::getFontResource (5 bytes)
Event: 52.942 Thread 0x00007fdd99030800 nmethod 3203 0x000000010cc20c90 code [0x000000010cc20de0, 0x000000010cc20ef0]
Event: 52.942 Thread 0x00007fdd99030800 3204       1       com.sun.javafx.font.PrismFont::getFeatures (5 bytes)
Event: 52.942 Thread 0x00007fdd99030800 nmethod 3204 0x000000010cc209d0 code [0x000000010cc20b20, 0x000000010cc20c30]
Event: 52.943 Thread 0x00007fdd99030800 3205       3       com.sun.prism.impl.BaseResourceFactory::getCachedTexture (348 bytes)

GC Heap History (10 events):
Event: 3.152 GC heap before
{Heap before GC invocations=10 (full 0):
 PSYoungGen      total 9728K, used 9504K [0x0000000795580000, 0x0000000796580000, 0x00000007c0000000)
  eden space 7680K, 100% used [0x0000000795580000,0x0000000795d00000,0x0000000795d00000)
  from space 2048K, 89% used [0x0000000795d00000,0x0000000795ec8000,0x0000000795f00000)
  to   space 2048K, 0% used [0x0000000796380000,0x0000000796380000,0x0000000796580000)
 ParOldGen       total 129536K, used 58575K [0x0000000740000000, 0x0000000747e80000, 0x0000000795580000)
  object space 129536K, 45% used [0x0000000740000000,0x0000000743933f20,0x0000000747e80000)
 Metaspace       used 12500K, capacity 12576K, committed 12672K, reserved 1060864K
  class space    used 1797K, capacity 1848K, committed 1920K, reserved 1048576K
Event: 3.157 GC heap after
Heap after GC invocations=10 (full 0):
 PSYoungGen      total 13824K, used 1449K [0x0000000795580000, 0x0000000796680000, 0x00000007c0000000)
  eden space 11776K, 0% used [0x0000000795580000,0x0000000795580000,0x0000000796100000)
  from space 2048K, 70% used [0x0000000796380000,0x00000007964ea410,0x0000000796580000)
  to   space 2560K, 0% used [0x0000000796100000,0x0000000796100000,0x0000000796380000)
 ParOldGen       total 129536K, used 63947K [0x0000000740000000, 0x0000000747e80000, 0x0000000795580000)
  object space 129536K, 49% used [0x0000000740000000,0x0000000743e72d90,0x0000000747e80000)
 Metaspace       used 12500K, capacity 12576K, committed 12672K, reserved 1060864K
  class space    used 1797K, capacity 1848K, committed 1920K, reserved 1048576K
}
Event: 7.387 GC heap before
{Heap before GC invocations=11 (full 0):
 PSYoungGen      total 13824K, used 13225K [0x0000000795580000, 0x0000000796680000, 0x00000007c0000000)
  eden space 11776K, 100% used [0x0000000795580000,0x0000000796100000,0x0000000796100000)
  from space 2048K, 70% used [0x0000000796380000,0x00000007964ea410,0x0000000796580000)
  to   space 2560K, 0% used [0x0000000796100000,0x0000000796100000,0x0000000796380000)
 ParOldGen       total 129536K, used 63947K [0x0000000740000000, 0x0000000747e80000, 0x0000000795580000)
  object space 129536K, 49% used [0x0000000740000000,0x0000000743e72d90,0x0000000747e80000)
 Metaspace       used 15618K, capacity 15826K, committed 16000K, reserved 1062912K
  class space    used 2332K, capacity 2401K, committed 2432K, reserved 1048576K
Event: 7.392 GC heap after
Heap after GC invocations=11 (full 0):
 PSYoungGen      total 14336K, used 2548K [0x0000000795580000, 0x0000000797000000, 0x00000007c0000000)
  eden space 11776K, 0% used [0x0000000795580000,0x0000000795580000,0x0000000796100000)
  from space 2560K, 99% used [0x0000000796100000,0x000000079637d030,0x0000000796380000)
  to   space 4096K, 0% used [0x0000000796c00000,0x0000000796c00000,0x0000000797000000)
 ParOldGen       total 129536K, used 67064K [0x0000000740000000, 0x0000000747e80000, 0x0000000795580000)
  object space 129536K, 51% used [0x0000000740000000,0x000000074417e278,0x0000000747e80000)
 Metaspace       used 15618K, capacity 15826K, committed 16000K, reserved 1062912K
  class space    used 2332K, capacity 2401K, committed 2432K, reserved 1048576K
}
Event: 7.507 GC heap before
{Heap before GC invocations=12 (full 0):
 PSYoungGen      total 14336K, used 14324K [0x0000000795580000, 0x0000000797000000, 0x00000007c0000000)
  eden space 11776K, 100% used [0x0000000795580000,0x0000000796100000,0x0000000796100000)
  from space 2560K, 99% used [0x0000000796100000,0x000000079637d030,0x0000000796380000)
  to   space 4096K, 0% used [0x0000000796c00000,0x0000000796c00000,0x0000000797000000)
 ParOldGen       total 129536K, used 67064K [0x0000000740000000, 0x0000000747e80000, 0x0000000795580000)
  object space 129536K, 51% used [0x0000000740000000,0x000000074417e278,0x0000000747e80000)
 Metaspace       used 15661K, capacity 15826K, committed 16000K, reserved 1062912K
  class space    used 2334K, capacity 2401K, committed 2432K, reserved 1048576K
Event: 7.512 GC heap after
Heap after GC invocations=12 (full 0):
 PSYoungGen      total 19968K, used 4082K [0x0000000795580000, 0x0000000797600000, 0x00000007c0000000)
  eden space 15872K, 0% used [0x0000000795580000,0x0000000795580000,0x0000000796500000)
  from space 4096K, 99% used [0x0000000796c00000,0x0000000796ffc8f0,0x0000000797000000)
  to   space 7168K, 0% used [0x0000000796500000,0x0000000796500000,0x0000000796c00000)
 ParOldGen       total 129536K, used 73382K [0x0000000740000000, 0x0000000747e80000, 0x0000000795580000)
  object space 129536K, 56% used [0x0000000740000000,0x00000007447a98f8,0x0000000747e80000)
 Metaspace       used 15661K, capacity 15826K, committed 16000K, reserved 1062912K
  class space    used 2334K, capacity 2401K, committed 2432K, reserved 1048576K
}
Event: 7.624 GC heap before
{Heap before GC invocations=13 (full 0):
 PSYoungGen      total 19968K, used 19954K [0x0000000795580000, 0x0000000797600000, 0x00000007c0000000)
  eden space 15872K, 100% used [0x0000000795580000,0x0000000796500000,0x0000000796500000)
  from space 4096K, 99% used [0x0000000796c00000,0x0000000796ffc8f0,0x0000000797000000)
  to   space 7168K, 0% used [0x0000000796500000,0x0000000796500000,0x0000000796c00000)
 ParOldGen       total 129536K, used 73382K [0x0000000740000000, 0x0000000747e80000, 0x0000000795580000)
  object space 129536K, 56% used [0x0000000740000000,0x00000007447a98f8,0x0000000747e80000)
 Metaspace       used 15698K, capacity 15890K, committed 16000K, reserved 1062912K
  class space    used 2334K, capacity 2401K, committed 2432K, reserved 1048576K
Event: 7.630 GC heap after
Heap after GC invocations=13 (full 0):
 PSYoungGen      total 23040K, used 7157K [0x0000000795580000, 0x0000000798380000, 0x00000007c0000000)
  eden space 15872K, 0% used [0x0000000795580000,0x0000000795580000,0x0000000796500000)
  from space 7168K, 99% used [0x0000000796500000,0x0000000796bfd7b0,0x0000000796c00000)
  to   space 10752K, 0% used [0x0000000797900000,0x0000000797900000,0x0000000798380000)
 ParOldGen       total 129536K, used 80560K [0x0000000740000000, 0x0000000747e80000, 0x0000000795580000)
  object space 129536K, 62% used [0x0000000740000000,0x0000000744eac168,0x0000000747e80000)
 Metaspace       used 15698K, capacity 15890K, committed 16000K, reserved 1062912K
  class space    used 2334K, capacity 2401K, committed 2432K, reserved 1048576K
}
Event: 48.854 GC heap before
{Heap before GC invocations=14 (full 0):
 PSYoungGen      total 23040K, used 23029K [0x0000000795580000, 0x0000000798380000, 0x00000007c0000000)
  eden space 15872K, 100% used [0x0000000795580000,0x0000000796500000,0x0000000796500000)
  from space 7168K, 99% used [0x0000000796500000,0x0000000796bfd7b0,0x0000000796c00000)
  to   space 10752K, 0% used [0x0000000797900000,0x0000000797900000,0x0000000798380000)
 ParOldGen       total 129536K, used 80560K [0x0000000740000000, 0x0000000747e80000, 0x0000000795580000)
  object space 129536K, 62% used [0x0000000740000000,0x0000000744eac168,0x0000000747e80000)
 Metaspace       used 16710K, capacity 16882K, committed 17152K, reserved 1064960K
  class space    used 2381K, capacity 2433K, committed 2560K, reserved 1048576K
Event: 48.861 GC heap after
Heap after GC invocations=14 (full 0):
 PSYoungGen      total 36352K, used 4714K [0x0000000795580000, 0x0000000798380000, 0x00000007c0000000)
  eden space 25600K, 0% used [0x0000000795580000,0x0000000795580000,0x0000000796e80000)
  from space 10752K, 43% used [0x0000000797900000,0x0000000797d9aa38,0x0000000798380000)
  to   space 10752K, 0% used [0x0000000796e80000,0x0000000796e80000,0x0000000797900000)
 ParOldGen       total 129536K, used 87716K [0x0000000740000000, 0x0000000747e80000, 0x0000000795580000)
  object space 129536K, 67% used [0x0000000740000000,0x00000007455a9058,0x0000000747e80000)
 Metaspace       used 16710K, capacity 16882K, committed 17152K, reserved 1064960K
  class space    used 2381K, capacity 2433K, committed 2560K, reserved 1048576K
}

Deoptimization events (10 events):
Event: 28.354 Thread 0x00007fdd99132800 Uncommon trap: reason=class_check action=maybe_recompile pc=0x000000010ca7b86c method=com.sun.javafx.sg.prism.NGGroup.renderContent(Lcom/sun/prism/Graphics;)V @ 9
Event: 29.430 Thread 0x00007fdd9a867800 Uncommon trap: reason=class_check action=maybe_recompile pc=0x000000010ca97014 method=javafx.scene.Node.isManaged()Z @ 15
Event: 29.430 Thread 0x00007fdd9a867800 Uncommon trap: reason=class_check action=maybe_recompile pc=0x000000010ca97014 method=javafx.scene.Node.isManaged()Z @ 15
Event: 29.861 Thread 0x00007fdd9a867800 Uncommon trap: reason=class_check action=maybe_recompile pc=0x000000010ca97014 method=javafx.scene.Node.isManaged()Z @ 15
Event: 29.862 Thread 0x00007fdd9a867800 Uncommon trap: reason=class_check action=maybe_recompile pc=0x000000010ca97014 method=javafx.scene.Node.isManaged()Z @ 15
Event: 52.889 Thread 0x00007fdd9a867800 Uncommon trap: reason=bimorphic action=maybe_recompile pc=0x000000010caa62a4 method=javafx.beans.property.StringPropertyBase.set(Ljava/lang/Object;)V @ 5
Event: 52.898 Thread 0x00007fdd9a867800 Uncommon trap: reason=unreached action=reinterpret pc=0x000000010caa81f4 method=javafx.beans.property.StringPropertyBase.set(Ljava/lang/String;)V @ 21
Event: 52.907 Thread 0x00007fdd9a867800 Uncommon trap: reason=unreached action=reinterpret pc=0x000000010cbaa268 method=java.util.concurrent.locks.ReentrantLock$Sync.isHeldExclusively()Z @ 7
Event: 52.908 Thread 0x00007fdd99132800 Uncommon trap: reason=unreached action=reinterpret pc=0x000000010c945be8 method=com.sun.prism.impl.BaseResourceFactory.getCachedTexture(Lcom/sun/prism/Image;Lcom/sun/prism/Texture$WrapMode;)Lcom/sun/prism/Texture; @ 18
Event: 52.909 Thread 0x00007fdd99132800 Uncommon trap: reason=unreached action=reinterpret pc=0x000000010c8f5e00 method=com.sun.javafx.sg.prism.NGNode.doRender(Lcom/sun/prism/Graphics;)V @ 280

Internal exceptions (10 events):
Event: 7.648 Thread 0x00007fdd9a867800 Exception <a 'java/io/FileNotFoundException'> (0x000000079575f0a0) thrown at [/HUDSON/workspace/8-2-build-macosx-x86_64/jdk8u5/2488/hotspot/src/share/vm/prims/jni.cpp, line 716]
Event: 7.649 Thread 0x00007fdd9a867800 Exception <a 'java/io/FileNotFoundException'> (0x0000000795778980) thrown at [/HUDSON/workspace/8-2-build-macosx-x86_64/jdk8u5/2488/hotspot/src/share/vm/prims/jni.cpp, line 716]
Event: 7.650 Thread 0x00007fdd9a867800 Exception <a 'java/io/FileNotFoundException'> (0x00000007957922a0) thrown at [/HUDSON/workspace/8-2-build-macosx-x86_64/jdk8u5/2488/hotspot/src/share/vm/prims/jni.cpp, line 716]
Event: 7.651 Thread 0x00007fdd9a867800 Exception <a 'java/io/FileNotFoundException'> (0x00000007957b07d0) thrown at [/HUDSON/workspace/8-2-build-macosx-x86_64/jdk8u5/2488/hotspot/src/share/vm/prims/jni.cpp, line 716]
Event: 7.830 Thread 0x00007fdd99132800 Implicit null exception at 0x000000010c76873f to 0x000000010c76896d
Event: 7.835 Thread 0x00007fdd99132800 Implicit null exception at 0x000000010c70f183 to 0x000000010c70f371
Event: 25.591 Thread 0x00007fdd9a867800 Exception <a 'java/security/PrivilegedActionException'> (0x0000000795f5f758) thrown at [/HUDSON/workspace/8-2-build-macosx-x86_64/jdk8u5/2488/hotspot/src/share/vm/prims/jvm.cpp, line 1248]
Event: 52.889 Thread 0x00007fdd9a867800 Exception <a 'java/security/PrivilegedActionException'> (0x00000007956d5040) thrown at [/HUDSON/workspace/8-2-build-macosx-x86_64/jdk8u5/2488/hotspot/src/share/vm/prims/jvm.cpp, line 1248]
Event: 52.898 Thread 0x00007fdd9a867800 Implicit null exception at 0x000000010caa809f to 0x000000010caa81e1
Event: 52.941 Thread 0x00007fdd9a867800 Exception <a 'java/security/PrivilegedActionException'> (0x0000000795705588) thrown at [/HUDSON/workspace/8-2-build-macosx-x86_64/jdk8u5/2488/hotspot/src/share/vm/prims/jvm.cpp, line 1248]

Events (10 events):
Event: 52.908 Thread 0x00007fdd99132800 Uncommon trap: trap_request=0xffffffad fr.pc=0x000000010c945be8
Event: 52.908 Thread 0x00007fdd99132800 DEOPT PACKING pc=0x000000010c945be8 sp=0x0000000124707880
Event: 52.908 Thread 0x00007fdd99132800 DEOPT UNPACKING pc=0x000000010c247250 sp=0x0000000124707818 mode 2
Event: 52.909 Thread 0x00007fdd99132800 Uncommon trap: trap_request=0xffffffad fr.pc=0x000000010c8f5e00
Event: 52.909 Thread 0x00007fdd99132800 DEOPT PACKING pc=0x000000010c8f5e00 sp=0x0000000124707d80
Event: 52.909 Thread 0x00007fdd99132800 DEOPT UNPACKING pc=0x000000010c247250 sp=0x0000000124707d78 mode 2
Event: 52.909 Executing VM operation: RevokeBias
Event: 52.909 Executing VM operation: RevokeBias done
Event: 52.941 loading class edu/gu/maze/controller/CongratzController
Event: 52.941 loading class edu/gu/maze/controller/CongratzController done


Dynamic libraries:
0x000000000d099000 	/System/Library/Frameworks/Cocoa.framework/Versions/A/Cocoa
0x000000000d099000 	/System/Library/Frameworks/Security.framework/Versions/A/Security
0x000000000d099000 	/System/Library/Frameworks/ApplicationServices.framework/Versions/A/ApplicationServices
0x000000000d099000 	/usr/lib/libz.1.dylib
0x000000000d099000 	/usr/lib/libSystem.B.dylib
0x000000000d099000 	/usr/lib/libobjc.A.dylib
0x000000000d099000 	/System/Library/Frameworks/CoreFoundation.framework/Versions/A/CoreFoundation
0x000000000d099000 	/System/Library/Frameworks/Foundation.framework/Versions/C/Foundation
0x000000000d099000 	/System/Library/Frameworks/AppKit.framework/Versions/C/AppKit
0x000000000d099000 	/System/Library/Frameworks/CoreData.framework/Versions/A/CoreData
0x000000000d099000 	/System/Library/PrivateFrameworks/RemoteViewServices.framework/Versions/A/RemoteViewServices
0x000000000d099000 	/System/Library/PrivateFrameworks/UIFoundation.framework/Versions/A/UIFoundation
0x000000000d099000 	/System/Library/Frameworks/IOSurface.framework/Versions/A/IOSurface
0x000000000d099000 	/System/Library/Frameworks/AudioToolbox.framework/Versions/A/AudioToolbox
0x000000000d099000 	/System/Library/Frameworks/AudioUnit.framework/Versions/A/AudioUnit
0x000000000d099000 	/System/Library/PrivateFrameworks/DataDetectorsCore.framework/Versions/A/DataDetectorsCore
0x000000000d099000 	/System/Library/PrivateFrameworks/DesktopServicesPriv.framework/Versions/A/DesktopServicesPriv
0x000000000d099000 	/System/Library/Frameworks/Carbon.framework/Versions/A/Frameworks/HIToolbox.framework/Versions/A/HIToolbox
0x000000000d099000 	/System/Library/Frameworks/QuartzCore.framework/Versions/A/QuartzCore
0x000000000d099000 	/System/Library/Frameworks/Carbon.framework/Versions/A/Frameworks/SpeechRecognition.framework/Versions/A/SpeechRecognition
0x000000000d099000 	/usr/lib/libauto.dylib
0x000000000d099000 	/usr/lib/libicucore.A.dylib
0x000000000d099000 	/usr/lib/libxml2.2.dylib
0x000000000d099000 	/System/Library/PrivateFrameworks/CoreUI.framework/Versions/A/CoreUI
0x000000000d099000 	/System/Library/Frameworks/CoreAudio.framework/Versions/A/CoreAudio
0x000000000d099000 	/System/Library/Frameworks/DiskArbitration.framework/Versions/A/DiskArbitration
0x000000000d099000 	/usr/lib/liblangid.dylib
0x000000000d099000 	/System/Library/PrivateFrameworks/MultitouchSupport.framework/Versions/A/MultitouchSupport
0x000000000d099000 	/System/Library/Frameworks/IOKit.framework/Versions/A/IOKit
0x000000000d099000 	/usr/lib/libDiagnosticMessagesClient.dylib
0x000000000d099000 	/System/Library/Frameworks/CoreServices.framework/Versions/A/CoreServices
0x000000000d099000 	/System/Library/PrivateFrameworks/PerformanceAnalysis.framework/Versions/A/PerformanceAnalysis
0x000000000d099000 	/System/Library/PrivateFrameworks/GenerationalStorage.framework/Versions/A/GenerationalStorage
0x000000000d099000 	/System/Library/Frameworks/OpenGL.framework/Versions/A/OpenGL
0x000000000d099000 	/System/Library/PrivateFrameworks/Sharing.framework/Versions/A/Sharing
0x000000000d099000 	/System/Library/Frameworks/CoreGraphics.framework/Versions/A/CoreGraphics
0x000000000d099000 	/System/Library/Frameworks/CoreText.framework/Versions/A/CoreText
0x000000000d099000 	/System/Library/Frameworks/ImageIO.framework/Versions/A/ImageIO
0x000000000d099000 	/usr/lib/libextension.dylib
0x000000000d099000 	/System/Library/PrivateFrameworks/Backup.framework/Versions/A/Backup
0x000000000d099000 	/usr/lib/libarchive.2.dylib
0x000000000d099000 	/System/Library/Frameworks/CFNetwork.framework/Versions/A/CFNetwork
0x000000000d099000 	/System/Library/Frameworks/SystemConfiguration.framework/Versions/A/SystemConfiguration
0x000000000d099000 	/usr/lib/libCRFSuite.dylib
0x000000000d099000 	/usr/lib/libc++.1.dylib
0x000000000d099000 	/usr/lib/libc++abi.dylib
0x000000000d099000 	/usr/lib/system/libcache.dylib
0x000000000d099000 	/usr/lib/system/libcommonCrypto.dylib
0x000000000d099000 	/usr/lib/system/libcompiler_rt.dylib
0x000000000d099000 	/usr/lib/system/libcopyfile.dylib
0x000000000d099000 	/usr/lib/system/libcorecrypto.dylib
0x000000000d099000 	/usr/lib/system/libdispatch.dylib
0x000000000d099000 	/usr/lib/system/libdyld.dylib
0x000000000d099000 	/usr/lib/system/libkeymgr.dylib
0x000000000d099000 	/usr/lib/system/liblaunch.dylib
0x000000000d099000 	/usr/lib/system/libmacho.dylib
0x000000000d099000 	/usr/lib/system/libquarantine.dylib
0x000000000d099000 	/usr/lib/system/libremovefile.dylib
0x000000000d099000 	/usr/lib/system/libsystem_asl.dylib
0x000000000d099000 	/usr/lib/system/libsystem_blocks.dylib
0x000000000d099000 	/usr/lib/system/libsystem_c.dylib
0x000000000d099000 	/usr/lib/system/libsystem_configuration.dylib
0x000000000d099000 	/usr/lib/system/libsystem_coreservices.dylib
0x000000000d099000 	/usr/lib/system/libsystem_coretls.dylib
0x000000000d099000 	/usr/lib/system/libsystem_dnssd.dylib
0x000000000d099000 	/usr/lib/system/libsystem_info.dylib
0x000000000d099000 	/usr/lib/system/libsystem_kernel.dylib
0x000000000d099000 	/usr/lib/system/libsystem_m.dylib
0x000000000d099000 	/usr/lib/system/libsystem_malloc.dylib
0x000000000d099000 	/usr/lib/system/libsystem_network.dylib
0x000000000d099000 	/usr/lib/system/libsystem_networkextension.dylib
0x000000000d099000 	/usr/lib/system/libsystem_notify.dylib
0x000000000d099000 	/usr/lib/system/libsystem_platform.dylib
0x000000000d099000 	/usr/lib/system/libsystem_pthread.dylib
0x000000000d099000 	/usr/lib/system/libsystem_sandbox.dylib
0x000000000d099000 	/usr/lib/system/libsystem_secinit.dylib
0x000000000d099000 	/usr/lib/system/libsystem_stats.dylib
0x000000000d099000 	/usr/lib/system/libsystem_trace.dylib
0x000000000d099000 	/usr/lib/system/libunc.dylib
0x000000000d099000 	/usr/lib/system/libunwind.dylib
0x000000000d099000 	/usr/lib/system/libxpc.dylib
0x000000000d099000 	/usr/lib/libbz2.1.0.dylib
0x000000000d099000 	/usr/lib/liblzma.5.dylib
0x000000000d099000 	/usr/lib/libbsm.0.dylib
0x000000000d099000 	/usr/lib/libsqlite3.dylib
0x000000000d099000 	/usr/lib/system/libkxld.dylib
0x000000000d099000 	/usr/lib/libxar.1.dylib
0x000000000d099000 	/usr/lib/libpam.2.dylib
0x000000000d099000 	/usr/lib/libOpenScriptingUtil.dylib
0x000000000d099000 	/System/Library/Frameworks/CoreServices.framework/Versions/A/Frameworks/FSEvents.framework/Versions/A/FSEvents
0x000000000d099000 	/System/Library/Frameworks/CoreServices.framework/Versions/A/Frameworks/CarbonCore.framework/Versions/A/CarbonCore
0x000000000d099000 	/System/Library/Frameworks/CoreServices.framework/Versions/A/Frameworks/Metadata.framework/Versions/A/Metadata
0x000000000d099000 	/System/Library/Frameworks/CoreServices.framework/Versions/A/Frameworks/OSServices.framework/Versions/A/OSServices
0x000000000d099000 	/System/Library/Frameworks/CoreServices.framework/Versions/A/Frameworks/SearchKit.framework/Versions/A/SearchKit
0x000000000d099000 	/System/Library/Frameworks/CoreServices.framework/Versions/A/Frameworks/AE.framework/Versions/A/AE
0x000000000d099000 	/System/Library/Frameworks/CoreServices.framework/Versions/A/Frameworks/LaunchServices.framework/Versions/A/LaunchServices
0x000000000d099000 	/System/Library/Frameworks/CoreServices.framework/Versions/A/Frameworks/DictionaryServices.framework/Versions/A/DictionaryServices
0x000000000d099000 	/System/Library/Frameworks/NetFS.framework/Versions/A/NetFS
0x000000000d099000 	/System/Library/PrivateFrameworks/NetAuth.framework/Versions/A/NetAuth
0x000000000d099000 	/System/Library/PrivateFrameworks/login.framework/Versions/A/Frameworks/loginsupport.framework/Versions/A/loginsupport
0x000000000d099000 	/System/Library/PrivateFrameworks/TCC.framework/Versions/A/TCC
0x000000000d099000 	/usr/lib/libmecabra.dylib
0x000000000d099000 	/System/Library/Frameworks/ApplicationServices.framework/Versions/A/Frameworks/ATS.framework/Versions/A/ATS
0x000000000d099000 	/System/Library/Frameworks/ApplicationServices.framework/Versions/A/Frameworks/ColorSync.framework/Versions/A/ColorSync
0x000000000d099000 	/System/Library/Frameworks/ApplicationServices.framework/Versions/A/Frameworks/HIServices.framework/Versions/A/HIServices
0x000000000d099000 	/System/Library/Frameworks/ApplicationServices.framework/Versions/A/Frameworks/LangAnalysis.framework/Versions/A/LangAnalysis
0x000000000d099000 	/System/Library/Frameworks/ApplicationServices.framework/Versions/A/Frameworks/PrintCore.framework/Versions/A/PrintCore
0x000000000d099000 	/System/Library/Frameworks/ApplicationServices.framework/Versions/A/Frameworks/QD.framework/Versions/A/QD
0x000000000d099000 	/System/Library/Frameworks/ApplicationServices.framework/Versions/A/Frameworks/SpeechSynthesis.framework/Versions/A/SpeechSynthesis
0x000000000d099000 	/System/Library/Frameworks/Accelerate.framework/Versions/A/Accelerate
0x000000000d099000 	/System/Library/Frameworks/Accelerate.framework/Versions/A/Frameworks/vImage.framework/Versions/A/vImage
0x000000000d099000 	/System/Library/Frameworks/Accelerate.framework/Versions/A/Frameworks/vecLib.framework/Versions/A/vecLib
0x000000000d099000 	/System/Library/Frameworks/Accelerate.framework/Versions/A/Frameworks/vecLib.framework/Versions/A/libvDSP.dylib
0x000000000d099000 	/System/Library/Frameworks/Accelerate.framework/Versions/A/Frameworks/vecLib.framework/Versions/A/libvMisc.dylib
0x000000000d099000 	/System/Library/Frameworks/Accelerate.framework/Versions/A/Frameworks/vecLib.framework/Versions/A/libLAPACK.dylib
0x000000000d099000 	/System/Library/Frameworks/Accelerate.framework/Versions/A/Frameworks/vecLib.framework/Versions/A/libBLAS.dylib
0x000000000d099000 	/System/Library/Frameworks/Accelerate.framework/Versions/A/Frameworks/vecLib.framework/Versions/A/libLinearAlgebra.dylib
0x000000000d099000 	/System/Library/Frameworks/ApplicationServices.framework/Versions/A/Frameworks/ATS.framework/Versions/A/Resources/libFontParser.dylib
0x000000000d099000 	/System/Library/Frameworks/ApplicationServices.framework/Versions/A/Frameworks/ATS.framework/Versions/A/Resources/libFontRegistry.dylib
0x000000000d099000 	/System/Library/PrivateFrameworks/AppleVPA.framework/Versions/A/AppleVPA
0x000000000d099000 	/System/Library/PrivateFrameworks/AppleJPEG.framework/Versions/A/AppleJPEG
0x000000000d099000 	/System/Library/Frameworks/ImageIO.framework/Versions/A/Resources/libJPEG.dylib
0x000000000d099000 	/System/Library/Frameworks/ImageIO.framework/Versions/A/Resources/libTIFF.dylib
0x000000000d099000 	/System/Library/Frameworks/ImageIO.framework/Versions/A/Resources/libPng.dylib
0x000000000d099000 	/System/Library/Frameworks/ImageIO.framework/Versions/A/Resources/libGIF.dylib
0x000000000d099000 	/System/Library/Frameworks/ImageIO.framework/Versions/A/Resources/libJP2.dylib
0x000000000d099000 	/System/Library/Frameworks/ImageIO.framework/Versions/A/Resources/libRadiance.dylib
0x000000000d099000 	/System/Library/Frameworks/CoreVideo.framework/Versions/A/CoreVideo
0x000000000d099000 	/System/Library/Frameworks/OpenGL.framework/Versions/A/Libraries/libGLU.dylib
0x000000000d099000 	/System/Library/Frameworks/OpenGL.framework/Versions/A/Libraries/libGFXShared.dylib
0x000000000d099000 	/System/Library/Frameworks/OpenGL.framework/Versions/A/Libraries/libGL.dylib
0x000000000d099000 	/System/Library/Frameworks/OpenGL.framework/Versions/A/Libraries/libGLImage.dylib
0x000000000d099000 	/System/Library/Frameworks/OpenGL.framework/Versions/A/Libraries/libCVMSPluginSupport.dylib
0x000000000d099000 	/System/Library/Frameworks/OpenGL.framework/Versions/A/Libraries/libCoreVMClient.dylib
0x000000000d099000 	/usr/lib/libcups.2.dylib
0x000000000d099000 	/System/Library/Frameworks/Kerberos.framework/Versions/A/Kerberos
0x000000000d099000 	/System/Library/Frameworks/GSS.framework/Versions/A/GSS
0x000000000d099000 	/usr/lib/libresolv.9.dylib
0x000000000d099000 	/usr/lib/libiconv.2.dylib
0x000000000d099000 	/System/Library/PrivateFrameworks/Heimdal.framework/Versions/A/Heimdal
0x000000000d099000 	/usr/lib/libheimdal-asn1.dylib
0x000000000d099000 	/System/Library/Frameworks/OpenDirectory.framework/Versions/A/OpenDirectory
0x000000000d099000 	/System/Library/PrivateFrameworks/CommonAuth.framework/Versions/A/CommonAuth
0x000000000d099000 	/System/Library/Frameworks/OpenDirectory.framework/Versions/A/Frameworks/CFOpenDirectory.framework/Versions/A/CFOpenDirectory
0x000000000d099000 	/System/Library/Frameworks/SecurityFoundation.framework/Versions/A/SecurityFoundation
0x000000000d099000 	/System/Library/PrivateFrameworks/LanguageModeling.framework/Versions/A/LanguageModeling
0x000000000d099000 	/usr/lib/libcmph.dylib
0x000000000d099000 	/System/Library/Frameworks/ServiceManagement.framework/Versions/A/ServiceManagement
0x000000000d099000 	/usr/lib/libxslt.1.dylib
0x000000000d099000 	/System/Library/Frameworks/Carbon.framework/Versions/A/Frameworks/Ink.framework/Versions/A/Ink
0x000000000d099000 	/System/Library/Frameworks/QuartzCore.framework/Versions/A/Frameworks/CoreImage.framework/Versions/A/CoreImage
0x000000000d099000 	/System/Library/PrivateFrameworks/CrashReporterSupport.framework/Versions/A/CrashReporterSupport
0x000000000d099000 	/System/Library/Frameworks/OpenCL.framework/Versions/A/OpenCL
0x000000000d099000 	/System/Library/PrivateFrameworks/FaceCore.framework/Versions/A/FaceCore
0x000000000d099000 	/System/Library/PrivateFrameworks/Ubiquity.framework/Versions/A/Ubiquity
0x000000000d099000 	/System/Library/PrivateFrameworks/IconServices.framework/Versions/A/IconServices
0x000000000d099000 	/System/Library/PrivateFrameworks/ChunkingLibrary.framework/Versions/A/ChunkingLibrary
0x000000000d099000 	/System/Library/PrivateFrameworks/Apple80211.framework/Versions/A/Apple80211
0x000000000d099000 	/System/Library/Frameworks/CoreWLAN.framework/Versions/A/CoreWLAN
0x000000000d099000 	/System/Library/Frameworks/IOBluetooth.framework/Versions/A/IOBluetooth
0x000000000d099000 	/System/Library/PrivateFrameworks/CoreWiFi.framework/Versions/A/CoreWiFi
0x000000000d099000 	/System/Library/Frameworks/CoreBluetooth.framework/Versions/A/CoreBluetooth
0x000000000d099000 	/System/Library/PrivateFrameworks/DebugSymbols.framework/Versions/A/DebugSymbols
0x000000000d099000 	/System/Library/PrivateFrameworks/CoreSymbolication.framework/Versions/A/CoreSymbolication
0x000000000d099000 	/System/Library/PrivateFrameworks/Symbolication.framework/Versions/A/Symbolication
0x000000000d099000 	/System/Library/PrivateFrameworks/SpeechRecognitionCore.framework/Versions/A/SpeechRecognitionCore
0x000000010b200000 	/Library/Java/JavaVirtualMachines/jdk1.8.0_05.jdk/Contents/Home/jre/lib/server/libjvm.dylib
0x000000000d099000 	/usr/lib/libstdc++.6.dylib
0x000000010a9e3000 	/Library/Java/JavaVirtualMachines/jdk1.8.0_05.jdk/Contents/Home/jre/lib/libverify.dylib
0x000000010c1c3000 	/Library/Java/JavaVirtualMachines/jdk1.8.0_05.jdk/Contents/Home/jre/lib/libjava.dylib
0x000000010c1f7000 	/Library/Java/JavaVirtualMachines/jdk1.8.0_05.jdk/Contents/Home/jre/lib/libzip.dylib
0x0000000122274000 	/System/Library/Frameworks/JavaVM.framework/Frameworks/JavaRuntimeSupport.framework/JavaRuntimeSupport
0x000000012228c000 	/System/Library/Frameworks/JavaVM.framework/Versions/A/Frameworks/JavaNativeFoundation.framework/Versions/A/JavaNativeFoundation
0x00000001222a1000 	/System/Library/Frameworks/JavaVM.framework/Versions/A/JavaVM
0x000000000d099000 	/System/Library/Frameworks/Carbon.framework/Versions/A/Carbon
0x00000001222ae000 	/System/Library/PrivateFrameworks/JavaLaunching.framework/Versions/A/JavaLaunching
0x000000000d099000 	/System/Library/Frameworks/Carbon.framework/Versions/A/Frameworks/CommonPanels.framework/Versions/A/CommonPanels
0x000000000d099000 	/System/Library/Frameworks/Carbon.framework/Versions/A/Frameworks/Help.framework/Versions/A/Help
0x000000000d099000 	/System/Library/Frameworks/Carbon.framework/Versions/A/Frameworks/ImageCapture.framework/Versions/A/ImageCapture
0x000000000d099000 	/System/Library/Frameworks/Carbon.framework/Versions/A/Frameworks/OpenScripting.framework/Versions/A/OpenScripting
0x000000000d099000 	/System/Library/Frameworks/Carbon.framework/Versions/A/Frameworks/Print.framework/Versions/A/Print
0x000000000d099000 	/System/Library/Frameworks/Carbon.framework/Versions/A/Frameworks/SecurityHI.framework/Versions/A/SecurityHI
0x00000001242fc000 	/Applications/IntelliJ IDEA 14.app/Contents/bin/libbreakgen64.jnilib
0x00000001244a7000 	/Library/Java/JavaVirtualMachines/jdk1.8.0_05.jdk/Contents/Home/jre/lib/libnet.dylib
0x000000012470b000 	/Library/Java/JavaVirtualMachines/jdk1.8.0_05.jdk/Contents/Home/jre/lib/libprism_es2.dylib
0x000000000d099000 	/System/Library/Frameworks/OpenGL.framework/Versions/A/Resources/GLEngine.bundle/GLEngine
0x000000000d099000 	/System/Library/Frameworks/OpenGL.framework/Versions/A/Libraries/libGLProgrammability.dylib
0x0000000000000000 	/System/Library/Extensions/AppleIntelHD5000GraphicsGLDriver.bundle/Contents/MacOS/AppleIntelHD5000GraphicsGLDriver
0x000000000d099000 	/System/Library/PrivateFrameworks/IOAccelerator.framework/Versions/A/IOAccelerator
0x000000000d099000 	/System/Library/PrivateFrameworks/GPUSupport.framework/Versions/A/Libraries/libGPUSupportMercury.dylib
0x000000000d099000 	/System/Library/Frameworks/OpenGL.framework/Versions/A/Resources/GLRendererFloat.bundle/GLRendererFloat
0x000000000d099000 	/System/Library/Frameworks/OpenCL.framework/Versions/A/Libraries/libcldcpuengine.dylib
0x000000000d099000 	/System/Library/PrivateFrameworks/DiskImages.framework/Versions/A/DiskImages
0x000000000d099000 	/System/Library/Frameworks/DiscRecording.framework/Versions/A/DiscRecording
0x000000000d099000 	/usr/lib/libcsfde.dylib
0x000000000d099000 	/usr/lib/libcurl.4.dylib
0x000000000d099000 	/System/Library/PrivateFrameworks/MediaKit.framework/Versions/A/MediaKit
0x000000000d099000 	/System/Library/PrivateFrameworks/ProtectedCloudStorage.framework/Versions/A/ProtectedCloudStorage
0x000000000d099000 	/usr/lib/libCoreStorage.dylib
0x000000000d099000 	/System/Library/PrivateFrameworks/EFILogin.framework/Versions/A/EFILogin
0x000000000d099000 	/usr/lib/libutil.dylib
0x000000000d099000 	/System/Library/PrivateFrameworks/FindMyDevice.framework/Versions/A/FindMyDevice
0x000000000d099000 	/System/Library/Frameworks/LDAP.framework/Versions/A/LDAP
0x000000000d099000 	/usr/lib/libsasl2.2.dylib
0x000000000d099000 	/System/Library/PrivateFrameworks/CoreDaemon.framework/Versions/B/CoreDaemon
0x000000000d099000 	/usr/lib/libcrypto.0.9.8.dylib
0x000000000d099000 	/System/Library/PrivateFrameworks/AppleSRP.framework/Versions/A/AppleSRP
0x000000000d099000 	/System/Library/PrivateFrameworks/TrustEvaluationAgent.framework/Versions/A/TrustEvaluationAgent
0x0000000124bbc000 	/Library/Java/JavaVirtualMachines/jdk1.8.0_05.jdk/Contents/Home/jre/lib/libglass.dylib
0x000000000d099000 	/System/Library/PrivateFrameworks/CoreServicesInternal.framework/Versions/A/CoreServicesInternal
0x000000000d099000 	/System/Library/PrivateFrameworks/CloudDocs.framework/Versions/A/CloudDocs
0x000000000d099000 	/System/Library/PrivateFrameworks/CoreDuet.framework/Versions/A/CoreDuet
0x000000000d099000 	/System/Library/Frameworks/CloudKit.framework/Versions/A/CloudKit
0x000000000d099000 	/System/Library/PrivateFrameworks/ProtocolBuffer.framework/Versions/A/ProtocolBuffer
0x000000000d099000 	/System/Library/PrivateFrameworks/CoreDuetDaemonProtocol.framework/Versions/A/CoreDuetDaemonProtocol
0x000000000d099000 	/System/Library/PrivateFrameworks/CoreDuetDebugLogging.framework/Versions/A/CoreDuetDebugLogging
0x000000000d099000 	/System/Library/PrivateFrameworks/MMCS.framework/Versions/A/MMCS
0x000000000d099000 	/System/Library/Frameworks/CoreLocation.framework/Versions/A/CoreLocation
0x000000000d099000 	/System/Library/PrivateFrameworks/GeoServices.framework/Versions/A/GeoServices
0x000000000d099000 	/System/Library/Frameworks/CoreGraphics.framework/Versions/A/Resources/libCGCMS.A.dylib
0x000000000d099000 	/System/Library/CoreServices/RawCamera.bundle/Contents/MacOS/RawCamera
0x000000000d099000 	/System/Library/Frameworks/CoreGraphics.framework/Versions/A/Resources/libRIP.A.dylib
0x000000000d099000 	/System/Library/PrivateFrameworks/FamilyControls.framework/Versions/A/FamilyControls
0x000000000d099000 	/System/Library/PrivateFrameworks/CommerceKit.framework/Versions/A/Frameworks/CommerceCore.framework/Versions/A/CommerceCore
0x000000000d099000 	/System/Library/PrivateFrameworks/SystemAdministration.framework/Versions/A/SystemAdministration
0x000000000d099000 	/System/Library/PrivateFrameworks/AppContainer.framework/Versions/A/AppContainer
0x000000000d099000 	/System/Library/PrivateFrameworks/SecCodeWrapper.framework/Versions/A/SecCodeWrapper
0x000000000d099000 	/System/Library/Frameworks/DirectoryService.framework/Versions/A/DirectoryService
0x000000000d099000 	/System/Library/PrivateFrameworks/LoginUIKit.framework/Versions/A/Frameworks/LoginUICore.framework/Versions/A/LoginUICore
0x000000000d099000 	/usr/lib/libodfde.dylib
0x0000000128507000 	/Library/Java/JavaVirtualMachines/jdk1.8.0_05.jdk/Contents/Home/jre/lib/libnio.dylib
0x000000012853c000 	/Library/Java/JavaVirtualMachines/jdk1.8.0_05.jdk/Contents/Home/jre/lib/libjavafx_font.dylib
0x000000000d099000 	/System/Library/Frameworks/CoreGraphics.framework/Versions/A/Resources/libCGXType.A.dylib
0x0000000128fc6000 	/Library/Java/JavaVirtualMachines/jdk1.8.0_05.jdk/Contents/Home/jre/lib/libjavafx_iio.dylib
0x000000012ac12000 	cl_kernels
0x000000012bb84000 	/System/Library/Frameworks/OpenCL.framework/Versions/A/Libraries/ImageFormats/unorm8_bgra.dylib
0x000000012ac18000 	cl_kernels
0x0000000130eb4000 	/Library/Java/JavaVirtualMachines/jdk1.8.0_05.jdk/Contents/Home/jre/lib/libprism_common.dylib

VM Arguments:
jvm_args: -Didea.launcher.port=7539 -Didea.launcher.bin.path=/Applications/IntelliJ IDEA 14.app/Contents/bin -Dfile.encoding=UTF-8 
java_command: com.intellij.rt.execution.application.AppMain edu.gu.maze.Main
java_class_path (initial): /Library/Java/JavaVirtualMachines/jdk1.8.0_05.jdk/Contents/Home/lib/ant-javafx.jar:/Library/Java/JavaVirtualMachines/jdk1.8.0_05.jdk/Contents/Home/lib/dt.jar:/Library/Java/JavaVirtualMachines/jdk1.8.0_05.jdk/Contents/Home/lib/javafx-mx.jar:/Library/Java/JavaVirtualMachines/jdk1.8.0_05.jdk/Contents/Home/lib/jconsole.jar:/Library/Java/JavaVirtualMachines/jdk1.8.0_05.jdk/Contents/Home/lib/sa-jdi.jar:/Library/Java/JavaVirtualMachines/jdk1.8.0_05.jdk/Contents/Home/lib/tools.jar:/Library/Java/JavaVirtualMachines/jdk1.8.0_05.jdk/Contents/Home/jre/lib/charsets.jar:/Library/Java/JavaVirtualMachines/jdk1.8.0_05.jdk/Contents/Home/jre/lib/deploy.jar:/Library/Java/JavaVirtualMachines/jdk1.8.0_05.jdk/Contents/Home/jre/lib/htmlconverter.jar:/Library/Java/JavaVirtualMachines/jdk1.8.0_05.jdk/Contents/Home/jre/lib/javaws.jar:/Library/Java/JavaVirtualMachines/jdk1.8.0_05.jdk/Contents/Home/jre/lib/jce.jar:/Library/Java/JavaVirtualMachines/jdk1.8.0_05.jdk/Contents/Home/jre/lib/jfr.jar:/Library/Java/JavaVirtualMachines/jdk1.8.0_05.jdk/Contents/Home/jre/lib/jfxswt.jar:/Library/Java/JavaVirtualMachines/jdk1.8.0_05.jdk/Contents/Home/jre/lib/jsse.jar:/Library/Java/JavaVirtualMachines/jdk1.8.0_05.jdk/Contents/Home/jre/lib/management-agent.jar:/Library/Java/JavaVirtualMachines/jdk1.8.0_05.jdk/Contents/Home/jre/lib/plugin.jar:/Library/Java/JavaVirtualMachines/jdk1.8.0_05.jdk/Contents/Home/jre/lib/resources.jar:/Library/Java/JavaVirtualMachines/jdk1.8.0_05.jdk/Contents/Home/jre/lib/rt.jar:/Library/Java/JavaVirtualMachines/jdk1.8.0_05.jdk/Contents/Home/jre/lib/ext/cldrdata.jar:/Library/Java/JavaVirtualMachines/jdk1.8.0_05.jdk/Contents/Home/jre/lib/ext/dnsns.jar:/Library/Java/JavaVirtualMachines/jdk1.8.0_05.jdk/Contents/Home/jre/lib/ext/jfxrt.jar:/Library/Java/JavaVirtualMachines/jdk1.8.0_05.jdk/Contents/Home/jre/lib/ext/localedata.jar:/Library/Java/JavaVirtualMachines/jdk1.8.0_05.jdk/Contents/Home/jre/lib/ext/nashorn.jar:/Library/Java/JavaVirtualMachines/jdk1.8.0_05.j
Launcher Type: SUN_STANDARD

Environment Variables:
PATH=/usr/local/bin:/usr/bin:/bin:/usr/sbin:/sbin:/opt/X11/bin:/usr/local/git/bin
SHELL=/bin/bash
DISPLAY=/private/tmp/com.apple.launchd.NCuK5aruWI/org.macosforge.xquartz:0

Signal Handlers:
SIGSEGV: [libjvm.dylib+0x55f7df], sa_mask[0]=0xfffefeff, sa_flags=0x00000043
SIGBUS: [libjvm.dylib+0x55f7df], sa_mask[0]=0xfffefeff, sa_flags=0x00000042
SIGFPE: [libjvm.dylib+0x442cfa], sa_mask[0]=0xfffefeff, sa_flags=0x00000042
SIGPIPE: [libjvm.dylib+0x442cfa], sa_mask[0]=0xfffefeff, sa_flags=0x00000042
SIGXFSZ: [libjvm.dylib+0x442cfa], sa_mask[0]=0xfffefeff, sa_flags=0x00000042
SIGILL: [libjvm.dylib+0x442cfa], sa_mask[0]=0xfffefeff, sa_flags=0x00000042
SIGUSR1: SIG_DFL, sa_mask[0]=0x00000000, sa_flags=0x00000000
SIGUSR2: [libjvm.dylib+0x442818], sa_mask[0]=0x00000004, sa_flags=0x00000042
SIGHUP: [libjvm.dylib+0x440ba5], sa_mask[0]=0xfffefeff, sa_flags=0x00000042
SIGINT: [libjvm.dylib+0x440ba5], sa_mask[0]=0xfffefeff, sa_flags=0x00000042
SIGTERM: [libjvm.dylib+0x440ba5], sa_mask[0]=0xfffefeff, sa_flags=0x00000042
SIGQUIT: [libjvm.dylib+0x440ba5], sa_mask[0]=0xfffefeff, sa_flags=0x00000042


---------------  S Y S T E M  ---------------

OS:Bsduname:Darwin 14.3.0 Darwin Kernel Version 14.3.0: Mon Mar 23 11:59:05 PDT 2015; root:xnu-2782.20.48~5/RELEASE_X86_64 x86_64
rlimit: STACK 8192k, CORE 0k, NPROC 709, NOFILE 10240, AS infinity
load average:3.21 2.69 2.58

CPU:total 4 (2 cores per cpu, 2 threads per core) family 6 model 69 stepping 1, cmov, cx8, fxsr, mmx, sse, sse2, sse3, ssse3, sse4.1, sse4.2, popcnt, avx, avx2, aes, clmul, erms, ht, tsc, tscinvbit

Memory: 4k page, physical 8388608k(285020k free)

/proc/meminfo:


vm_info: Java HotSpot(TM) 64-Bit Server VM (25.5-b02) for bsd-amd64 JRE (1.8.0_05-b13), built on Mar 18 2014 00:36:13 by "java_re" with gcc 4.2.1 (Based on Apple Inc. build 5658) (LLVM build 2336.11.00)

time: Tue May 26 15:58:26 2015
elapsed time: 52 seconds

