#
# A fatal error has been detected by the Java Runtime Environment:
#
#  SIGSEGV (0xb) at pc=0x00007fff9b11b064, pid=16362, tid=1299
#
# JRE version: Java(TM) SE Runtime Environment (8.0_05-b13) (build 1.8.0_05-b13)
# Java VM: Java HotSpot(TM) 64-Bit Server VM (25.5-b02 mixed mode bsd-amd64 compressed oops)
# Problematic frame:
# C  [libobjc.A.dylib+0x9064]  objc_retain+0x14
#
# Failed to write core dump. Core dumps have been disabled. To enable core dumping, try "ulimit -c unlimited" before starting Java again
#
# If you would like to submit a bug report, please visit:
#   http://bugreport.sun.com/bugreport/crash.jsp
# The crash happened outside the Java Virtual Machine in native code.
# See problematic frame for where to report the bug.
#

---------------  T H R E A D  ---------------

Current thread (0x00007f8e6b0cf800):  JavaThread "JavaFX Application Thread" [_thread_in_native, id=1299, stack(0x00007fff5280c000,0x00007fff5300c000)]

siginfo:si_signo=SIGSEGV: si_errno=0, si_code=1 (SEGV_MAPERR), si_addr=0xffffffff00000027

Registers:
RAX=0xffffffff00000007, RBX=0x00007f8e6ad67710, RCX=0x00000000ffffffff, RDX=0x0000000000000050
RSP=0x00007fff530075b8, RBP=0x00007fff530075d0, RSI=0x00007fff8dcc8138, RDI=0x00007f8e6acd0470
R8 =0x0000000000000001, R9 =0x00007f8e6af00000, R10=0x00007f8e6afa6d80, R11=0x00007fff7d358df8
R12=0x0000000000000003, R13=0x00007fff9b1130c0, R14=0x00007fff7f2b7380, R15=0x00007f8e6afabea0
RIP=0x00007fff9b11b064, EFLAGS=0x0000000000010246, ERR=0x0000000000000004
  TRAPNO=0x000000000000000e

Top of Stack: (sp=0x00007fff530075b8)
0x00007fff530075b8:   00007fff9b11c656 00007f8e6ae58fb0
0x00007fff530075c8:   00007f8e6ad676c0 00007fff53007610
0x00007fff530075d8:   00007fff8d3bdb86 00007fff8d3bda14
0x00007fff530075e8:   00007f8e6af90c90 0000000000000003
0x00007fff530075f8:   00007f8e6ad1ca88 00007f8e6afbf2a0
0x00007fff53007608:   00007fff53007650 00007fff53007630
0x00007fff53007618:   00007fff8d3bda31 00007fff8d3bda14
0x00007fff53007628:   00007f8e6afbf290 00007fff53007640
0x00007fff53007638:   00007fff995f9127 00007fff530076d0
0x00007fff53007648:   00007fff995f9080 00007f8e6afbf290
0x00007fff53007658:   00007f8e6af90b90 00007f8e6afc6ea0
0x00007fff53007668:   00007fff995f8f66 00007fff53007650
0x00007fff53007678:   00007fff53007670 00007f8e6ad1ca20
0x00007fff53007688:   00007f8e6ad1cb80 00007fff53007650
0x00007fff53007698:   0000000000000002 bc0015f0a10dd503
0x00007fff530076a8:   0000000000000001 00007fff53007780
0x00007fff530076b8:   0000000000000c03 00007f8e6ad1cb70
0x00007fff530076c8:   00007f8e6ad1ca10 00007fff530083b0
0x00007fff530076d8:   00007fff995eb188 00007fff53007820
0x00007fff530076e8:   0000000000000000 00007fff7ed58ed0
0x00007fff530076f8:   0000000000000000 00007f8e6ad1ca10
0x00007fff53007708:   0000000100000000 00007f8e6d50d540
0x00007fff53007718:   0000000100000001 00007f8e6ad1ca20
0x00007fff53007728:   00007f8e6ad1cb80 0000000000000001
0x00007fff53007738:   0000c3747c1b7081 0000100300000000
0x00007fff53007748:   422d2d9a18eb0871 00000d0353007a90
0x00007fff53007758:   00007fff92473594 0000000000000000
0x00007fff53007768:   0000000000000000 0000000000000000
0x00007fff53007778:   ffffffffffffffff 0000001800001100
0x00007fff53007788:   00000b0300000000 0000000000000000
0x00007fff53007798:   0000004400000000 000001f5000005f0
0x00007fff530077a8:   000001f500000014 00000014000001f5 

Instructions: (pc=0x00007fff9b11b064)
0x00007fff9b11b044:   5f 5d c3 90 90 90 90 90 90 90 90 90 31 c0 48 85
0x00007fff9b11b054:   ff 74 09 40 f6 c7 01 74 04 48 89 f8 c3 48 8b 07
0x00007fff9b11b064:   f6 40 20 02 74 05 e9 55 83 01 00 48 8d 05 62 ba
0x00007fff9b11b074:   19 e4 48 8b 30 e9 42 80 ff ff 90 90 90 90 90 90 

Register to memory mapping:

RAX=0xffffffff00000007 is an unknown value
RBX=0x00007f8e6ad67710 is an unknown value
RCX=0x00000000ffffffff is an unknown value
RDX=0x0000000000000050 is an unknown value
RSP=0x00007fff530075b8 is pointing into the stack for thread: 0x00007f8e6b0cf800
RBP=0x00007fff530075d0 is pointing into the stack for thread: 0x00007f8e6b0cf800
RSI=0x00007fff8dcc8138: -[NSTitlebarContainerView transparent]+0xb501c in /System/Library/Frameworks/AppKit.framework/Versions/C/AppKit at 0x00007fff8d270000
RDI=0x00007f8e6acd0470 is an unknown value
R8 =0x0000000000000001 is an unknown value
R9 =0x00007f8e6af00000 is an unknown value
R10=0x00007f8e6afa6d80 is an unknown value
R11=0x00007fff7d358df8: OBJC_CLASS_$__NSAutomaticFocusRingState+0 in /System/Library/Frameworks/AppKit.framework/Versions/C/AppKit at 0x00007fff8d270000
R12=0x0000000000000003 is an unknown value
R13=0x00007fff9b1130c0: objc_msgSend+0 in /usr/lib/libobjc.A.dylib at 0x00007fff9b112000
R14=0x00007fff7f2b7380: _ZL13PropertyLocks+0x1c0 in /usr/lib/libobjc.A.dylib at 0x00007fff9b112000
R15=0x00007f8e6afabea0 is an unknown value


Stack: [0x00007fff5280c000,0x00007fff5300c000],  sp=0x00007fff530075b8,  free space=8173k
Native frames: (J=compiled Java code, j=interpreted, Vv=VM code, C=native code)
C  [libobjc.A.dylib+0x9064]  objc_retain+0x14
C  [AppKit+0x14db86]  +[_NSAutomaticFocusRing setActiveFirstResponderChanged]+0xe1
C  [AppKit+0x14da31]  ___NSPostActiveFirstResponderChanged_block_invoke+0x1d
C  [CoreFoundation+0x80127]  __CFRUNLOOP_IS_CALLING_OUT_TO_AN_OBSERVER_CALLBACK_FUNCTION__+0x17
C  [CoreFoundation+0x80080]  __CFRunLoopDoObservers+0x170
C  [CoreFoundation+0x72188]  __CFRunLoopRun+0x368
C  [CoreFoundation+0x71bd8]  CFRunLoopRunSpecific+0x128
C  [HIToolbox+0x3256f]  RunCurrentEventLoopInMode+0xeb
C  [HIToolbox+0x322ea]  ReceiveNextEventCommon+0x1af
C  [HIToolbox+0x3212b]  _BlockUntilNextEventMatchingListInModeWithFilter+0x47
C  [AppKit+0x919bb]  _DPSNextEvent+0x3d2
C  [AppKit+0x90f68]  -[NSApplication nextEventMatchingMask:untilDate:inMode:dequeue:]+0x15a
C  [AppKit+0x86bf3]  -[NSApplication run]+0x252
C  [libglass.dylib+0xbfb5]  -[GlassApplication runLoop:]+0x6a5
C  [Foundation+0x92d00]  __NSThreadPerformPerform+0x125
C  [CoreFoundation+0x80a01]  __CFRUNLOOP_IS_CALLING_OUT_TO_A_SOURCE0_PERFORM_FUNCTION__+0x11
C  [CoreFoundation+0x72b8d]  __CFRunLoopDoSources0+0x10d
C  [CoreFoundation+0x721bf]  __CFRunLoopRun+0x39f
C  [CoreFoundation+0x71bd8]  CFRunLoopRunSpecific+0x128
C  [java+0x56cb]  CreateExecutionEnvironment+0x367
C  [java+0x166c]  JLI_Launch+0x7a0
C  [java+0x7689]  main+0x65
C  [java+0xec4]  start+0x34


---------------  P R O C E S S  ---------------

Java Threads: ( => current thread )
  0x00007f8e6ca51800 JavaThread "Prism Font Disposer" daemon [_thread_blocked, id=49951, stack(0x000000012b2f4000,0x000000012b3f4000)]
  0x00007f8e6c92d800 JavaThread "Thread-4" daemon [_thread_in_native, id=36359, stack(0x00000001296d7000,0x0000000129757000)]
=>0x00007f8e6b0cf800 JavaThread "JavaFX Application Thread" [_thread_in_native, id=1299, stack(0x00007fff5280c000,0x00007fff5300c000)]
  0x00007f8e6c09b000 JavaThread "Thread-2" daemon [_thread_blocked, id=25107, stack(0x0000000126f4d000,0x000000012704d000)]
  0x00007f8e6c087000 JavaThread "QuantumRenderer-0" daemon [_thread_blocked, id=20227, stack(0x000000012692f000,0x0000000126a2f000)]
  0x00007f8e6c84c800 JavaThread "JavaFX-Launcher" [_thread_blocked, id=19715, stack(0x000000012682c000,0x000000012692c000)]
  0x00007f8e6b099000 JavaThread "Monitor Ctrl-Break" daemon [_thread_in_native, id=19203, stack(0x0000000126626000,0x0000000126726000)]
  0x00007f8e6c04d000 JavaThread "Service Thread" daemon [_thread_blocked, id=18179, stack(0x00000001262c5000,0x00000001263c5000)]
  0x00007f8e6c808800 JavaThread "C1 CompilerThread2" daemon [_thread_blocked, id=17667, stack(0x00000001261c2000,0x00000001262c2000)]
  0x00007f8e6c807800 JavaThread "C2 CompilerThread1" daemon [_thread_blocked, id=17155, stack(0x00000001260bf000,0x00000001261bf000)]
  0x00007f8e6c801000 JavaThread "C2 CompilerThread0" daemon [_thread_blocked, id=16643, stack(0x0000000125fbc000,0x00000001260bc000)]
  0x00007f8e6c806800 JavaThread "Signal Dispatcher" daemon [_thread_blocked, id=12311, stack(0x0000000125eb9000,0x0000000125fb9000)]
  0x00007f8e6c04b000 JavaThread "Finalizer" daemon [_thread_blocked, id=11523, stack(0x0000000124494000,0x0000000124594000)]
  0x00007f8e6b020800 JavaThread "Reference Handler" daemon [_thread_blocked, id=11011, stack(0x0000000124391000,0x0000000124491000)]
  0x00007f8e6c006000 JavaThread "main" [_thread_blocked, id=4867, stack(0x000000010e4c1000,0x000000010e5c1000)]

Other Threads:
  0x00007f8e6b01c000 VMThread [stack: 0x000000012428e000,0x000000012438e000] [id=10499]
  0x00007f8e6c052000 WatcherThread [stack: 0x00000001263c8000,0x00000001264c8000] [id=18691]

VM state:not at safepoint (normal execution)

VM Mutex/Monitor currently owned by a thread: None

Heap:
 PSYoungGen      total 24576K, used 18542K [0x0000000795580000, 0x0000000798380000, 0x00000007c0000000)
  eden space 15360K, 61% used [0x0000000795580000,0x0000000795ebcf00,0x0000000796480000)
  from space 9216K, 98% used [0x0000000796480000,0x0000000796d5ecd0,0x0000000796d80000)
  to   space 11264K, 0% used [0x0000000797880000,0x0000000797880000,0x0000000798380000)
 ParOldGen       total 129536K, used 79235K [0x0000000740000000, 0x0000000747e80000, 0x0000000795580000)
  object space 129536K, 61% used [0x0000000740000000,0x0000000744d60cb8,0x0000000747e80000)
 Metaspace       used 16108K, capacity 16268K, committed 16384K, reserved 1062912K
  class space    used 2218K, capacity 2272K, committed 2304K, reserved 1048576K

Card table byte_map: [0x000000011d983000,0x000000011dd84000] byte_map_base: 0x0000000119f83000

Marking Bits: (ParMarkBitMap*) 0x000000010de660a0
 Begin Bits: [0x000000011e43b000, 0x000000012043b000)
 End Bits:   [0x000000012043b000, 0x000000012243b000)

Polling page: 0x000000010cd4b000

CodeCache: size=245760Kb used=9710Kb max_used=9710Kb free=236049Kb
 bounds [0x000000010e5c3000, 0x000000010ef53000, 0x000000011d5c3000]
 total_blobs=3587 nmethods=2942 adapters=558
 compilation: enabled

Compilation events (10 events):
Event: 22.712 Thread 0x00007f8e6c808800 2939       3       javafx.scene.layout.CornerRadii::getBottomRightVerticalRadius (5 bytes)
Event: 22.712 Thread 0x00007f8e6c808800 nmethod 2939 0x000000010ef43f90 code [0x000000010ef440e0, 0x000000010ef44230]
Event: 22.712 Thread 0x00007f8e6c808800 2940       3       javafx.scene.layout.CornerRadii::getBottomLeftVerticalRadius (5 bytes)
Event: 22.712 Thread 0x00007f8e6c808800 nmethod 2940 0x000000010ef442d0 code [0x000000010ef44420, 0x000000010ef44570]
Event: 22.712 Thread 0x00007f8e6c808800 2941       3       javafx.scene.layout.CornerRadii::getBottomLeftHorizontalRadius (5 bytes)
Event: 22.712 Thread 0x00007f8e6c808800 nmethod 2941 0x000000010ef44610 code [0x000000010ef44760, 0x000000010ef448b0]
Event: 22.713 Thread 0x00007f8e6c808800 2943       3       com.sun.javafx.PlatformUtil::useEGL (4 bytes)
Event: 22.713 Thread 0x00007f8e6c808800 nmethod 2943 0x000000010ef44950 code [0x000000010ef44aa0, 0x000000010ef44bd0]
Event: 22.713 Thread 0x00007f8e6c808800 2942       1       com.sun.prism.es2.ES2SwapChain::getFboID (5 bytes)
Event: 22.713 Thread 0x00007f8e6c808800 nmethod 2942 0x000000010ef44c50 code [0x000000010ef44da0, 0x000000010ef44eb0]

GC Heap History (10 events):
Event: 1.429 GC heap before
{Heap before GC invocations=9 (full 0):
 PSYoungGen      total 9216K, used 9184K [0x0000000795580000, 0x0000000796180000, 0x00000007c0000000)
  eden space 7680K, 100% used [0x0000000795580000,0x0000000795d00000,0x0000000795d00000)
  from space 1536K, 97% used [0x0000000795f00000,0x0000000796078010,0x0000000796080000)
  to   space 2048K, 0% used [0x0000000795d00000,0x0000000795d00000,0x0000000795f00000)
 ParOldGen       total 129536K, used 56568K [0x0000000740000000, 0x0000000747e80000, 0x0000000795580000)
  object space 129536K, 43% used [0x0000000740000000,0x000000074373e270,0x0000000747e80000)
 Metaspace       used 11615K, capacity 11812K, committed 12032K, reserved 1058816K
  class space    used 1623K, capacity 1694K, committed 1792K, reserved 1048576K
Event: 1.458 GC heap after
Heap after GC invocations=9 (full 0):
 PSYoungGen      total 9728K, used 1618K [0x0000000795580000, 0x0000000796580000, 0x00000007c0000000)
  eden space 7680K, 0% used [0x0000000795580000,0x0000000795580000,0x0000000795d00000)
  from space 2048K, 79% used [0x0000000795d00000,0x0000000795e94a80,0x0000000795f00000)
  to   space 2048K, 0% used [0x0000000796380000,0x0000000796380000,0x0000000796580000)
 ParOldGen       total 129536K, used 58825K [0x0000000740000000, 0x0000000747e80000, 0x0000000795580000)
  object space 129536K, 45% used [0x0000000740000000,0x0000000743972670,0x0000000747e80000)
 Metaspace       used 11615K, capacity 11812K, committed 12032K, reserved 1058816K
  class space    used 1623K, capacity 1694K, committed 1792K, reserved 1048576K
}
Event: 3.187 GC heap before
{Heap before GC invocations=10 (full 0):
 PSYoungGen      total 9728K, used 9298K [0x0000000795580000, 0x0000000796580000, 0x00000007c0000000)
  eden space 7680K, 100% used [0x0000000795580000,0x0000000795d00000,0x0000000795d00000)
  from space 2048K, 79% used [0x0000000795d00000,0x0000000795e94a80,0x0000000795f00000)
  to   space 2048K, 0% used [0x0000000796380000,0x0000000796380000,0x0000000796580000)
 ParOldGen       total 129536K, used 58825K [0x0000000740000000, 0x0000000747e80000, 0x0000000795580000)
  object space 129536K, 45% used [0x0000000740000000,0x0000000743972670,0x0000000747e80000)
 Metaspace       used 13895K, capacity 14092K, committed 14464K, reserved 1060864K
  class space    used 2006K, capacity 2080K, committed 2176K, reserved 1048576K
Event: 3.193 GC heap after
Heap after GC invocations=10 (full 0):
 PSYoungGen      total 13312K, used 2021K [0x0000000795580000, 0x0000000796780000, 0x00000007c0000000)
  eden space 11264K, 0% used [0x0000000795580000,0x0000000795580000,0x0000000796080000)
  from space 2048K, 98% used [0x0000000796380000,0x00000007965797b0,0x0000000796580000)
  to   space 3072K, 0% used [0x0000000796080000,0x0000000796080000,0x0000000796380000)
 ParOldGen       total 129536K, used 60886K [0x0000000740000000, 0x0000000747e80000, 0x0000000795580000)
  object space 129536K, 47% used [0x0000000740000000,0x0000000743b759c0,0x0000000747e80000)
 Metaspace       used 13895K, capacity 14092K, committed 14464K, reserved 1060864K
  class space    used 2006K, capacity 2080K, committed 2176K, reserved 1048576K
}
Event: 3.369 GC heap before
{Heap before GC invocations=11 (full 0):
 PSYoungGen      total 13312K, used 13282K [0x0000000795580000, 0x0000000796780000, 0x00000007c0000000)
  eden space 11264K, 99% used [0x0000000795580000,0x000000079607f200,0x0000000796080000)
  from space 2048K, 98% used [0x0000000796380000,0x00000007965797b0,0x0000000796580000)
  to   space 3072K, 0% used [0x0000000796080000,0x0000000796080000,0x0000000796380000)
 ParOldGen       total 129536K, used 60886K [0x0000000740000000, 0x0000000747e80000, 0x0000000795580000)
  object space 129536K, 47% used [0x0000000740000000,0x0000000743b759c0,0x0000000747e80000)
 Metaspace       used 15149K, capacity 15372K, committed 15616K, reserved 1062912K
  class space    used 2202K, capacity 2272K, committed 2304K, reserved 1048576K
Event: 3.374 GC heap after
Heap after GC invocations=11 (full 0):
 PSYoungGen      total 14336K, used 3047K [0x0000000795580000, 0x0000000797380000, 0x00000007c0000000)
  eden space 11264K, 0% used [0x0000000795580000,0x0000000795580000,0x0000000796080000)
  from space 3072K, 99% used [0x0000000796080000,0x0000000796379f90,0x0000000796380000)
  to   space 6144K, 0% used [0x0000000796d80000,0x0000000796d80000,0x0000000797380000)
 ParOldGen       total 129536K, used 66827K [0x0000000740000000, 0x0000000747e80000, 0x0000000795580000)
  object space 129536K, 51% used [0x0000000740000000,0x0000000744142fd0,0x0000000747e80000)
 Metaspace       used 15149K, capacity 15372K, committed 15616K, reserved 1062912K
  class space    used 2202K, capacity 2272K, committed 2304K, reserved 1048576K
}
Event: 3.458 GC heap before
{Heap before GC invocations=12 (full 0):
 PSYoungGen      total 14336K, used 14311K [0x0000000795580000, 0x0000000797380000, 0x00000007c0000000)
  eden space 11264K, 100% used [0x0000000795580000,0x0000000796080000,0x0000000796080000)
  from space 3072K, 99% used [0x0000000796080000,0x0000000796379f90,0x0000000796380000)
  to   space 6144K, 0% used [0x0000000796d80000,0x0000000796d80000,0x0000000797380000)
 ParOldGen       total 129536K, used 66827K [0x0000000740000000, 0x0000000747e80000, 0x0000000795580000)
  object space 129536K, 51% used [0x0000000740000000,0x0000000744142fd0,0x0000000747e80000)
 Metaspace       used 15194K, capacity 15372K, committed 15616K, reserved 1062912K
  class space    used 2202K, capacity 2272K, committed 2304K, reserved 1048576K
Event: 3.463 GC heap after
Heap after GC invocations=12 (full 0):
 PSYoungGen      total 21504K, used 6122K [0x0000000795580000, 0x0000000797980000, 0x00000007c0000000)
  eden space 15360K, 0% used [0x0000000795580000,0x0000000795580000,0x0000000796480000)
  from space 6144K, 99% used [0x0000000796d80000,0x000000079737ab38,0x0000000797380000)
  to   space 9216K, 0% used [0x0000000796480000,0x0000000796480000,0x0000000796d80000)
 ParOldGen       total 129536K, used 73106K [0x0000000740000000, 0x0000000747e80000, 0x0000000795580000)
  object space 129536K, 56% used [0x0000000740000000,0x0000000744764a40,0x0000000747e80000)
 Metaspace       used 15194K, capacity 15372K, committed 15616K, reserved 1062912K
  class space    used 2202K, capacity 2272K, committed 2304K, reserved 1048576K
}
Event: 3.561 GC heap before
{Heap before GC invocations=13 (full 0):
 PSYoungGen      total 21504K, used 20076K [0x0000000795580000, 0x0000000797980000, 0x00000007c0000000)
  eden space 15360K, 90% used [0x0000000795580000,0x0000000796320618,0x0000000796480000)
  from space 6144K, 99% used [0x0000000796d80000,0x000000079737ab38,0x0000000797380000)
  to   space 9216K, 0% used [0x0000000796480000,0x0000000796480000,0x0000000796d80000)
 ParOldGen       total 129536K, used 73106K [0x0000000740000000, 0x0000000747e80000, 0x0000000795580000)
  object space 129536K, 56% used [0x0000000740000000,0x0000000744764a40,0x0000000747e80000)
 Metaspace       used 15214K, capacity 15436K, committed 15616K, reserved 1062912K
  class space    used 2204K, capacity 2272K, committed 2304K, reserved 1048576K
Event: 3.567 GC heap after
Heap after GC invocations=13 (full 0):
 PSYoungGen      total 24576K, used 9083K [0x0000000795580000, 0x0000000798380000, 0x00000007c0000000)
  eden space 15360K, 0% used [0x0000000795580000,0x0000000795580000,0x0000000796480000)
  from space 9216K, 98% used [0x0000000796480000,0x0000000796d5ecd0,0x0000000796d80000)
  to   space 11264K, 0% used [0x0000000797880000,0x0000000797880000,0x0000000798380000)
 ParOldGen       total 129536K, used 79235K [0x0000000740000000, 0x0000000747e80000, 0x0000000795580000)
  object space 129536K, 61% used [0x0000000740000000,0x0000000744d60cb8,0x0000000747e80000)
 Metaspace       used 15214K, capacity 15436K, committed 15616K, reserved 1062912K
  class space    used 2204K, capacity 2272K, committed 2304K, reserved 1048576K
}

Deoptimization events (10 events):
Event: 16.679 Thread 0x00007f8e6c087000 Uncommon trap: reason=class_check action=maybe_recompile pc=0x000000010eed3bac method=com.sun.javafx.sg.prism.NGGroup.renderContent(Lcom/sun/prism/Graphics;)V @ 9
Event: 16.679 Thread 0x00007f8e6c087000 Uncommon trap: reason=class_check action=maybe_recompile pc=0x000000010eed3bac method=com.sun.javafx.sg.prism.NGGroup.renderContent(Lcom/sun/prism/Graphics;)V @ 9
Event: 16.679 Thread 0x00007f8e6c087000 Uncommon trap: reason=class_check action=maybe_recompile pc=0x000000010eed3bac method=com.sun.javafx.sg.prism.NGGroup.renderContent(Lcom/sun/prism/Graphics;)V @ 9
Event: 16.679 Thread 0x00007f8e6c087000 Uncommon trap: reason=class_check action=maybe_recompile pc=0x000000010eed3bac method=com.sun.javafx.sg.prism.NGGroup.renderContent(Lcom/sun/prism/Graphics;)V @ 9
Event: 22.699 Thread 0x00007f8e6b0cf800 Uncommon trap: reason=class_check action=maybe_recompile pc=0x000000010edc2c10 method=javafx.scene.Node.processCSS(Ljavafx/beans/value/WritableValue;)V @ 104
Event: 22.703 Thread 0x00007f8e6b0cf800 Uncommon trap: reason=unreached action=reinterpret pc=0x000000010ee10a00 method=javafx.scene.Node.layoutXProperty()Ljavafx/beans/property/DoubleProperty; @ 4
Event: 22.711 Thread 0x00007f8e6b0cf800 Uncommon trap: reason=bimorphic action=maybe_recompile pc=0x000000010edc2c24 method=javafx.scene.Node.processCSS(Ljavafx/beans/value/WritableValue;)V @ 56
Event: 22.711 Thread 0x00007f8e6b0cf800 Uncommon trap: reason=class_check action=maybe_recompile pc=0x000000010edc2c10 method=javafx.scene.Node.processCSS(Ljavafx/beans/value/WritableValue;)V @ 104
Event: 22.712 Thread 0x00007f8e6c087000 Uncommon trap: reason=unreached action=reinterpret pc=0x000000010eda51a8 method=com.sun.prism.impl.BaseResourceFactory.getCachedTexture(Lcom/sun/prism/Image;Lcom/sun/prism/Texture$WrapMode;)Lcom/sun/prism/Texture; @ 18
Event: 22.713 Thread 0x00007f8e6c087000 Uncommon trap: reason=unreached action=reinterpret pc=0x000000010ec3f6c8 method=com.sun.javafx.sg.prism.NGNode.doRender(Lcom/sun/prism/Graphics;)V @ 280

Internal exceptions (10 events):
Event: 3.558 Thread 0x00007f8e6b0cf800 Exception <a 'java/io/FileNotFoundException'> (0x00000007962814e8) thrown at [/HUDSON/workspace/8-2-build-macosx-x86_64/jdk8u5/2488/hotspot/src/share/vm/prims/jni.cpp, line 716]
Event: 3.559 Thread 0x00007f8e6b0cf800 Exception <a 'java/io/FileNotFoundException'> (0x00000007962be8e8) thrown at [/HUDSON/workspace/8-2-build-macosx-x86_64/jdk8u5/2488/hotspot/src/share/vm/prims/jni.cpp, line 716]
Event: 3.559 Thread 0x00007f8e6b0cf800 Exception <a 'java/io/FileNotFoundException'> (0x00000007962d81c8) thrown at [/HUDSON/workspace/8-2-build-macosx-x86_64/jdk8u5/2488/hotspot/src/share/vm/prims/jni.cpp, line 716]
Event: 3.560 Thread 0x00007f8e6b0cf800 Exception <a 'java/io/FileNotFoundException'> (0x00000007962f1ac8) thrown at [/HUDSON/workspace/8-2-build-macosx-x86_64/jdk8u5/2488/hotspot/src/share/vm/prims/jni.cpp, line 716]
Event: 3.561 Thread 0x00007f8e6b0cf800 Exception <a 'java/io/FileNotFoundException'> (0x0000000796310038) thrown at [/HUDSON/workspace/8-2-build-macosx-x86_64/jdk8u5/2488/hotspot/src/share/vm/prims/jni.cpp, line 716]
Event: 3.642 Thread 0x00007f8e6b0cf800 Implicit null exception at 0x000000010ea11803 to 0x000000010ea119f1
Event: 4.272 Thread 0x00007f8e6b0cf800 Exception <a 'java/security/PrivilegedActionException'> (0x00000007958d72b8) thrown at [/HUDSON/workspace/8-2-build-macosx-x86_64/jdk8u5/2488/hotspot/src/share/vm/prims/jvm.cpp, line 1248]
Event: 22.693 Thread 0x00007f8e6b0cf800 Exception <a 'java/security/PrivilegedActionException'> (0x0000000795e6d038) thrown at [/HUDSON/workspace/8-2-build-macosx-x86_64/jdk8u5/2488/hotspot/src/share/vm/prims/jvm.cpp, line 1248]
Event: 22.703 Thread 0x00007f8e6b0cf800 Implicit null exception at 0x000000010ee101ac to 0x000000010ee109e9
Event: 22.747 Thread 0x00007f8e6b0cf800 Exception <a 'java/security/PrivilegedActionException'> (0x0000000795eaf450) thrown at [/HUDSON/workspace/8-2-build-macosx-x86_64/jdk8u5/2488/hotspot/src/share/vm/prims/jvm.cpp, line 1248]

Events (10 events):
Event: 22.712 Thread 0x00007f8e6c087000 Uncommon trap: trap_request=0xffffffad fr.pc=0x000000010eda51a8
Event: 22.712 Thread 0x00007f8e6c087000 DEOPT PACKING pc=0x000000010eda51a8 sp=0x0000000126a2d8a0
Event: 22.712 Thread 0x00007f8e6c087000 DEOPT UNPACKING pc=0x000000010e60a250 sp=0x0000000126a2d838 mode 2
Event: 22.713 Thread 0x00007f8e6c087000 Uncommon trap: trap_request=0xffffffad fr.pc=0x000000010ec3f6c8
Event: 22.713 Thread 0x00007f8e6c087000 DEOPT PACKING pc=0x000000010ec3f6c8 sp=0x0000000126a2ddc0
Event: 22.713 Thread 0x00007f8e6c087000 DEOPT UNPACKING pc=0x000000010e60a250 sp=0x0000000126a2dda8 mode 2
Event: 22.713 Executing VM operation: RevokeBias
Event: 22.713 Executing VM operation: RevokeBias done
Event: 22.746 loading class edu/gu/maze/controller/CongratzController
Event: 22.746 loading class edu/gu/maze/controller/CongratzController done


Dynamic libraries:
0x000000000d099000 	/System/Library/Frameworks/Cocoa.framework/Versions/A/Cocoa
0x000000000d099000 	/System/Library/Frameworks/Security.framework/Versions/A/Security
0x000000000d099000 	/System/Library/Frameworks/ApplicationServices.framework/Versions/A/ApplicationServices
0x000000000d099000 	/usr/lib/libz.1.dylib
0x000000000d099000 	/usr/lib/libSystem.B.dylib
0x000000000d099000 	/usr/lib/libobjc.A.dylib
0x000000000d099000 	/System/Library/Frameworks/CoreFoundation.framework/Versions/A/CoreFoundation
0x000000000d099000 	/System/Library/Frameworks/Foundation.framework/Versions/C/Foundation
0x000000000d099000 	/System/Library/Frameworks/AppKit.framework/Versions/C/AppKit
0x000000000d099000 	/System/Library/Frameworks/CoreData.framework/Versions/A/CoreData
0x000000000d099000 	/System/Library/PrivateFrameworks/RemoteViewServices.framework/Versions/A/RemoteViewServices
0x000000000d099000 	/System/Library/PrivateFrameworks/UIFoundation.framework/Versions/A/UIFoundation
0x000000000d099000 	/System/Library/Frameworks/IOSurface.framework/Versions/A/IOSurface
0x000000000d099000 	/System/Library/Frameworks/AudioToolbox.framework/Versions/A/AudioToolbox
0x000000000d099000 	/System/Library/Frameworks/AudioUnit.framework/Versions/A/AudioUnit
0x000000000d099000 	/System/Library/PrivateFrameworks/DataDetectorsCore.framework/Versions/A/DataDetectorsCore
0x000000000d099000 	/System/Library/PrivateFrameworks/DesktopServicesPriv.framework/Versions/A/DesktopServicesPriv
0x000000000d099000 	/System/Library/Frameworks/Carbon.framework/Versions/A/Frameworks/HIToolbox.framework/Versions/A/HIToolbox
0x000000000d099000 	/System/Library/Frameworks/QuartzCore.framework/Versions/A/QuartzCore
0x000000000d099000 	/System/Library/Frameworks/Carbon.framework/Versions/A/Frameworks/SpeechRecognition.framework/Versions/A/SpeechRecognition
0x000000000d099000 	/usr/lib/libauto.dylib
0x000000000d099000 	/usr/lib/libicucore.A.dylib
0x000000000d099000 	/usr/lib/libxml2.2.dylib
0x000000000d099000 	/System/Library/PrivateFrameworks/CoreUI.framework/Versions/A/CoreUI
0x000000000d099000 	/System/Library/Frameworks/CoreAudio.framework/Versions/A/CoreAudio
0x000000000d099000 	/System/Library/Frameworks/DiskArbitration.framework/Versions/A/DiskArbitration
0x000000000d099000 	/usr/lib/liblangid.dylib
0x000000000d099000 	/System/Library/PrivateFrameworks/MultitouchSupport.framework/Versions/A/MultitouchSupport
0x000000000d099000 	/System/Library/Frameworks/IOKit.framework/Versions/A/IOKit
0x000000000d099000 	/usr/lib/libDiagnosticMessagesClient.dylib
0x000000000d099000 	/System/Library/Frameworks/CoreServices.framework/Versions/A/CoreServices
0x000000000d099000 	/System/Library/PrivateFrameworks/PerformanceAnalysis.framework/Versions/A/PerformanceAnalysis
0x000000000d099000 	/System/Library/PrivateFrameworks/GenerationalStorage.framework/Versions/A/GenerationalStorage
0x000000000d099000 	/System/Library/Frameworks/OpenGL.framework/Versions/A/OpenGL
0x000000000d099000 	/System/Library/PrivateFrameworks/Sharing.framework/Versions/A/Sharing
0x000000000d099000 	/System/Library/Frameworks/CoreGraphics.framework/Versions/A/CoreGraphics
0x000000000d099000 	/System/Library/Frameworks/CoreText.framework/Versions/A/CoreText
0x000000000d099000 	/System/Library/Frameworks/ImageIO.framework/Versions/A/ImageIO
0x000000000d099000 	/usr/lib/libextension.dylib
0x000000000d099000 	/System/Library/PrivateFrameworks/Backup.framework/Versions/A/Backup
0x000000000d099000 	/usr/lib/libarchive.2.dylib
0x000000000d099000 	/System/Library/Frameworks/CFNetwork.framework/Versions/A/CFNetwork
0x000000000d099000 	/System/Library/Frameworks/SystemConfiguration.framework/Versions/A/SystemConfiguration
0x000000000d099000 	/usr/lib/libCRFSuite.dylib
0x000000000d099000 	/usr/lib/libc++.1.dylib
0x000000000d099000 	/usr/lib/libc++abi.dylib
0x000000000d099000 	/usr/lib/system/libcache.dylib
0x000000000d099000 	/usr/lib/system/libcommonCrypto.dylib
0x000000000d099000 	/usr/lib/system/libcompiler_rt.dylib
0x000000000d099000 	/usr/lib/system/libcopyfile.dylib
0x000000000d099000 	/usr/lib/system/libcorecrypto.dylib
0x000000000d099000 	/usr/lib/system/libdispatch.dylib
0x000000000d099000 	/usr/lib/system/libdyld.dylib
0x000000000d099000 	/usr/lib/system/libkeymgr.dylib
0x000000000d099000 	/usr/lib/system/liblaunch.dylib
0x000000000d099000 	/usr/lib/system/libmacho.dylib
0x000000000d099000 	/usr/lib/system/libquarantine.dylib
0x000000000d099000 	/usr/lib/system/libremovefile.dylib
0x000000000d099000 	/usr/lib/system/libsystem_asl.dylib
0x000000000d099000 	/usr/lib/system/libsystem_blocks.dylib
0x000000000d099000 	/usr/lib/system/libsystem_c.dylib
0x000000000d099000 	/usr/lib/system/libsystem_configuration.dylib
0x000000000d099000 	/usr/lib/system/libsystem_coreservices.dylib
0x000000000d099000 	/usr/lib/system/libsystem_coretls.dylib
0x000000000d099000 	/usr/lib/system/libsystem_dnssd.dylib
0x000000000d099000 	/usr/lib/system/libsystem_info.dylib
0x000000000d099000 	/usr/lib/system/libsystem_kernel.dylib
0x000000000d099000 	/usr/lib/system/libsystem_m.dylib
0x000000000d099000 	/usr/lib/system/libsystem_malloc.dylib
0x000000000d099000 	/usr/lib/system/libsystem_network.dylib
0x000000000d099000 	/usr/lib/system/libsystem_networkextension.dylib
0x000000000d099000 	/usr/lib/system/libsystem_notify.dylib
0x000000000d099000 	/usr/lib/system/libsystem_platform.dylib
0x000000000d099000 	/usr/lib/system/libsystem_pthread.dylib
0x000000000d099000 	/usr/lib/system/libsystem_sandbox.dylib
0x000000000d099000 	/usr/lib/system/libsystem_secinit.dylib
0x000000000d099000 	/usr/lib/system/libsystem_stats.dylib
0x000000000d099000 	/usr/lib/system/libsystem_trace.dylib
0x000000000d099000 	/usr/lib/system/libunc.dylib
0x000000000d099000 	/usr/lib/system/libunwind.dylib
0x000000000d099000 	/usr/lib/system/libxpc.dylib
0x000000000d099000 	/usr/lib/libbz2.1.0.dylib
0x000000000d099000 	/usr/lib/liblzma.5.dylib
0x000000000d099000 	/usr/lib/libbsm.0.dylib
0x000000000d099000 	/usr/lib/libsqlite3.dylib
0x000000000d099000 	/usr/lib/system/libkxld.dylib
0x000000000d099000 	/usr/lib/libxar.1.dylib
0x000000000d099000 	/usr/lib/libpam.2.dylib
0x000000000d099000 	/usr/lib/libOpenScriptingUtil.dylib
0x000000000d099000 	/System/Library/Frameworks/CoreServices.framework/Versions/A/Frameworks/FSEvents.framework/Versions/A/FSEvents
0x000000000d099000 	/System/Library/Frameworks/CoreServices.framework/Versions/A/Frameworks/CarbonCore.framework/Versions/A/CarbonCore
0x000000000d099000 	/System/Library/Frameworks/CoreServices.framework/Versions/A/Frameworks/Metadata.framework/Versions/A/Metadata
0x000000000d099000 	/System/Library/Frameworks/CoreServices.framework/Versions/A/Frameworks/OSServices.framework/Versions/A/OSServices
0x000000000d099000 	/System/Library/Frameworks/CoreServices.framework/Versions/A/Frameworks/SearchKit.framework/Versions/A/SearchKit
0x000000000d099000 	/System/Library/Frameworks/CoreServices.framework/Versions/A/Frameworks/AE.framework/Versions/A/AE
0x000000000d099000 	/System/Library/Frameworks/CoreServices.framework/Versions/A/Frameworks/LaunchServices.framework/Versions/A/LaunchServices
0x000000000d099000 	/System/Library/Frameworks/CoreServices.framework/Versions/A/Frameworks/DictionaryServices.framework/Versions/A/DictionaryServices
0x000000000d099000 	/System/Library/Frameworks/NetFS.framework/Versions/A/NetFS
0x000000000d099000 	/System/Library/PrivateFrameworks/NetAuth.framework/Versions/A/NetAuth
0x000000000d099000 	/System/Library/PrivateFrameworks/login.framework/Versions/A/Frameworks/loginsupport.framework/Versions/A/loginsupport
0x000000000d099000 	/System/Library/PrivateFrameworks/TCC.framework/Versions/A/TCC
0x000000000d099000 	/usr/lib/libmecabra.dylib
0x000000000d099000 	/System/Library/Frameworks/ApplicationServices.framework/Versions/A/Frameworks/ATS.framework/Versions/A/ATS
0x000000000d099000 	/System/Library/Frameworks/ApplicationServices.framework/Versions/A/Frameworks/ColorSync.framework/Versions/A/ColorSync
0x000000000d099000 	/System/Library/Frameworks/ApplicationServices.framework/Versions/A/Frameworks/HIServices.framework/Versions/A/HIServices
0x000000000d099000 	/System/Library/Frameworks/ApplicationServices.framework/Versions/A/Frameworks/LangAnalysis.framework/Versions/A/LangAnalysis
0x000000000d099000 	/System/Library/Frameworks/ApplicationServices.framework/Versions/A/Frameworks/PrintCore.framework/Versions/A/PrintCore
0x000000000d099000 	/System/Library/Frameworks/ApplicationServices.framework/Versions/A/Frameworks/QD.framework/Versions/A/QD
0x000000000d099000 	/System/Library/Frameworks/ApplicationServices.framework/Versions/A/Frameworks/SpeechSynthesis.framework/Versions/A/SpeechSynthesis
0x000000000d099000 	/System/Library/Frameworks/Accelerate.framework/Versions/A/Accelerate
0x000000000d099000 	/System/Library/Frameworks/Accelerate.framework/Versions/A/Frameworks/vImage.framework/Versions/A/vImage
0x000000000d099000 	/System/Library/Frameworks/Accelerate.framework/Versions/A/Frameworks/vecLib.framework/Versions/A/vecLib
0x000000000d099000 	/System/Library/Frameworks/Accelerate.framework/Versions/A/Frameworks/vecLib.framework/Versions/A/libvDSP.dylib
0x000000000d099000 	/System/Library/Frameworks/Accelerate.framework/Versions/A/Frameworks/vecLib.framework/Versions/A/libvMisc.dylib
0x000000000d099000 	/System/Library/Frameworks/Accelerate.framework/Versions/A/Frameworks/vecLib.framework/Versions/A/libLAPACK.dylib
0x000000000d099000 	/System/Library/Frameworks/Accelerate.framework/Versions/A/Frameworks/vecLib.framework/Versions/A/libBLAS.dylib
0x000000000d099000 	/System/Library/Frameworks/Accelerate.framework/Versions/A/Frameworks/vecLib.framework/Versions/A/libLinearAlgebra.dylib
0x000000000d099000 	/System/Library/Frameworks/ApplicationServices.framework/Versions/A/Frameworks/ATS.framework/Versions/A/Resources/libFontParser.dylib
0x000000000d099000 	/System/Library/Frameworks/ApplicationServices.framework/Versions/A/Frameworks/ATS.framework/Versions/A/Resources/libFontRegistry.dylib
0x000000000d099000 	/System/Library/PrivateFrameworks/AppleVPA.framework/Versions/A/AppleVPA
0x000000000d099000 	/System/Library/PrivateFrameworks/AppleJPEG.framework/Versions/A/AppleJPEG
0x000000000d099000 	/System/Library/Frameworks/ImageIO.framework/Versions/A/Resources/libJPEG.dylib
0x000000000d099000 	/System/Library/Frameworks/ImageIO.framework/Versions/A/Resources/libTIFF.dylib
0x000000000d099000 	/System/Library/Frameworks/ImageIO.framework/Versions/A/Resources/libPng.dylib
0x000000000d099000 	/System/Library/Frameworks/ImageIO.framework/Versions/A/Resources/libGIF.dylib
0x000000000d099000 	/System/Library/Frameworks/ImageIO.framework/Versions/A/Resources/libJP2.dylib
0x000000000d099000 	/System/Library/Frameworks/ImageIO.framework/Versions/A/Resources/libRadiance.dylib
0x000000000d099000 	/System/Library/Frameworks/CoreVideo.framework/Versions/A/CoreVideo
0x000000000d099000 	/System/Library/Frameworks/OpenGL.framework/Versions/A/Libraries/libGLU.dylib
0x000000000d099000 	/System/Library/Frameworks/OpenGL.framework/Versions/A/Libraries/libGFXShared.dylib
0x000000000d099000 	/System/Library/Frameworks/OpenGL.framework/Versions/A/Libraries/libGL.dylib
0x000000000d099000 	/System/Library/Frameworks/OpenGL.framework/Versions/A/Libraries/libGLImage.dylib
0x000000000d099000 	/System/Library/Frameworks/OpenGL.framework/Versions/A/Libraries/libCVMSPluginSupport.dylib
0x000000000d099000 	/System/Library/Frameworks/OpenGL.framework/Versions/A/Libraries/libCoreVMClient.dylib
0x000000000d099000 	/usr/lib/libcups.2.dylib
0x000000000d099000 	/System/Library/Frameworks/Kerberos.framework/Versions/A/Kerberos
0x000000000d099000 	/System/Library/Frameworks/GSS.framework/Versions/A/GSS
0x000000000d099000 	/usr/lib/libresolv.9.dylib
0x000000000d099000 	/usr/lib/libiconv.2.dylib
0x000000000d099000 	/System/Library/PrivateFrameworks/Heimdal.framework/Versions/A/Heimdal
0x000000000d099000 	/usr/lib/libheimdal-asn1.dylib
0x000000000d099000 	/System/Library/Frameworks/OpenDirectory.framework/Versions/A/OpenDirectory
0x000000000d099000 	/System/Library/PrivateFrameworks/CommonAuth.framework/Versions/A/CommonAuth
0x000000000d099000 	/System/Library/Frameworks/OpenDirectory.framework/Versions/A/Frameworks/CFOpenDirectory.framework/Versions/A/CFOpenDirectory
0x000000000d099000 	/System/Library/Frameworks/SecurityFoundation.framework/Versions/A/SecurityFoundation
0x000000000d099000 	/System/Library/PrivateFrameworks/LanguageModeling.framework/Versions/A/LanguageModeling
0x000000000d099000 	/usr/lib/libcmph.dylib
0x000000000d099000 	/System/Library/Frameworks/ServiceManagement.framework/Versions/A/ServiceManagement
0x000000000d099000 	/usr/lib/libxslt.1.dylib
0x000000000d099000 	/System/Library/Frameworks/Carbon.framework/Versions/A/Frameworks/Ink.framework/Versions/A/Ink
0x000000000d099000 	/System/Library/Frameworks/QuartzCore.framework/Versions/A/Frameworks/CoreImage.framework/Versions/A/CoreImage
0x000000000d099000 	/System/Library/PrivateFrameworks/CrashReporterSupport.framework/Versions/A/CrashReporterSupport
0x000000000d099000 	/System/Library/Frameworks/OpenCL.framework/Versions/A/OpenCL
0x000000000d099000 	/System/Library/PrivateFrameworks/FaceCore.framework/Versions/A/FaceCore
0x000000000d099000 	/System/Library/PrivateFrameworks/Ubiquity.framework/Versions/A/Ubiquity
0x000000000d099000 	/System/Library/PrivateFrameworks/IconServices.framework/Versions/A/IconServices
0x000000000d099000 	/System/Library/PrivateFrameworks/ChunkingLibrary.framework/Versions/A/ChunkingLibrary
0x000000000d099000 	/System/Library/PrivateFrameworks/Apple80211.framework/Versions/A/Apple80211
0x000000000d099000 	/System/Library/Frameworks/CoreWLAN.framework/Versions/A/CoreWLAN
0x000000000d099000 	/System/Library/Frameworks/IOBluetooth.framework/Versions/A/IOBluetooth
0x000000000d099000 	/System/Library/PrivateFrameworks/CoreWiFi.framework/Versions/A/CoreWiFi
0x000000000d099000 	/System/Library/Frameworks/CoreBluetooth.framework/Versions/A/CoreBluetooth
0x000000000d099000 	/System/Library/PrivateFrameworks/DebugSymbols.framework/Versions/A/DebugSymbols
0x000000000d099000 	/System/Library/PrivateFrameworks/CoreSymbolication.framework/Versions/A/CoreSymbolication
0x000000000d099000 	/System/Library/PrivateFrameworks/Symbolication.framework/Versions/A/Symbolication
0x000000000d099000 	/System/Library/PrivateFrameworks/SpeechRecognitionCore.framework/Versions/A/SpeechRecognitionCore
0x000000010d600000 	/Library/Java/JavaVirtualMachines/jdk1.8.0_05.jdk/Contents/Home/jre/lib/server/libjvm.dylib
0x000000000d099000 	/usr/lib/libstdc++.6.dylib
0x000000010cd09000 	/Library/Java/JavaVirtualMachines/jdk1.8.0_05.jdk/Contents/Home/jre/lib/libverify.dylib
0x000000010cd17000 	/Library/Java/JavaVirtualMachines/jdk1.8.0_05.jdk/Contents/Home/jre/lib/libjava.dylib
0x000000010cd55000 	/Library/Java/JavaVirtualMachines/jdk1.8.0_05.jdk/Contents/Home/jre/lib/libzip.dylib
0x0000000124596000 	/System/Library/Frameworks/JavaVM.framework/Frameworks/JavaRuntimeSupport.framework/JavaRuntimeSupport
0x00000001245ae000 	/System/Library/Frameworks/JavaVM.framework/Versions/A/Frameworks/JavaNativeFoundation.framework/Versions/A/JavaNativeFoundation
0x00000001245c3000 	/System/Library/Frameworks/JavaVM.framework/Versions/A/JavaVM
0x000000000d099000 	/System/Library/Frameworks/Carbon.framework/Versions/A/Carbon
0x00000001245d0000 	/System/Library/PrivateFrameworks/JavaLaunching.framework/Versions/A/JavaLaunching
0x000000000d099000 	/System/Library/Frameworks/Carbon.framework/Versions/A/Frameworks/CommonPanels.framework/Versions/A/CommonPanels
0x000000000d099000 	/System/Library/Frameworks/Carbon.framework/Versions/A/Frameworks/Help.framework/Versions/A/Help
0x000000000d099000 	/System/Library/Frameworks/Carbon.framework/Versions/A/Frameworks/ImageCapture.framework/Versions/A/ImageCapture
0x000000000d099000 	/System/Library/Frameworks/Carbon.framework/Versions/A/Frameworks/OpenScripting.framework/Versions/A/OpenScripting
0x000000000d099000 	/System/Library/Frameworks/Carbon.framework/Versions/A/Frameworks/Print.framework/Versions/A/Print
0x000000000d099000 	/System/Library/Frameworks/Carbon.framework/Versions/A/Frameworks/SecurityHI.framework/Versions/A/SecurityHI
0x0000000126622000 	/Applications/IntelliJ IDEA 14.app/Contents/bin/libbreakgen64.jnilib
0x00000001267cd000 	/Library/Java/JavaVirtualMachines/jdk1.8.0_05.jdk/Contents/Home/jre/lib/libnet.dylib
0x0000000126a31000 	/Library/Java/JavaVirtualMachines/jdk1.8.0_05.jdk/Contents/Home/jre/lib/libprism_es2.dylib
0x000000000d099000 	/System/Library/Frameworks/OpenGL.framework/Versions/A/Resources/GLEngine.bundle/GLEngine
0x000000000d099000 	/System/Library/Frameworks/OpenGL.framework/Versions/A/Libraries/libGLProgrammability.dylib
0x0000000000000000 	/System/Library/Extensions/AppleIntelHD5000GraphicsGLDriver.bundle/Contents/MacOS/AppleIntelHD5000GraphicsGLDriver
0x000000000d099000 	/System/Library/PrivateFrameworks/IOAccelerator.framework/Versions/A/IOAccelerator
0x000000000d099000 	/System/Library/PrivateFrameworks/GPUSupport.framework/Versions/A/Libraries/libGPUSupportMercury.dylib
0x000000000d099000 	/System/Library/Frameworks/OpenGL.framework/Versions/A/Resources/GLRendererFloat.bundle/GLRendererFloat
0x000000000d099000 	/System/Library/Frameworks/OpenCL.framework/Versions/A/Libraries/libcldcpuengine.dylib
0x000000000d099000 	/System/Library/PrivateFrameworks/DiskImages.framework/Versions/A/DiskImages
0x000000000d099000 	/System/Library/Frameworks/DiscRecording.framework/Versions/A/DiscRecording
0x000000000d099000 	/usr/lib/libcsfde.dylib
0x000000000d099000 	/usr/lib/libcurl.4.dylib
0x000000000d099000 	/System/Library/PrivateFrameworks/MediaKit.framework/Versions/A/MediaKit
0x000000000d099000 	/System/Library/PrivateFrameworks/ProtectedCloudStorage.framework/Versions/A/ProtectedCloudStorage
0x000000000d099000 	/usr/lib/libCoreStorage.dylib
0x000000000d099000 	/System/Library/PrivateFrameworks/EFILogin.framework/Versions/A/EFILogin
0x000000000d099000 	/usr/lib/libutil.dylib
0x000000000d099000 	/System/Library/PrivateFrameworks/FindMyDevice.framework/Versions/A/FindMyDevice
0x000000000d099000 	/System/Library/Frameworks/LDAP.framework/Versions/A/LDAP
0x000000000d099000 	/usr/lib/libsasl2.2.dylib
0x000000000d099000 	/System/Library/PrivateFrameworks/CoreDaemon.framework/Versions/B/CoreDaemon
0x000000000d099000 	/usr/lib/libcrypto.0.9.8.dylib
0x000000000d099000 	/System/Library/PrivateFrameworks/AppleSRP.framework/Versions/A/AppleSRP
0x000000000d099000 	/System/Library/PrivateFrameworks/TrustEvaluationAgent.framework/Versions/A/TrustEvaluationAgent
0x0000000126ee2000 	/Library/Java/JavaVirtualMachines/jdk1.8.0_05.jdk/Contents/Home/jre/lib/libglass.dylib
0x000000000d099000 	/System/Library/PrivateFrameworks/CoreServicesInternal.framework/Versions/A/CoreServicesInternal
0x000000000d099000 	/System/Library/PrivateFrameworks/CloudDocs.framework/Versions/A/CloudDocs
0x000000000d099000 	/System/Library/PrivateFrameworks/CoreDuet.framework/Versions/A/CoreDuet
0x000000000d099000 	/System/Library/Frameworks/CloudKit.framework/Versions/A/CloudKit
0x000000000d099000 	/System/Library/PrivateFrameworks/ProtocolBuffer.framework/Versions/A/ProtocolBuffer
0x000000000d099000 	/System/Library/PrivateFrameworks/CoreDuetDaemonProtocol.framework/Versions/A/CoreDuetDaemonProtocol
0x000000000d099000 	/System/Library/PrivateFrameworks/CoreDuetDebugLogging.framework/Versions/A/CoreDuetDebugLogging
0x000000000d099000 	/System/Library/PrivateFrameworks/MMCS.framework/Versions/A/MMCS
0x000000000d099000 	/System/Library/Frameworks/CoreLocation.framework/Versions/A/CoreLocation
0x000000000d099000 	/System/Library/PrivateFrameworks/GeoServices.framework/Versions/A/GeoServices
0x000000000d099000 	/System/Library/Frameworks/CoreGraphics.framework/Versions/A/Resources/libCGCMS.A.dylib
0x000000000d099000 	/System/Library/CoreServices/RawCamera.bundle/Contents/MacOS/RawCamera
0x000000000d099000 	/System/Library/Frameworks/CoreGraphics.framework/Versions/A/Resources/libRIP.A.dylib
0x000000000d099000 	/System/Library/PrivateFrameworks/FamilyControls.framework/Versions/A/FamilyControls
0x000000000d099000 	/System/Library/PrivateFrameworks/CommerceKit.framework/Versions/A/Frameworks/CommerceCore.framework/Versions/A/CommerceCore
0x000000000d099000 	/System/Library/PrivateFrameworks/SystemAdministration.framework/Versions/A/SystemAdministration
0x000000000d099000 	/System/Library/PrivateFrameworks/AppContainer.framework/Versions/A/AppContainer
0x000000000d099000 	/System/Library/PrivateFrameworks/SecCodeWrapper.framework/Versions/A/SecCodeWrapper
0x000000000d099000 	/System/Library/Frameworks/DirectoryService.framework/Versions/A/DirectoryService
0x000000000d099000 	/System/Library/PrivateFrameworks/LoginUIKit.framework/Versions/A/Frameworks/LoginUICore.framework/Versions/A/LoginUICore
0x000000000d099000 	/usr/lib/libodfde.dylib
0x000000012a8b4000 	/Library/Java/JavaVirtualMachines/jdk1.8.0_05.jdk/Contents/Home/jre/lib/libjavafx_font.dylib
0x000000000d099000 	/System/Library/Frameworks/CoreGraphics.framework/Versions/A/Resources/libCGXType.A.dylib
0x000000012b2bb000 	/Library/Java/JavaVirtualMachines/jdk1.8.0_05.jdk/Contents/Home/jre/lib/libjavafx_iio.dylib
0x000000012ce8c000 	cl_kernels
0x000000012de3e000 	/System/Library/Frameworks/OpenCL.framework/Versions/A/Libraries/ImageFormats/unorm8_bgra.dylib
0x000000012df90000 	cl_kernels
0x000000012df7e000 	/Library/Java/JavaVirtualMachines/jdk1.8.0_05.jdk/Contents/Home/jre/lib/libprism_common.dylib
0x000000012a8f4000 	/Library/Java/JavaVirtualMachines/jdk1.8.0_05.jdk/Contents/Home/jre/lib/libnio.dylib

VM Arguments:
jvm_args: -Didea.launcher.port=7540 -Didea.launcher.bin.path=/Applications/IntelliJ IDEA 14.app/Contents/bin -Dfile.encoding=UTF-8 
java_command: com.intellij.rt.execution.application.AppMain edu.gu.maze.Main
java_class_path (initial): /Library/Java/JavaVirtualMachines/jdk1.8.0_05.jdk/Contents/Home/lib/ant-javafx.jar:/Library/Java/JavaVirtualMachines/jdk1.8.0_05.jdk/Contents/Home/lib/dt.jar:/Library/Java/JavaVirtualMachines/jdk1.8.0_05.jdk/Contents/Home/lib/javafx-mx.jar:/Library/Java/JavaVirtualMachines/jdk1.8.0_05.jdk/Contents/Home/lib/jconsole.jar:/Library/Java/JavaVirtualMachines/jdk1.8.0_05.jdk/Contents/Home/lib/sa-jdi.jar:/Library/Java/JavaVirtualMachines/jdk1.8.0_05.jdk/Contents/Home/lib/tools.jar:/Library/Java/JavaVirtualMachines/jdk1.8.0_05.jdk/Contents/Home/jre/lib/charsets.jar:/Library/Java/JavaVirtualMachines/jdk1.8.0_05.jdk/Contents/Home/jre/lib/deploy.jar:/Library/Java/JavaVirtualMachines/jdk1.8.0_05.jdk/Contents/Home/jre/lib/htmlconverter.jar:/Library/Java/JavaVirtualMachines/jdk1.8.0_05.jdk/Contents/Home/jre/lib/javaws.jar:/Library/Java/JavaVirtualMachines/jdk1.8.0_05.jdk/Contents/Home/jre/lib/jce.jar:/Library/Java/JavaVirtualMachines/jdk1.8.0_05.jdk/Contents/Home/jre/lib/jfr.jar:/Library/Java/JavaVirtualMachines/jdk1.8.0_05.jdk/Contents/Home/jre/lib/jfxswt.jar:/Library/Java/JavaVirtualMachines/jdk1.8.0_05.jdk/Contents/Home/jre/lib/jsse.jar:/Library/Java/JavaVirtualMachines/jdk1.8.0_05.jdk/Contents/Home/jre/lib/management-agent.jar:/Library/Java/JavaVirtualMachines/jdk1.8.0_05.jdk/Contents/Home/jre/lib/plugin.jar:/Library/Java/JavaVirtualMachines/jdk1.8.0_05.jdk/Contents/Home/jre/lib/resources.jar:/Library/Java/JavaVirtualMachines/jdk1.8.0_05.jdk/Contents/Home/jre/lib/rt.jar:/Library/Java/JavaVirtualMachines/jdk1.8.0_05.jdk/Contents/Home/jre/lib/ext/cldrdata.jar:/Library/Java/JavaVirtualMachines/jdk1.8.0_05.jdk/Contents/Home/jre/lib/ext/dnsns.jar:/Library/Java/JavaVirtualMachines/jdk1.8.0_05.jdk/Contents/Home/jre/lib/ext/jfxrt.jar:/Library/Java/JavaVirtualMachines/jdk1.8.0_05.jdk/Contents/Home/jre/lib/ext/localedata.jar:/Library/Java/JavaVirtualMachines/jdk1.8.0_05.jdk/Contents/Home/jre/lib/ext/nashorn.jar:/Library/Java/JavaVirtualMachines/jdk1.8.0_05.j
Launcher Type: SUN_STANDARD

Environment Variables:
PATH=/usr/local/bin:/usr/bin:/bin:/usr/sbin:/sbin:/opt/X11/bin:/usr/local/git/bin
SHELL=/bin/bash
DISPLAY=/private/tmp/com.apple.launchd.NCuK5aruWI/org.macosforge.xquartz:0

Signal Handlers:
SIGSEGV: [libjvm.dylib+0x55f7df], sa_mask[0]=0xfffefeff, sa_flags=0x00000043
SIGBUS: [libjvm.dylib+0x55f7df], sa_mask[0]=0xfffefeff, sa_flags=0x00000042
SIGFPE: [libjvm.dylib+0x442cfa], sa_mask[0]=0xfffefeff, sa_flags=0x00000042
SIGPIPE: [libjvm.dylib+0x442cfa], sa_mask[0]=0xfffefeff, sa_flags=0x00000042
SIGXFSZ: [libjvm.dylib+0x442cfa], sa_mask[0]=0xfffefeff, sa_flags=0x00000042
SIGILL: [libjvm.dylib+0x442cfa], sa_mask[0]=0xfffefeff, sa_flags=0x00000042
SIGUSR1: SIG_DFL, sa_mask[0]=0x00000000, sa_flags=0x00000000
SIGUSR2: [libjvm.dylib+0x442818], sa_mask[0]=0x00000004, sa_flags=0x00000042
SIGHUP: [libjvm.dylib+0x440ba5], sa_mask[0]=0xfffefeff, sa_flags=0x00000042
SIGINT: [libjvm.dylib+0x440ba5], sa_mask[0]=0xfffefeff, sa_flags=0x00000042
SIGTERM: [libjvm.dylib+0x440ba5], sa_mask[0]=0xfffefeff, sa_flags=0x00000042
SIGQUIT: [libjvm.dylib+0x440ba5], sa_mask[0]=0xfffefeff, sa_flags=0x00000042


---------------  S Y S T E M  ---------------

OS:Bsduname:Darwin 14.3.0 Darwin Kernel Version 14.3.0: Mon Mar 23 11:59:05 PDT 2015; root:xnu-2782.20.48~5/RELEASE_X86_64 x86_64
rlimit: STACK 8192k, CORE 0k, NPROC 709, NOFILE 10240, AS infinity
load average:2.97 2.55 2.54

CPU:total 4 (2 cores per cpu, 2 threads per core) family 6 model 69 stepping 1, cmov, cx8, fxsr, mmx, sse, sse2, sse3, ssse3, sse4.1, sse4.2, popcnt, avx, avx2, aes, clmul, erms, ht, tsc, tscinvbit

Memory: 4k page, physical 8388608k(303420k free)

/proc/meminfo:


vm_info: Java HotSpot(TM) 64-Bit Server VM (25.5-b02) for bsd-amd64 JRE (1.8.0_05-b13), built on Mar 18 2014 00:36:13 by "java_re" with gcc 4.2.1 (Based on Apple Inc. build 5658) (LLVM build 2336.11.00)

time: Tue May 26 15:56:26 2015
elapsed time: 22 seconds

