#
# A fatal error has been detected by the Java Runtime Environment:
#
#  SIGSEGV (0xb) at pc=0x00007fff9b11b064, pid=16995, tid=1299
#
# JRE version: Java(TM) SE Runtime Environment (8.0_05-b13) (build 1.8.0_05-b13)
# Java VM: Java HotSpot(TM) 64-Bit Server VM (25.5-b02 mixed mode bsd-amd64 compressed oops)
# Problematic frame:
# C  [libobjc.A.dylib+0x9064]  objc_retain+0x14
#
# Failed to write core dump. Core dumps have been disabled. To enable core dumping, try "ulimit -c unlimited" before starting Java again
#
# If you would like to submit a bug report, please visit:
#   http://bugreport.sun.com/bugreport/crash.jsp
# The crash happened outside the Java Virtual Machine in native code.
# See problematic frame for where to report the bug.
#

---------------  T H R E A D  ---------------

Current thread (0x00007fa3710b0000):  JavaThread "JavaFX Application Thread" [_thread_in_native, id=1299, stack(0x00007fff5c773000,0x00007fff5cf73000)]

siginfo:si_signo=SIGSEGV: si_errno=0, si_code=1 (SEGV_MAPERR), si_addr=0x0000000000000021

Registers:
RAX=0x0000000000000001, RBX=0x00007fa370c87750, RCX=0x00000000ffffffff, RDX=0x0000000000000050
RSP=0x00007fff5cf6e5b8, RBP=0x00007fff5cf6e5d0, RSI=0x00007fff8dcc8138, RDI=0x00007fa373345dd0
R8 =0x0000000000000001, R9 =0x00007fa373300000, R10=0x00007fa373374710, R11=0x00007fff7d358df8
R12=0x0000000000000003, R13=0x00007fff9b1130c0, R14=0x00007fff7f2b7390, R15=0x00007fa370c102f0
RIP=0x00007fff9b11b064, EFLAGS=0x0000000000010246, ERR=0x0000000000000004
  TRAPNO=0x000000000000000e

Top of Stack: (sp=0x00007fff5cf6e5b8)
0x00007fff5cf6e5b8:   00007fff9b11c656 00007fa373300e10
0x00007fff5cf6e5c8:   00007fa370c87700 00007fff5cf6e610
0x00007fff5cf6e5d8:   00007fff8d3bdb86 00007fff8d3bda14
0x00007fff5cf6e5e8:   00007fa370cf8b50 0000000000000003
0x00007fff5cf6e5f8:   00007fa370c1cc88 00007fa370cf8ac0
0x00007fff5cf6e608:   00007fff5cf6e650 00007fff5cf6e630
0x00007fff5cf6e618:   00007fff8d3bda31 00007fff8d3bda14
0x00007fff5cf6e628:   00007fa370cf8ab0 00007fff5cf6e640
0x00007fff5cf6e638:   00007fff995f9127 00007fff5cf6e6d0
0x00007fff5cf6e648:   00007fff995f9080 00007fa370cf8ab0
0x00007fff5cf6e658:   00007fa3737145a0 00007fa373714490
0x00007fff5cf6e668:   00007fff995f8f66 00007fff5cf6e650
0x00007fff5cf6e678:   00007fff5cf6e670 00007fa370c1ccb0
0x00007fff5cf6e688:   00007fa370c1ce10 00007fff5cf6e650
0x00007fff5cf6e698:   0000000000000002 c2006f43c45e7b96
0x00007fff5cf6e6a8:   0000000000000001 00007fff5cf6e780
0x00007fff5cf6e6b8:   0000000000000f03 00007fa370c1ce00
0x00007fff5cf6e6c8:   00007fa370c1cca0 00007fff5cf6f3b0
0x00007fff5cf6e6d8:   00007fff995eb188 00007fff5cf6e820
0x00007fff5cf6e6e8:   0000000000000000 00007fff7ed58ed0
0x00007fff5cf6e6f8:   0000000000000000 00007fa370c1cca0
0x00007fff5cf6e708:   0000000100000000 00007fa373382570
0x00007fff5cf6e718:   0000000100000001 00007fa370c1ccb0
0x00007fff5cf6e728:   00007fa370c1ce10 0000000000000001
0x00007fff5cf6e738:   0000c7d59bab7c31 0000130300000000
0x00007fff5cf6e748:   422d2d99f34c75e1 000010035cf6ea90
0x00007fff5cf6e758:   00007fff92473594 0000000000000000
0x00007fff5cf6e768:   0000000000000000 0000000000000000
0x00007fff5cf6e778:   ffffffffffffffff 0000001800001100
0x00007fff5cf6e788:   00000e0300000000 0000000000000000
0x00007fff5cf6e798:   0000004400000000 000001f5000004cf
0x00007fff5cf6e7a8:   000001f500000014 00000014000001f5 

Instructions: (pc=0x00007fff9b11b064)
0x00007fff9b11b044:   5f 5d c3 90 90 90 90 90 90 90 90 90 31 c0 48 85
0x00007fff9b11b054:   ff 74 09 40 f6 c7 01 74 04 48 89 f8 c3 48 8b 07
0x00007fff9b11b064:   f6 40 20 02 74 05 e9 55 83 01 00 48 8d 05 62 ba
0x00007fff9b11b074:   19 e4 48 8b 30 e9 42 80 ff ff 90 90 90 90 90 90 

Register to memory mapping:

RAX=0x0000000000000001 is an unknown value
RBX=0x00007fa370c87750 is an unknown value
RCX=0x00000000ffffffff is an unknown value
RDX=0x0000000000000050 is an unknown value
RSP=0x00007fff5cf6e5b8 is pointing into the stack for thread: 0x00007fa3710b0000
RBP=0x00007fff5cf6e5d0 is pointing into the stack for thread: 0x00007fa3710b0000
RSI=0x00007fff8dcc8138: -[NSTitlebarContainerView transparent]+0xb501c in /System/Library/Frameworks/AppKit.framework/Versions/C/AppKit at 0x00007fff8d270000
RDI=0x00007fa373345dd0 is an unknown value
R8 =0x0000000000000001 is an unknown value
R9 =0x00007fa373300000 is an unknown value
R10=0x00007fa373374710 is an unknown value
R11=0x00007fff7d358df8: OBJC_CLASS_$__NSAutomaticFocusRingState+0 in /System/Library/Frameworks/AppKit.framework/Versions/C/AppKit at 0x00007fff8d270000
R12=0x0000000000000003 is an unknown value
R13=0x00007fff9b1130c0: objc_msgSend+0 in /usr/lib/libobjc.A.dylib at 0x00007fff9b112000
R14=0x00007fff7f2b7390: _ZL13PropertyLocks+0x1d0 in /usr/lib/libobjc.A.dylib at 0x00007fff9b112000
R15=0x00007fa370c102f0 is an unknown value


Stack: [0x00007fff5c773000,0x00007fff5cf73000],  sp=0x00007fff5cf6e5b8,  free space=8173k
Native frames: (J=compiled Java code, j=interpreted, Vv=VM code, C=native code)
C  [libobjc.A.dylib+0x9064]  objc_retain+0x14
C  [AppKit+0x14db86]  +[_NSAutomaticFocusRing setActiveFirstResponderChanged]+0xe1
C  [AppKit+0x14da31]  ___NSPostActiveFirstResponderChanged_block_invoke+0x1d
C  [CoreFoundation+0x80127]  __CFRUNLOOP_IS_CALLING_OUT_TO_AN_OBSERVER_CALLBACK_FUNCTION__+0x17
C  [CoreFoundation+0x80080]  __CFRunLoopDoObservers+0x170
C  [CoreFoundation+0x72188]  __CFRunLoopRun+0x368
C  [CoreFoundation+0x71bd8]  CFRunLoopRunSpecific+0x128
C  [HIToolbox+0x3256f]  RunCurrentEventLoopInMode+0xeb
C  [HIToolbox+0x322ea]  ReceiveNextEventCommon+0x1af
C  [HIToolbox+0x3212b]  _BlockUntilNextEventMatchingListInModeWithFilter+0x47
C  [AppKit+0x919bb]  _DPSNextEvent+0x3d2
C  [AppKit+0x90f68]  -[NSApplication nextEventMatchingMask:untilDate:inMode:dequeue:]+0x15a
C  [AppKit+0x86bf3]  -[NSApplication run]+0x252
C  [libglass.dylib+0xbfb5]  -[GlassApplication runLoop:]+0x6a5
C  [Foundation+0x92d00]  __NSThreadPerformPerform+0x125
C  [CoreFoundation+0x80a01]  __CFRUNLOOP_IS_CALLING_OUT_TO_A_SOURCE0_PERFORM_FUNCTION__+0x11
C  [CoreFoundation+0x72b8d]  __CFRunLoopDoSources0+0x10d
C  [CoreFoundation+0x721bf]  __CFRunLoopRun+0x39f
C  [CoreFoundation+0x71bd8]  CFRunLoopRunSpecific+0x128
C  [java+0x56cb]  CreateExecutionEnvironment+0x367
C  [java+0x166c]  JLI_Launch+0x7a0
C  [java+0x7689]  main+0x65
C  [java+0xec4]  start+0x34


---------------  P R O C E S S  ---------------

Java Threads: ( => current thread )
  0x00007fa37117d000 JavaThread "Prism Font Disposer" daemon [_thread_blocked, id=49439, stack(0x000000012130e000,0x000000012140e000)]
  0x00007fa3710af000 JavaThread "Thread-4" daemon [_thread_in_native, id=35851, stack(0x000000011f6ed000,0x000000011f76d000)]
=>0x00007fa3710b0000 JavaThread "JavaFX Application Thread" [_thread_in_native, id=1299, stack(0x00007fff5c773000,0x00007fff5cf73000)]
  0x00007fa3718b9000 JavaThread "Thread-2" daemon [_thread_blocked, id=24863, stack(0x000000011cfe6000,0x000000011d0e6000)]
  0x00007fa37205d800 JavaThread "QuantumRenderer-0" daemon [_thread_blocked, id=20227, stack(0x000000011c9c8000,0x000000011cac8000)]
  0x00007fa372888000 JavaThread "JavaFX-Launcher" [_thread_blocked, id=19715, stack(0x000000011c8c5000,0x000000011c9c5000)]
  0x00007fa371084000 JavaThread "Monitor Ctrl-Break" daemon [_thread_in_native, id=19203, stack(0x000000011c6bf000,0x000000011c7bf000)]
  0x00007fa372830000 JavaThread "Service Thread" daemon [_thread_blocked, id=18179, stack(0x000000011c35f000,0x000000011c45f000)]
  0x00007fa372825000 JavaThread "C1 CompilerThread2" daemon [_thread_in_native, id=17667, stack(0x000000011c25c000,0x000000011c35c000)]
  0x00007fa37281d000 JavaThread "C2 CompilerThread1" daemon [_thread_blocked, id=17155, stack(0x000000011c159000,0x000000011c259000)]
  0x00007fa37281b800 JavaThread "C2 CompilerThread0" daemon [_thread_blocked, id=16643, stack(0x000000011c056000,0x000000011c156000)]
  0x00007fa372823000 JavaThread "Signal Dispatcher" daemon [_thread_blocked, id=13331, stack(0x000000011bf53000,0x000000011c053000)]
  0x00007fa372807000 JavaThread "Finalizer" daemon [_thread_blocked, id=11523, stack(0x000000011a54a000,0x000000011a64a000)]
  0x00007fa372806000 JavaThread "Reference Handler" daemon [_thread_blocked, id=11011, stack(0x000000011a447000,0x000000011a547000)]
  0x00007fa371800800 JavaThread "main" [_thread_blocked, id=3331, stack(0x0000000103c4c000,0x0000000103d4c000)]

Other Threads:
  0x00007fa37200a000 VMThread [stack: 0x000000011a344000,0x000000011a444000] [id=10499]
  0x00007fa372824000 WatcherThread [stack: 0x000000011c462000,0x000000011c562000] [id=18691]

VM state:not at safepoint (normal execution)

VM Mutex/Monitor currently owned by a thread: None

Heap:
 PSYoungGen      total 32768K, used 7678K [0x0000000795580000, 0x0000000798e00000, 0x00000007c0000000)
  eden space 22016K, 34% used [0x0000000795580000,0x0000000795cff8e8,0x0000000796b00000)
  from space 10752K, 0% used [0x0000000796b00000,0x0000000796b00000,0x0000000797580000)
  to   space 11776K, 0% used [0x0000000798280000,0x0000000798280000,0x0000000798e00000)
 ParOldGen       total 157696K, used 130392K [0x0000000740000000, 0x0000000749a00000, 0x0000000795580000)
  object space 157696K, 82% used [0x0000000740000000,0x0000000747f560a0,0x0000000749a00000)
 Metaspace       used 16120K, capacity 16246K, committed 16512K, reserved 1062912K
  class space    used 2239K, capacity 2307K, committed 2432K, reserved 1048576K

Card table byte_map: [0x00000001139c0000,0x0000000113dc1000] byte_map_base: 0x000000010ffc0000

Marking Bits: (ParMarkBitMap*) 0x00000001035f10a0
 Begin Bits: [0x0000000114478000, 0x0000000116478000)
 End Bits:   [0x0000000116478000, 0x0000000118478000)

Polling page: 0x0000000103da7000

CodeCache: size=245760Kb used=9145Kb max_used=9145Kb free=236614Kb
 bounds [0x0000000104600000, 0x0000000104f00000, 0x0000000113600000]
 total_blobs=3456 nmethods=2812 adapters=557
 compilation: enabled

Compilation events (10 events):
Event: 20.492 Thread 0x00007fa372825000 nmethod 2806 0x0000000104eee790 code [0x0000000104eee900, 0x0000000104eeeb48]
Event: 20.492 Thread 0x00007fa372825000 2810       3       com.sun.javafx.sg.prism.NGNode::<init> (97 bytes)
Event: 20.492 Thread 0x00007fa372825000 nmethod 2810 0x0000000104eeec10 code [0x0000000104eeedc0, 0x0000000104eef470]
Event: 20.492 Thread 0x00007fa372825000 2807       3       javafx.scene.Parent::impl_computeGeomBounds (429 bytes)
Event: 20.493 Thread 0x00007fa372825000 nmethod 2807 0x0000000104eef790 code [0x0000000104eefc80, 0x0000000104ef2648]
Event: 20.493 Thread 0x00007fa372825000 2811       1       com.sun.javafx.tk.quantum.GlassScene::getCamera (5 bytes)
Event: 20.493 Thread 0x00007fa372825000 nmethod 2811 0x0000000104ef3b50 code [0x0000000104ef3ca0, 0x0000000104ef3db0]
Event: 20.525 Thread 0x00007fa372825000 2812       3       sun.text.bidi.BidiBase::DirPropFlag (4 bytes)
Event: 20.525 Thread 0x00007fa372825000 nmethod 2812 0x0000000104ef3e10 code [0x0000000104ef3f60, 0x0000000104ef4090]
Event: 20.525 Thread 0x00007fa372825000 2814   !   3       com.sun.javafx.text.PrismTextLayout::layout (1624 bytes)

GC Heap History (10 events):
Event: 6.215 GC heap before
{Heap before GC invocations=13 (full 0):
 PSYoungGen      total 19456K, used 16474K [0x0000000795580000, 0x0000000797600000, 0x00000007c0000000)
  eden space 16384K, 81% used [0x0000000795580000,0x00000007962974a8,0x0000000796580000)
  from space 3072K, 99% used [0x0000000796c00000,0x0000000796eff650,0x0000000796f00000)
  to   space 6656K, 0% used [0x0000000796580000,0x0000000796580000,0x0000000796c00000)
 ParOldGen       total 129536K, used 81165K [0x0000000740000000, 0x0000000747e80000, 0x0000000795580000)
  object space 129536K, 62% used [0x0000000740000000,0x0000000744f43618,0x0000000747e80000)
 Metaspace       used 15394K, capacity 15574K, committed 15872K, reserved 1062912K
  class space    used 2225K, capacity 2275K, committed 2304K, reserved 1048576K
Event: 6.223 GC heap after
Heap after GC invocations=13 (full 0):
 PSYoungGen      total 23040K, used 2623K [0x0000000795580000, 0x0000000797b80000, 0x00000007c0000000)
  eden space 16384K, 0% used [0x0000000795580000,0x0000000795580000,0x0000000796580000)
  from space 6656K, 39% used [0x0000000796580000,0x000000079680fea0,0x0000000796c00000)
  to   space 6144K, 0% used [0x0000000797580000,0x0000000797580000,0x0000000797b80000)
 ParOldGen       total 129536K, used 93566K [0x0000000740000000, 0x0000000747e80000, 0x0000000795580000)
  object space 129536K, 72% used [0x0000000740000000,0x0000000745b5fbf8,0x0000000747e80000)
 Metaspace       used 15394K, capacity 15574K, committed 15872K, reserved 1062912K
  class space    used 2225K, capacity 2275K, committed 2304K, reserved 1048576K
}
Event: 6.421 GC heap before
{Heap before GC invocations=14 (full 0):
 PSYoungGen      total 23040K, used 19007K [0x0000000795580000, 0x0000000797b80000, 0x00000007c0000000)
  eden space 16384K, 100% used [0x0000000795580000,0x0000000796580000,0x0000000796580000)
  from space 6656K, 39% used [0x0000000796580000,0x000000079680fea0,0x0000000796c00000)
  to   space 6144K, 0% used [0x0000000797580000,0x0000000797580000,0x0000000797b80000)
 ParOldGen       total 129536K, used 102942K [0x0000000740000000, 0x0000000747e80000, 0x0000000795580000)
  object space 129536K, 79% used [0x0000000740000000,0x0000000746487808,0x0000000747e80000)
 Metaspace       used 15425K, capacity 15638K, committed 15872K, reserved 1062912K
  class space    used 2225K, capacity 2275K, committed 2304K, reserved 1048576K
Event: 6.426 GC heap after
Heap after GC invocations=14 (full 0):
 PSYoungGen      total 28160K, used 6142K [0x0000000795580000, 0x0000000798480000, 0x00000007c0000000)
  eden space 22016K, 0% used [0x0000000795580000,0x0000000795580000,0x0000000796b00000)
  from space 6144K, 99% used [0x0000000797580000,0x0000000797b7f8d8,0x0000000797b80000)
  to   space 10752K, 0% used [0x0000000796b00000,0x0000000796b00000,0x0000000797580000)
 ParOldGen       total 129536K, used 112094K [0x0000000740000000, 0x0000000747e80000, 0x0000000795580000)
  object space 129536K, 86% used [0x0000000740000000,0x0000000746d77800,0x0000000747e80000)
 Metaspace       used 15425K, capacity 15638K, committed 15872K, reserved 1062912K
  class space    used 2225K, capacity 2275K, committed 2304K, reserved 1048576K
}
Event: 6.426 GC heap before
{Heap before GC invocations=15 (full 1):
 PSYoungGen      total 28160K, used 6142K [0x0000000795580000, 0x0000000798480000, 0x00000007c0000000)
  eden space 22016K, 0% used [0x0000000795580000,0x0000000795580000,0x0000000796b00000)
  from space 6144K, 99% used [0x0000000797580000,0x0000000797b7f8d8,0x0000000797b80000)
  to   space 10752K, 0% used [0x0000000796b00000,0x0000000796b00000,0x0000000797580000)
 ParOldGen       total 129536K, used 112094K [0x0000000740000000, 0x0000000747e80000, 0x0000000795580000)
  object space 129536K, 86% used [0x0000000740000000,0x0000000746d77800,0x0000000747e80000)
 Metaspace       used 15425K, capacity 15638K, committed 15872K, reserved 1062912K
  class space    used 2225K, capacity 2275K, committed 2304K, reserved 1048576K
Event: 6.456 GC heap after
Heap after GC invocations=15 (full 1):
 PSYoungGen      total 28160K, used 0K [0x0000000795580000, 0x0000000798480000, 0x00000007c0000000)
  eden space 22016K, 0% used [0x0000000795580000,0x0000000795580000,0x0000000796b00000)
  from space 6144K, 0% used [0x0000000797580000,0x0000000797580000,0x0000000797b80000)
  to   space 10752K, 0% used [0x0000000796b00000,0x0000000796b00000,0x0000000797580000)
 ParOldGen       total 136192K, used 112300K [0x0000000740000000, 0x0000000748500000, 0x0000000795580000)
  object space 136192K, 82% used [0x0000000740000000,0x0000000746dab090,0x0000000748500000)
 Metaspace       used 15425K, capacity 15638K, committed 15872K, reserved 1062912K
  class space    used 2225K, capacity 2275K, committed 2304K, reserved 1048576K
}
Event: 6.608 GC heap before
{Heap before GC invocations=16 (full 1):
 PSYoungGen      total 28160K, used 21552K [0x0000000795580000, 0x0000000798480000, 0x00000007c0000000)
  eden space 22016K, 97% used [0x0000000795580000,0x0000000796a8c1e8,0x0000000796b00000)
  from space 6144K, 0% used [0x0000000797580000,0x0000000797580000,0x0000000797b80000)
  to   space 10752K, 0% used [0x0000000796b00000,0x0000000796b00000,0x0000000797580000)
 ParOldGen       total 136192K, used 112300K [0x0000000740000000, 0x0000000748500000, 0x0000000795580000)
  object space 136192K, 82% used [0x0000000740000000,0x0000000746dab090,0x0000000748500000)
 Metaspace       used 15428K, capacity 15638K, committed 15872K, reserved 1062912K
  class space    used 2226K, capacity 2275K, committed 2304K, reserved 1048576K
Event: 6.617 GC heap after
Heap after GC invocations=16 (full 1):
 PSYoungGen      total 32768K, used 9022K [0x0000000795580000, 0x0000000798e00000, 0x00000007c0000000)
  eden space 22016K, 0% used [0x0000000795580000,0x0000000795580000,0x0000000796b00000)
  from space 10752K, 83% used [0x0000000796b00000,0x00000007973cf8a0,0x0000000797580000)
  to   space 11776K, 0% used [0x0000000798280000,0x0000000798280000,0x0000000798e00000)
 ParOldGen       total 136192K, used 121683K [0x0000000740000000, 0x0000000748500000, 0x0000000795580000)
  object space 136192K, 89% used [0x0000000740000000,0x00000007476d4ca0,0x0000000748500000)
 Metaspace       used 15428K, capacity 15638K, committed 15872K, reserved 1062912K
  class space    used 2226K, capacity 2275K, committed 2304K, reserved 1048576K
}
Event: 6.617 GC heap before
{Heap before GC invocations=17 (full 2):
 PSYoungGen      total 32768K, used 9022K [0x0000000795580000, 0x0000000798e00000, 0x00000007c0000000)
  eden space 22016K, 0% used [0x0000000795580000,0x0000000795580000,0x0000000796b00000)
  from space 10752K, 83% used [0x0000000796b00000,0x00000007973cf8a0,0x0000000797580000)
  to   space 11776K, 0% used [0x0000000798280000,0x0000000798280000,0x0000000798e00000)
 ParOldGen       total 136192K, used 121683K [0x0000000740000000, 0x0000000748500000, 0x0000000795580000)
  object space 136192K, 89% used [0x0000000740000000,0x00000007476d4ca0,0x0000000748500000)
 Metaspace       used 15428K, capacity 15638K, committed 15872K, reserved 1062912K
  class space    used 2226K, capacity 2275K, committed 2304K, reserved 1048576K
Event: 6.669 GC heap after
Heap after GC invocations=17 (full 2):
 PSYoungGen      total 32768K, used 0K [0x0000000795580000, 0x0000000798e00000, 0x00000007c0000000)
  eden space 22016K, 0% used [0x0000000795580000,0x0000000795580000,0x0000000796b00000)
  from space 10752K, 0% used [0x0000000796b00000,0x0000000796b00000,0x0000000797580000)
  to   space 11776K, 0% used [0x0000000798280000,0x0000000798280000,0x0000000798e00000)
 ParOldGen       total 157696K, used 130392K [0x0000000740000000, 0x0000000749a00000, 0x0000000795580000)
  object space 157696K, 82% used [0x0000000740000000,0x0000000747f560a0,0x0000000749a00000)
 Metaspace       used 15428K, capacity 15638K, committed 15872K, reserved 1062912K
  class space    used 2226K, capacity 2275K, committed 2304K, reserved 1048576K
}

Deoptimization events (10 events):
Event: 10.022 Thread 0x00007fa37205d800 Uncommon trap: reason=class_check action=maybe_recompile pc=0x0000000104d26a08 method=com.sun.javafx.sg.prism.NGImageView.renderContent(Lcom/sun/prism/Graphics;)V @ 53
Event: 10.022 Thread 0x00007fa37205d800 Uncommon trap: reason=class_check action=maybe_recompile pc=0x0000000104d26a08 method=com.sun.javafx.sg.prism.NGImageView.renderContent(Lcom/sun/prism/Graphics;)V @ 53
Event: 10.022 Thread 0x00007fa37205d800 Uncommon trap: reason=class_check action=maybe_recompile pc=0x0000000104d26a08 method=com.sun.javafx.sg.prism.NGImageView.renderContent(Lcom/sun/prism/Graphics;)V @ 53
Event: 10.022 Thread 0x00007fa37205d800 Uncommon trap: reason=class_check action=maybe_recompile pc=0x0000000104d26a08 method=com.sun.javafx.sg.prism.NGImageView.renderContent(Lcom/sun/prism/Graphics;)V @ 53
Event: 16.855 Thread 0x00007fa3710b0000 Uncommon trap: reason=class_check action=maybe_recompile pc=0x0000000104e91f14 method=javafx.scene.Node.isManaged()Z @ 15
Event: 17.855 Thread 0x00007fa3710b0000 Uncommon trap: reason=class_check action=maybe_recompile pc=0x0000000104e91f14 method=javafx.scene.Node.isManaged()Z @ 15
Event: 18.855 Thread 0x00007fa3710b0000 Uncommon trap: reason=class_check action=maybe_recompile pc=0x0000000104e91f14 method=javafx.scene.Node.isManaged()Z @ 15
Event: 19.855 Thread 0x00007fa3710b0000 Uncommon trap: reason=class_check action=maybe_recompile pc=0x0000000104e91f14 method=javafx.scene.Node.isManaged()Z @ 15
Event: 20.491 Thread 0x00007fa37205d800 Uncommon trap: reason=unreached action=reinterpret pc=0x0000000104e98fe8 method=com.sun.prism.impl.BaseResourceFactory.getCachedTexture(Lcom/sun/prism/Image;Lcom/sun/prism/Texture$WrapMode;)Lcom/sun/prism/Texture; @ 18
Event: 20.492 Thread 0x00007fa37205d800 Uncommon trap: reason=unreached action=reinterpret pc=0x0000000104d92c34 method=com.sun.javafx.sg.prism.NGNode.doRender(Lcom/sun/prism/Graphics;)V @ 280

Internal exceptions (10 events):
Event: 6.604 Thread 0x00007fa3710b0000 Exception <a 'java/io/FileNotFoundException'> (0x00000007969ffd80) thrown at [/HUDSON/workspace/8-2-build-macosx-x86_64/jdk8u5/2488/hotspot/src/share/vm/prims/jni.cpp, line 716]
Event: 6.604 Thread 0x00007fa3710b0000 Exception <a 'java/io/FileNotFoundException'> (0x0000000796a19660) thrown at [/HUDSON/workspace/8-2-build-macosx-x86_64/jdk8u5/2488/hotspot/src/share/vm/prims/jni.cpp, line 716]
Event: 6.605 Thread 0x00007fa3710b0000 Exception <a 'java/io/FileNotFoundException'> (0x0000000796a33020) thrown at [/HUDSON/workspace/8-2-build-macosx-x86_64/jdk8u5/2488/hotspot/src/share/vm/prims/jni.cpp, line 716]
Event: 6.606 Thread 0x00007fa3710b0000 Exception <a 'java/io/FileNotFoundException'> (0x0000000796a4c918) thrown at [/HUDSON/workspace/8-2-build-macosx-x86_64/jdk8u5/2488/hotspot/src/share/vm/prims/jni.cpp, line 716]
Event: 6.607 Thread 0x00007fa3710b0000 Exception <a 'java/io/FileNotFoundException'> (0x0000000796a661f8) thrown at [/HUDSON/workspace/8-2-build-macosx-x86_64/jdk8u5/2488/hotspot/src/share/vm/prims/jni.cpp, line 716]
Event: 6.608 Thread 0x00007fa3710b0000 Exception <a 'java/io/FileNotFoundException'> (0x0000000796a729a0) thrown at [/HUDSON/workspace/8-2-build-macosx-x86_64/jdk8u5/2488/hotspot/src/share/vm/prims/jni.cpp, line 716]
Event: 6.738 Thread 0x00007fa3710b0000 Implicit null exception at 0x0000000104b0a383 to 0x0000000104b0a571
Event: 7.555 Thread 0x00007fa3710b0000 Exception <a 'java/security/PrivilegedActionException'> (0x000000079591bbc8) thrown at [/HUDSON/workspace/8-2-build-macosx-x86_64/jdk8u5/2488/hotspot/src/share/vm/prims/jvm.cpp, line 1248]
Event: 20.473 Thread 0x00007fa3710b0000 Exception <a 'java/security/PrivilegedActionException'> (0x0000000795c99d40) thrown at [/HUDSON/workspace/8-2-build-macosx-x86_64/jdk8u5/2488/hotspot/src/share/vm/prims/jvm.cpp, line 1248]
Event: 20.524 Thread 0x00007fa3710b0000 Exception <a 'java/security/PrivilegedActionException'> (0x0000000795cd2a48) thrown at [/HUDSON/workspace/8-2-build-macosx-x86_64/jdk8u5/2488/hotspot/src/share/vm/prims/jvm.cpp, line 1248]

Events (10 events):
Event: 20.491 Thread 0x00007fa37205d800 DEOPT UNPACKING pc=0x0000000104647250 sp=0x000000011cac6758 mode 2
Event: 20.492 Thread 0x00007fa37205d800 Uncommon trap: trap_request=0xffffffad fr.pc=0x0000000104d92c34
Event: 20.492 Thread 0x00007fa37205d800 DEOPT PACKING pc=0x0000000104d92c34 sp=0x000000011cac6a90
Event: 20.492 Thread 0x00007fa37205d800 DEOPT UNPACKING pc=0x0000000104647250 sp=0x000000011cac6a88 mode 2
Event: 20.493 Executing VM operation: RevokeBias
Event: 20.493 Executing VM operation: RevokeBias done
Event: 20.524 loading class edu/gu/maze/controller/CongratzController
Event: 20.524 loading class edu/gu/maze/controller/CongratzController done
Event: 20.525 loading class java/util/ArrayList$SubList$1
Event: 20.525 loading class java/util/ArrayList$SubList$1 done


Dynamic libraries:
0x000000000d099000 	/System/Library/Frameworks/Cocoa.framework/Versions/A/Cocoa
0x000000000d099000 	/System/Library/Frameworks/Security.framework/Versions/A/Security
0x000000000d099000 	/System/Library/Frameworks/ApplicationServices.framework/Versions/A/ApplicationServices
0x000000000d099000 	/usr/lib/libz.1.dylib
0x000000000d099000 	/usr/lib/libSystem.B.dylib
0x000000000d099000 	/usr/lib/libobjc.A.dylib
0x000000000d099000 	/System/Library/Frameworks/CoreFoundation.framework/Versions/A/CoreFoundation
0x000000000d099000 	/System/Library/Frameworks/Foundation.framework/Versions/C/Foundation
0x000000000d099000 	/System/Library/Frameworks/AppKit.framework/Versions/C/AppKit
0x000000000d099000 	/System/Library/Frameworks/CoreData.framework/Versions/A/CoreData
0x000000000d099000 	/System/Library/PrivateFrameworks/RemoteViewServices.framework/Versions/A/RemoteViewServices
0x000000000d099000 	/System/Library/PrivateFrameworks/UIFoundation.framework/Versions/A/UIFoundation
0x000000000d099000 	/System/Library/Frameworks/IOSurface.framework/Versions/A/IOSurface
0x000000000d099000 	/System/Library/Frameworks/AudioToolbox.framework/Versions/A/AudioToolbox
0x000000000d099000 	/System/Library/Frameworks/AudioUnit.framework/Versions/A/AudioUnit
0x000000000d099000 	/System/Library/PrivateFrameworks/DataDetectorsCore.framework/Versions/A/DataDetectorsCore
0x000000000d099000 	/System/Library/PrivateFrameworks/DesktopServicesPriv.framework/Versions/A/DesktopServicesPriv
0x000000000d099000 	/System/Library/Frameworks/Carbon.framework/Versions/A/Frameworks/HIToolbox.framework/Versions/A/HIToolbox
0x000000000d099000 	/System/Library/Frameworks/QuartzCore.framework/Versions/A/QuartzCore
0x000000000d099000 	/System/Library/Frameworks/Carbon.framework/Versions/A/Frameworks/SpeechRecognition.framework/Versions/A/SpeechRecognition
0x000000000d099000 	/usr/lib/libauto.dylib
0x000000000d099000 	/usr/lib/libicucore.A.dylib
0x000000000d099000 	/usr/lib/libxml2.2.dylib
0x000000000d099000 	/System/Library/PrivateFrameworks/CoreUI.framework/Versions/A/CoreUI
0x000000000d099000 	/System/Library/Frameworks/CoreAudio.framework/Versions/A/CoreAudio
0x000000000d099000 	/System/Library/Frameworks/DiskArbitration.framework/Versions/A/DiskArbitration
0x000000000d099000 	/usr/lib/liblangid.dylib
0x000000000d099000 	/System/Library/PrivateFrameworks/MultitouchSupport.framework/Versions/A/MultitouchSupport
0x000000000d099000 	/System/Library/Frameworks/IOKit.framework/Versions/A/IOKit
0x000000000d099000 	/usr/lib/libDiagnosticMessagesClient.dylib
0x000000000d099000 	/System/Library/Frameworks/CoreServices.framework/Versions/A/CoreServices
0x000000000d099000 	/System/Library/PrivateFrameworks/PerformanceAnalysis.framework/Versions/A/PerformanceAnalysis
0x000000000d099000 	/System/Library/PrivateFrameworks/GenerationalStorage.framework/Versions/A/GenerationalStorage
0x000000000d099000 	/System/Library/Frameworks/OpenGL.framework/Versions/A/OpenGL
0x000000000d099000 	/System/Library/PrivateFrameworks/Sharing.framework/Versions/A/Sharing
0x000000000d099000 	/System/Library/Frameworks/CoreGraphics.framework/Versions/A/CoreGraphics
0x000000000d099000 	/System/Library/Frameworks/CoreText.framework/Versions/A/CoreText
0x000000000d099000 	/System/Library/Frameworks/ImageIO.framework/Versions/A/ImageIO
0x000000000d099000 	/usr/lib/libextension.dylib
0x000000000d099000 	/System/Library/PrivateFrameworks/Backup.framework/Versions/A/Backup
0x000000000d099000 	/usr/lib/libarchive.2.dylib
0x000000000d099000 	/System/Library/Frameworks/CFNetwork.framework/Versions/A/CFNetwork
0x000000000d099000 	/System/Library/Frameworks/SystemConfiguration.framework/Versions/A/SystemConfiguration
0x000000000d099000 	/usr/lib/libCRFSuite.dylib
0x000000000d099000 	/usr/lib/libc++.1.dylib
0x000000000d099000 	/usr/lib/libc++abi.dylib
0x000000000d099000 	/usr/lib/system/libcache.dylib
0x000000000d099000 	/usr/lib/system/libcommonCrypto.dylib
0x000000000d099000 	/usr/lib/system/libcompiler_rt.dylib
0x000000000d099000 	/usr/lib/system/libcopyfile.dylib
0x000000000d099000 	/usr/lib/system/libcorecrypto.dylib
0x000000000d099000 	/usr/lib/system/libdispatch.dylib
0x000000000d099000 	/usr/lib/system/libdyld.dylib
0x000000000d099000 	/usr/lib/system/libkeymgr.dylib
0x000000000d099000 	/usr/lib/system/liblaunch.dylib
0x000000000d099000 	/usr/lib/system/libmacho.dylib
0x000000000d099000 	/usr/lib/system/libquarantine.dylib
0x000000000d099000 	/usr/lib/system/libremovefile.dylib
0x000000000d099000 	/usr/lib/system/libsystem_asl.dylib
0x000000000d099000 	/usr/lib/system/libsystem_blocks.dylib
0x000000000d099000 	/usr/lib/system/libsystem_c.dylib
0x000000000d099000 	/usr/lib/system/libsystem_configuration.dylib
0x000000000d099000 	/usr/lib/system/libsystem_coreservices.dylib
0x000000000d099000 	/usr/lib/system/libsystem_coretls.dylib
0x000000000d099000 	/usr/lib/system/libsystem_dnssd.dylib
0x000000000d099000 	/usr/lib/system/libsystem_info.dylib
0x000000000d099000 	/usr/lib/system/libsystem_kernel.dylib
0x000000000d099000 	/usr/lib/system/libsystem_m.dylib
0x000000000d099000 	/usr/lib/system/libsystem_malloc.dylib
0x000000000d099000 	/usr/lib/system/libsystem_network.dylib
0x000000000d099000 	/usr/lib/system/libsystem_networkextension.dylib
0x000000000d099000 	/usr/lib/system/libsystem_notify.dylib
0x000000000d099000 	/usr/lib/system/libsystem_platform.dylib
0x000000000d099000 	/usr/lib/system/libsystem_pthread.dylib
0x000000000d099000 	/usr/lib/system/libsystem_sandbox.dylib
0x000000000d099000 	/usr/lib/system/libsystem_secinit.dylib
0x000000000d099000 	/usr/lib/system/libsystem_stats.dylib
0x000000000d099000 	/usr/lib/system/libsystem_trace.dylib
0x000000000d099000 	/usr/lib/system/libunc.dylib
0x000000000d099000 	/usr/lib/system/libunwind.dylib
0x000000000d099000 	/usr/lib/system/libxpc.dylib
0x000000000d099000 	/usr/lib/libbz2.1.0.dylib
0x000000000d099000 	/usr/lib/liblzma.5.dylib
0x000000000d099000 	/usr/lib/libbsm.0.dylib
0x000000000d099000 	/usr/lib/libsqlite3.dylib
0x000000000d099000 	/usr/lib/system/libkxld.dylib
0x000000000d099000 	/usr/lib/libxar.1.dylib
0x000000000d099000 	/usr/lib/libpam.2.dylib
0x000000000d099000 	/usr/lib/libOpenScriptingUtil.dylib
0x000000000d099000 	/System/Library/Frameworks/CoreServices.framework/Versions/A/Frameworks/FSEvents.framework/Versions/A/FSEvents
0x000000000d099000 	/System/Library/Frameworks/CoreServices.framework/Versions/A/Frameworks/CarbonCore.framework/Versions/A/CarbonCore
0x000000000d099000 	/System/Library/Frameworks/CoreServices.framework/Versions/A/Frameworks/Metadata.framework/Versions/A/Metadata
0x000000000d099000 	/System/Library/Frameworks/CoreServices.framework/Versions/A/Frameworks/OSServices.framework/Versions/A/OSServices
0x000000000d099000 	/System/Library/Frameworks/CoreServices.framework/Versions/A/Frameworks/SearchKit.framework/Versions/A/SearchKit
0x000000000d099000 	/System/Library/Frameworks/CoreServices.framework/Versions/A/Frameworks/AE.framework/Versions/A/AE
0x000000000d099000 	/System/Library/Frameworks/CoreServices.framework/Versions/A/Frameworks/LaunchServices.framework/Versions/A/LaunchServices
0x000000000d099000 	/System/Library/Frameworks/CoreServices.framework/Versions/A/Frameworks/DictionaryServices.framework/Versions/A/DictionaryServices
0x000000000d099000 	/System/Library/Frameworks/NetFS.framework/Versions/A/NetFS
0x000000000d099000 	/System/Library/PrivateFrameworks/NetAuth.framework/Versions/A/NetAuth
0x000000000d099000 	/System/Library/PrivateFrameworks/login.framework/Versions/A/Frameworks/loginsupport.framework/Versions/A/loginsupport
0x000000000d099000 	/System/Library/PrivateFrameworks/TCC.framework/Versions/A/TCC
0x000000000d099000 	/usr/lib/libmecabra.dylib
0x000000000d099000 	/System/Library/Frameworks/ApplicationServices.framework/Versions/A/Frameworks/ATS.framework/Versions/A/ATS
0x000000000d099000 	/System/Library/Frameworks/ApplicationServices.framework/Versions/A/Frameworks/ColorSync.framework/Versions/A/ColorSync
0x000000000d099000 	/System/Library/Frameworks/ApplicationServices.framework/Versions/A/Frameworks/HIServices.framework/Versions/A/HIServices
0x000000000d099000 	/System/Library/Frameworks/ApplicationServices.framework/Versions/A/Frameworks/LangAnalysis.framework/Versions/A/LangAnalysis
0x000000000d099000 	/System/Library/Frameworks/ApplicationServices.framework/Versions/A/Frameworks/PrintCore.framework/Versions/A/PrintCore
0x000000000d099000 	/System/Library/Frameworks/ApplicationServices.framework/Versions/A/Frameworks/QD.framework/Versions/A/QD
0x000000000d099000 	/System/Library/Frameworks/ApplicationServices.framework/Versions/A/Frameworks/SpeechSynthesis.framework/Versions/A/SpeechSynthesis
0x000000000d099000 	/System/Library/Frameworks/Accelerate.framework/Versions/A/Accelerate
0x000000000d099000 	/System/Library/Frameworks/Accelerate.framework/Versions/A/Frameworks/vImage.framework/Versions/A/vImage
0x000000000d099000 	/System/Library/Frameworks/Accelerate.framework/Versions/A/Frameworks/vecLib.framework/Versions/A/vecLib
0x000000000d099000 	/System/Library/Frameworks/Accelerate.framework/Versions/A/Frameworks/vecLib.framework/Versions/A/libvDSP.dylib
0x000000000d099000 	/System/Library/Frameworks/Accelerate.framework/Versions/A/Frameworks/vecLib.framework/Versions/A/libvMisc.dylib
0x000000000d099000 	/System/Library/Frameworks/Accelerate.framework/Versions/A/Frameworks/vecLib.framework/Versions/A/libLAPACK.dylib
0x000000000d099000 	/System/Library/Frameworks/Accelerate.framework/Versions/A/Frameworks/vecLib.framework/Versions/A/libBLAS.dylib
0x000000000d099000 	/System/Library/Frameworks/Accelerate.framework/Versions/A/Frameworks/vecLib.framework/Versions/A/libLinearAlgebra.dylib
0x000000000d099000 	/System/Library/Frameworks/ApplicationServices.framework/Versions/A/Frameworks/ATS.framework/Versions/A/Resources/libFontParser.dylib
0x000000000d099000 	/System/Library/Frameworks/ApplicationServices.framework/Versions/A/Frameworks/ATS.framework/Versions/A/Resources/libFontRegistry.dylib
0x000000000d099000 	/System/Library/PrivateFrameworks/AppleVPA.framework/Versions/A/AppleVPA
0x000000000d099000 	/System/Library/PrivateFrameworks/AppleJPEG.framework/Versions/A/AppleJPEG
0x000000000d099000 	/System/Library/Frameworks/ImageIO.framework/Versions/A/Resources/libJPEG.dylib
0x000000000d099000 	/System/Library/Frameworks/ImageIO.framework/Versions/A/Resources/libTIFF.dylib
0x000000000d099000 	/System/Library/Frameworks/ImageIO.framework/Versions/A/Resources/libPng.dylib
0x000000000d099000 	/System/Library/Frameworks/ImageIO.framework/Versions/A/Resources/libGIF.dylib
0x000000000d099000 	/System/Library/Frameworks/ImageIO.framework/Versions/A/Resources/libJP2.dylib
0x000000000d099000 	/System/Library/Frameworks/ImageIO.framework/Versions/A/Resources/libRadiance.dylib
0x000000000d099000 	/System/Library/Frameworks/CoreVideo.framework/Versions/A/CoreVideo
0x000000000d099000 	/System/Library/Frameworks/OpenGL.framework/Versions/A/Libraries/libGLU.dylib
0x000000000d099000 	/System/Library/Frameworks/OpenGL.framework/Versions/A/Libraries/libGFXShared.dylib
0x000000000d099000 	/System/Library/Frameworks/OpenGL.framework/Versions/A/Libraries/libGL.dylib
0x000000000d099000 	/System/Library/Frameworks/OpenGL.framework/Versions/A/Libraries/libGLImage.dylib
0x000000000d099000 	/System/Library/Frameworks/OpenGL.framework/Versions/A/Libraries/libCVMSPluginSupport.dylib
0x000000000d099000 	/System/Library/Frameworks/OpenGL.framework/Versions/A/Libraries/libCoreVMClient.dylib
0x000000000d099000 	/usr/lib/libcups.2.dylib
0x000000000d099000 	/System/Library/Frameworks/Kerberos.framework/Versions/A/Kerberos
0x000000000d099000 	/System/Library/Frameworks/GSS.framework/Versions/A/GSS
0x000000000d099000 	/usr/lib/libresolv.9.dylib
0x000000000d099000 	/usr/lib/libiconv.2.dylib
0x000000000d099000 	/System/Library/PrivateFrameworks/Heimdal.framework/Versions/A/Heimdal
0x000000000d099000 	/usr/lib/libheimdal-asn1.dylib
0x000000000d099000 	/System/Library/Frameworks/OpenDirectory.framework/Versions/A/OpenDirectory
0x000000000d099000 	/System/Library/PrivateFrameworks/CommonAuth.framework/Versions/A/CommonAuth
0x000000000d099000 	/System/Library/Frameworks/OpenDirectory.framework/Versions/A/Frameworks/CFOpenDirectory.framework/Versions/A/CFOpenDirectory
0x000000000d099000 	/System/Library/Frameworks/SecurityFoundation.framework/Versions/A/SecurityFoundation
0x000000000d099000 	/System/Library/PrivateFrameworks/LanguageModeling.framework/Versions/A/LanguageModeling
0x000000000d099000 	/usr/lib/libcmph.dylib
0x000000000d099000 	/System/Library/Frameworks/ServiceManagement.framework/Versions/A/ServiceManagement
0x000000000d099000 	/usr/lib/libxslt.1.dylib
0x000000000d099000 	/System/Library/Frameworks/Carbon.framework/Versions/A/Frameworks/Ink.framework/Versions/A/Ink
0x000000000d099000 	/System/Library/Frameworks/QuartzCore.framework/Versions/A/Frameworks/CoreImage.framework/Versions/A/CoreImage
0x000000000d099000 	/System/Library/PrivateFrameworks/CrashReporterSupport.framework/Versions/A/CrashReporterSupport
0x000000000d099000 	/System/Library/Frameworks/OpenCL.framework/Versions/A/OpenCL
0x000000000d099000 	/System/Library/PrivateFrameworks/FaceCore.framework/Versions/A/FaceCore
0x000000000d099000 	/System/Library/PrivateFrameworks/Ubiquity.framework/Versions/A/Ubiquity
0x000000000d099000 	/System/Library/PrivateFrameworks/IconServices.framework/Versions/A/IconServices
0x000000000d099000 	/System/Library/PrivateFrameworks/ChunkingLibrary.framework/Versions/A/ChunkingLibrary
0x000000000d099000 	/System/Library/PrivateFrameworks/Apple80211.framework/Versions/A/Apple80211
0x000000000d099000 	/System/Library/Frameworks/CoreWLAN.framework/Versions/A/CoreWLAN
0x000000000d099000 	/System/Library/Frameworks/IOBluetooth.framework/Versions/A/IOBluetooth
0x000000000d099000 	/System/Library/PrivateFrameworks/CoreWiFi.framework/Versions/A/CoreWiFi
0x000000000d099000 	/System/Library/Frameworks/CoreBluetooth.framework/Versions/A/CoreBluetooth
0x000000000d099000 	/System/Library/PrivateFrameworks/DebugSymbols.framework/Versions/A/DebugSymbols
0x000000000d099000 	/System/Library/PrivateFrameworks/CoreSymbolication.framework/Versions/A/CoreSymbolication
0x000000000d099000 	/System/Library/PrivateFrameworks/Symbolication.framework/Versions/A/Symbolication
0x000000000d099000 	/System/Library/PrivateFrameworks/SpeechRecognitionCore.framework/Versions/A/SpeechRecognitionCore
0x0000000102d8b000 	/Library/Java/JavaVirtualMachines/jdk1.8.0_05.jdk/Contents/Home/jre/lib/server/libjvm.dylib
0x000000000d099000 	/usr/lib/libstdc++.6.dylib
0x0000000103d65000 	/Library/Java/JavaVirtualMachines/jdk1.8.0_05.jdk/Contents/Home/jre/lib/libverify.dylib
0x0000000103d73000 	/Library/Java/JavaVirtualMachines/jdk1.8.0_05.jdk/Contents/Home/jre/lib/libjava.dylib
0x0000000103db1000 	/Library/Java/JavaVirtualMachines/jdk1.8.0_05.jdk/Contents/Home/jre/lib/libzip.dylib
0x0000000103de3000 	/System/Library/Frameworks/JavaVM.framework/Frameworks/JavaRuntimeSupport.framework/JavaRuntimeSupport
0x000000011a64c000 	/System/Library/Frameworks/JavaVM.framework/Versions/A/Frameworks/JavaNativeFoundation.framework/Versions/A/JavaNativeFoundation
0x000000011a661000 	/System/Library/Frameworks/JavaVM.framework/Versions/A/JavaVM
0x000000000d099000 	/System/Library/Frameworks/Carbon.framework/Versions/A/Carbon
0x000000011a66e000 	/System/Library/PrivateFrameworks/JavaLaunching.framework/Versions/A/JavaLaunching
0x000000000d099000 	/System/Library/Frameworks/Carbon.framework/Versions/A/Frameworks/CommonPanels.framework/Versions/A/CommonPanels
0x000000000d099000 	/System/Library/Frameworks/Carbon.framework/Versions/A/Frameworks/Help.framework/Versions/A/Help
0x000000000d099000 	/System/Library/Frameworks/Carbon.framework/Versions/A/Frameworks/ImageCapture.framework/Versions/A/ImageCapture
0x000000000d099000 	/System/Library/Frameworks/Carbon.framework/Versions/A/Frameworks/OpenScripting.framework/Versions/A/OpenScripting
0x000000000d099000 	/System/Library/Frameworks/Carbon.framework/Versions/A/Frameworks/Print.framework/Versions/A/Print
0x000000000d099000 	/System/Library/Frameworks/Carbon.framework/Versions/A/Frameworks/SecurityHI.framework/Versions/A/SecurityHI
0x000000011c6bb000 	/Applications/IntelliJ IDEA 14.app/Contents/bin/libbreakgen64.jnilib
0x000000011c866000 	/Library/Java/JavaVirtualMachines/jdk1.8.0_05.jdk/Contents/Home/jre/lib/libnet.dylib
0x000000011caca000 	/Library/Java/JavaVirtualMachines/jdk1.8.0_05.jdk/Contents/Home/jre/lib/libprism_es2.dylib
0x000000000d099000 	/System/Library/Frameworks/OpenGL.framework/Versions/A/Resources/GLEngine.bundle/GLEngine
0x000000000d099000 	/System/Library/Frameworks/OpenGL.framework/Versions/A/Libraries/libGLProgrammability.dylib
0x0000000000000000 	/System/Library/Extensions/AppleIntelHD5000GraphicsGLDriver.bundle/Contents/MacOS/AppleIntelHD5000GraphicsGLDriver
0x000000000d099000 	/System/Library/PrivateFrameworks/IOAccelerator.framework/Versions/A/IOAccelerator
0x000000000d099000 	/System/Library/PrivateFrameworks/GPUSupport.framework/Versions/A/Libraries/libGPUSupportMercury.dylib
0x000000000d099000 	/System/Library/Frameworks/OpenGL.framework/Versions/A/Resources/GLRendererFloat.bundle/GLRendererFloat
0x000000000d099000 	/System/Library/Frameworks/OpenCL.framework/Versions/A/Libraries/libcldcpuengine.dylib
0x000000000d099000 	/System/Library/PrivateFrameworks/DiskImages.framework/Versions/A/DiskImages
0x000000000d099000 	/System/Library/Frameworks/DiscRecording.framework/Versions/A/DiscRecording
0x000000000d099000 	/usr/lib/libcsfde.dylib
0x000000000d099000 	/usr/lib/libcurl.4.dylib
0x000000000d099000 	/System/Library/PrivateFrameworks/MediaKit.framework/Versions/A/MediaKit
0x000000000d099000 	/System/Library/PrivateFrameworks/ProtectedCloudStorage.framework/Versions/A/ProtectedCloudStorage
0x000000000d099000 	/usr/lib/libCoreStorage.dylib
0x000000000d099000 	/System/Library/PrivateFrameworks/EFILogin.framework/Versions/A/EFILogin
0x000000000d099000 	/usr/lib/libutil.dylib
0x000000000d099000 	/System/Library/PrivateFrameworks/FindMyDevice.framework/Versions/A/FindMyDevice
0x000000000d099000 	/System/Library/Frameworks/LDAP.framework/Versions/A/LDAP
0x000000000d099000 	/usr/lib/libsasl2.2.dylib
0x000000000d099000 	/System/Library/PrivateFrameworks/CoreDaemon.framework/Versions/B/CoreDaemon
0x000000000d099000 	/usr/lib/libcrypto.0.9.8.dylib
0x000000000d099000 	/System/Library/PrivateFrameworks/AppleSRP.framework/Versions/A/AppleSRP
0x000000000d099000 	/System/Library/PrivateFrameworks/TrustEvaluationAgent.framework/Versions/A/TrustEvaluationAgent
0x000000011cf7b000 	/Library/Java/JavaVirtualMachines/jdk1.8.0_05.jdk/Contents/Home/jre/lib/libglass.dylib
0x000000000d099000 	/System/Library/PrivateFrameworks/CoreServicesInternal.framework/Versions/A/CoreServicesInternal
0x000000000d099000 	/System/Library/PrivateFrameworks/CloudDocs.framework/Versions/A/CloudDocs
0x000000000d099000 	/System/Library/PrivateFrameworks/CoreDuet.framework/Versions/A/CoreDuet
0x000000000d099000 	/System/Library/Frameworks/CloudKit.framework/Versions/A/CloudKit
0x000000000d099000 	/System/Library/PrivateFrameworks/ProtocolBuffer.framework/Versions/A/ProtocolBuffer
0x000000000d099000 	/System/Library/PrivateFrameworks/CoreDuetDaemonProtocol.framework/Versions/A/CoreDuetDaemonProtocol
0x000000000d099000 	/System/Library/PrivateFrameworks/CoreDuetDebugLogging.framework/Versions/A/CoreDuetDebugLogging
0x000000000d099000 	/System/Library/PrivateFrameworks/MMCS.framework/Versions/A/MMCS
0x000000000d099000 	/System/Library/Frameworks/CoreLocation.framework/Versions/A/CoreLocation
0x000000000d099000 	/System/Library/PrivateFrameworks/GeoServices.framework/Versions/A/GeoServices
0x000000000d099000 	/System/Library/Frameworks/CoreGraphics.framework/Versions/A/Resources/libCGCMS.A.dylib
0x000000000d099000 	/System/Library/CoreServices/RawCamera.bundle/Contents/MacOS/RawCamera
0x000000000d099000 	/System/Library/Frameworks/CoreGraphics.framework/Versions/A/Resources/libRIP.A.dylib
0x000000000d099000 	/System/Library/PrivateFrameworks/FamilyControls.framework/Versions/A/FamilyControls
0x000000000d099000 	/System/Library/PrivateFrameworks/CommerceKit.framework/Versions/A/Frameworks/CommerceCore.framework/Versions/A/CommerceCore
0x000000000d099000 	/System/Library/PrivateFrameworks/SystemAdministration.framework/Versions/A/SystemAdministration
0x000000000d099000 	/System/Library/PrivateFrameworks/AppContainer.framework/Versions/A/AppContainer
0x000000000d099000 	/System/Library/PrivateFrameworks/SecCodeWrapper.framework/Versions/A/SecCodeWrapper
0x000000000d099000 	/System/Library/Frameworks/DirectoryService.framework/Versions/A/DirectoryService
0x000000000d099000 	/System/Library/PrivateFrameworks/LoginUIKit.framework/Versions/A/Frameworks/LoginUICore.framework/Versions/A/LoginUICore
0x000000000d099000 	/usr/lib/libodfde.dylib
0x00000001208ca000 	/Library/Java/JavaVirtualMachines/jdk1.8.0_05.jdk/Contents/Home/jre/lib/libjavafx_font.dylib
0x000000000d099000 	/System/Library/Frameworks/CoreGraphics.framework/Versions/A/Resources/libCGXType.A.dylib
0x00000001212d5000 	/Library/Java/JavaVirtualMachines/jdk1.8.0_05.jdk/Contents/Home/jre/lib/libjavafx_iio.dylib
0x0000000122eb6000 	cl_kernels
0x00000001236fc000 	/System/Library/Frameworks/OpenCL.framework/Versions/A/Libraries/ImageFormats/unorm8_bgra.dylib
0x0000000122ebc000 	cl_kernels
0x000000012408a000 	/Library/Java/JavaVirtualMachines/jdk1.8.0_05.jdk/Contents/Home/jre/lib/libprism_common.dylib
0x00000001219ff000 	/Library/Java/JavaVirtualMachines/jdk1.8.0_05.jdk/Contents/Home/jre/lib/libnio.dylib

VM Arguments:
jvm_args: -Didea.launcher.port=7534 -Didea.launcher.bin.path=/Applications/IntelliJ IDEA 14.app/Contents/bin -Dfile.encoding=UTF-8 
java_command: com.intellij.rt.execution.application.AppMain edu.gu.maze.Main
java_class_path (initial): /Library/Java/JavaVirtualMachines/jdk1.8.0_05.jdk/Contents/Home/lib/ant-javafx.jar:/Library/Java/JavaVirtualMachines/jdk1.8.0_05.jdk/Contents/Home/lib/dt.jar:/Library/Java/JavaVirtualMachines/jdk1.8.0_05.jdk/Contents/Home/lib/javafx-mx.jar:/Library/Java/JavaVirtualMachines/jdk1.8.0_05.jdk/Contents/Home/lib/jconsole.jar:/Library/Java/JavaVirtualMachines/jdk1.8.0_05.jdk/Contents/Home/lib/sa-jdi.jar:/Library/Java/JavaVirtualMachines/jdk1.8.0_05.jdk/Contents/Home/lib/tools.jar:/Library/Java/JavaVirtualMachines/jdk1.8.0_05.jdk/Contents/Home/jre/lib/charsets.jar:/Library/Java/JavaVirtualMachines/jdk1.8.0_05.jdk/Contents/Home/jre/lib/deploy.jar:/Library/Java/JavaVirtualMachines/jdk1.8.0_05.jdk/Contents/Home/jre/lib/htmlconverter.jar:/Library/Java/JavaVirtualMachines/jdk1.8.0_05.jdk/Contents/Home/jre/lib/javaws.jar:/Library/Java/JavaVirtualMachines/jdk1.8.0_05.jdk/Contents/Home/jre/lib/jce.jar:/Library/Java/JavaVirtualMachines/jdk1.8.0_05.jdk/Contents/Home/jre/lib/jfr.jar:/Library/Java/JavaVirtualMachines/jdk1.8.0_05.jdk/Contents/Home/jre/lib/jfxswt.jar:/Library/Java/JavaVirtualMachines/jdk1.8.0_05.jdk/Contents/Home/jre/lib/jsse.jar:/Library/Java/JavaVirtualMachines/jdk1.8.0_05.jdk/Contents/Home/jre/lib/management-agent.jar:/Library/Java/JavaVirtualMachines/jdk1.8.0_05.jdk/Contents/Home/jre/lib/plugin.jar:/Library/Java/JavaVirtualMachines/jdk1.8.0_05.jdk/Contents/Home/jre/lib/resources.jar:/Library/Java/JavaVirtualMachines/jdk1.8.0_05.jdk/Contents/Home/jre/lib/rt.jar:/Library/Java/JavaVirtualMachines/jdk1.8.0_05.jdk/Contents/Home/jre/lib/ext/cldrdata.jar:/Library/Java/JavaVirtualMachines/jdk1.8.0_05.jdk/Contents/Home/jre/lib/ext/dnsns.jar:/Library/Java/JavaVirtualMachines/jdk1.8.0_05.jdk/Contents/Home/jre/lib/ext/jfxrt.jar:/Library/Java/JavaVirtualMachines/jdk1.8.0_05.jdk/Contents/Home/jre/lib/ext/localedata.jar:/Library/Java/JavaVirtualMachines/jdk1.8.0_05.jdk/Contents/Home/jre/lib/ext/nashorn.jar:/Library/Java/JavaVirtualMachines/jdk1.8.0_05.j
Launcher Type: SUN_STANDARD

Environment Variables:
PATH=/usr/local/bin:/usr/bin:/bin:/usr/sbin:/sbin:/opt/X11/bin:/usr/local/git/bin
SHELL=/bin/bash
DISPLAY=/private/tmp/com.apple.launchd.NCuK5aruWI/org.macosforge.xquartz:0

Signal Handlers:
SIGSEGV: [libjvm.dylib+0x55f7df], sa_mask[0]=0xfffefeff, sa_flags=0x00000043
SIGBUS: [libjvm.dylib+0x55f7df], sa_mask[0]=0xfffefeff, sa_flags=0x00000042
SIGFPE: [libjvm.dylib+0x442cfa], sa_mask[0]=0xfffefeff, sa_flags=0x00000042
SIGPIPE: [libjvm.dylib+0x442cfa], sa_mask[0]=0xfffefeff, sa_flags=0x00000042
SIGXFSZ: [libjvm.dylib+0x442cfa], sa_mask[0]=0xfffefeff, sa_flags=0x00000042
SIGILL: [libjvm.dylib+0x442cfa], sa_mask[0]=0xfffefeff, sa_flags=0x00000042
SIGUSR1: SIG_DFL, sa_mask[0]=0x00000000, sa_flags=0x00000000
SIGUSR2: [libjvm.dylib+0x442818], sa_mask[0]=0x00000004, sa_flags=0x00000042
SIGHUP: [libjvm.dylib+0x440ba5], sa_mask[0]=0xfffefeff, sa_flags=0x00000042
SIGINT: [libjvm.dylib+0x440ba5], sa_mask[0]=0xfffefeff, sa_flags=0x00000042
SIGTERM: [libjvm.dylib+0x440ba5], sa_mask[0]=0xfffefeff, sa_flags=0x00000042
SIGQUIT: [libjvm.dylib+0x440ba5], sa_mask[0]=0xfffefeff, sa_flags=0x00000042


---------------  S Y S T E M  ---------------

OS:Bsduname:Darwin 14.3.0 Darwin Kernel Version 14.3.0: Mon Mar 23 11:59:05 PDT 2015; root:xnu-2782.20.48~5/RELEASE_X86_64 x86_64
rlimit: STACK 8192k, CORE 0k, NPROC 709, NOFILE 10240, AS infinity
load average:2.87 2.67 2.63

CPU:total 4 (2 cores per cpu, 2 threads per core) family 6 model 69 stepping 1, cmov, cx8, fxsr, mmx, sse, sse2, sse3, ssse3, sse4.1, sse4.2, popcnt, avx, avx2, aes, clmul, erms, ht, tsc, tscinvbit

Memory: 4k page, physical 8388608k(797284k free)

/proc/meminfo:


vm_info: Java HotSpot(TM) 64-Bit Server VM (25.5-b02) for bsd-amd64 JRE (1.8.0_05-b13), built on Mar 18 2014 00:36:13 by "java_re" with gcc 4.2.1 (Based on Apple Inc. build 5658) (LLVM build 2336.11.00)

time: Tue May 26 17:16:41 2015
elapsed time: 20 seconds

