#
# A fatal error has been detected by the Java Runtime Environment:
#
#  SIGSEGV (0xb) at pc=0x00007fff9b11b064, pid=18435, tid=1299
#
# JRE version: Java(TM) SE Runtime Environment (8.0_05-b13) (build 1.8.0_05-b13)
# Java VM: Java HotSpot(TM) 64-Bit Server VM (25.5-b02 mixed mode bsd-amd64 compressed oops)
# Problematic frame:
# C  [libobjc.A.dylib+0x9064]  objc_retain+0x14
#
# Failed to write core dump. Core dumps have been disabled. To enable core dumping, try "ulimit -c unlimited" before starting Java again
#
# If you would like to submit a bug report, please visit:
#   http://bugreport.sun.com/bugreport/crash.jsp
# The crash happened outside the Java Virtual Machine in native code.
# See problematic frame for where to report the bug.
#

---------------  T H R E A D  ---------------

Current thread (0x00007fddc3099000):  JavaThread "JavaFX Application Thread" [_thread_in_native, id=1299, stack(0x00007fff578e1000,0x00007fff580e1000)]

siginfo:si_signo=SIGSEGV: si_errno=0, si_code=0 (SEGV0), si_addr=0x0000000000000000

Registers:
RAX=0x6000000000000000, RBX=0x00007fddc3c12300, RCX=0x00000000ffffffff, RDX=0x0000000000000050
RSP=0x00007fff580dc5b8, RBP=0x00007fff580dc5d0, RSI=0x00007fff8dcc8138, RDI=0x00007fddc147c5d0
R8 =0x0000000000000001, R9 =0x00007fddc1500000, R10=0x00007fddc15de2f0, R11=0x00007fff7d358df8
R12=0x0000000000000003, R13=0x00007fff9b1130c0, R14=0x00007fff7f2b7280, R15=0x00007fddc16e5c10
RIP=0x00007fff9b11b064, EFLAGS=0x0000000000010246, ERR=0x0000000000000000
  TRAPNO=0x000000000000000d

Top of Stack: (sp=0x00007fff580dc5b8)
0x00007fff580dc5b8:   00007fff9b11c656 00007fddc17a0150
0x00007fff580dc5c8:   00007fddc3c122b0 00007fff580dc610
0x00007fff580dc5d8:   00007fff8d3bdb86 00007fff8d3bda14
0x00007fff580dc5e8:   00007fddc16c8d70 0000000000000003
0x00007fff580dc5f8:   00007fddc141cc88 00007fddc16c8e70
0x00007fff580dc608:   00007fff580dc650 00007fff580dc630
0x00007fff580dc618:   00007fff8d3bda31 00007fff8d3bda14
0x00007fff580dc628:   00007fddc16c8e60 00007fff580dc640
0x00007fff580dc638:   00007fff995f9127 00007fff580dc6d0
0x00007fff580dc648:   00007fff995f9080 00007fddc16c8e60
0x00007fff580dc658:   00007fddc17db3b0 00007fddc178d450
0x00007fff580dc668:   00007fff995f8f66 00007fff580dc650
0x00007fff580dc678:   00007fff580dc670 00007fddc141ccb0
0x00007fff580dc688:   00007fddc141ce10 00007fff580dc650
0x00007fff580dc698:   0000000000000002 3700bfe0cc779d93
0x00007fff580dc6a8:   0000000000000001 00007fff580dc780
0x00007fff580dc6b8:   0000000000000c03 00007fddc141ce00
0x00007fff580dc6c8:   00007fddc141cca0 00007fff580dd3b0
0x00007fff580dc6d8:   00007fff995eb188 00007fff580dc820
0x00007fff580dc6e8:   0000000000000000 00007fff7ed58ed0
0x00007fff580dc6f8:   0000000000000000 00007fddc141cca0
0x00007fff580dc708:   0000000100000000 00007fddc15e3080
0x00007fff580dc718:   0000000100000001 00007fddc141ccb0
0x00007fff580dc728:   00007fddc141ce10 0000000000000001
0x00007fff580dc738:   0000d9e4b228ff83 0000100300000000
0x00007fff580dc748:   422d2d97aa693daa 00000d03580dca90
0x00007fff580dc758:   00007fff92473594 0000000000000000
0x00007fff580dc768:   0000000000000000 0000000000000000
0x00007fff580dc778:   ffffffffffffffff 0000001800001100
0x00007fff580dc788:   00000b0300000000 0000000000000000
0x00007fff580dc798:   0000004400000000 000001f50000055d
0x00007fff580dc7a8:   000001f500000014 00000014000001f5 

Instructions: (pc=0x00007fff9b11b064)
0x00007fff9b11b044:   5f 5d c3 90 90 90 90 90 90 90 90 90 31 c0 48 85
0x00007fff9b11b054:   ff 74 09 40 f6 c7 01 74 04 48 89 f8 c3 48 8b 07
0x00007fff9b11b064:   f6 40 20 02 74 05 e9 55 83 01 00 48 8d 05 62 ba
0x00007fff9b11b074:   19 e4 48 8b 30 e9 42 80 ff ff 90 90 90 90 90 90 

Register to memory mapping:

RAX=0x6000000000000000 is an unknown value
RBX=0x00007fddc3c12300 is an unknown value
RCX=0x00000000ffffffff is an unknown value
RDX=0x0000000000000050 is an unknown value
RSP=0x00007fff580dc5b8 is pointing into the stack for thread: 0x00007fddc3099000
RBP=0x00007fff580dc5d0 is pointing into the stack for thread: 0x00007fddc3099000
RSI=0x00007fff8dcc8138: -[NSTitlebarContainerView transparent]+0xb501c in /System/Library/Frameworks/AppKit.framework/Versions/C/AppKit at 0x00007fff8d270000
RDI=0x00007fddc147c5d0 is an unknown value
R8 =0x0000000000000001 is an unknown value
R9 =0x00007fddc1500000 is an unknown value
R10=0x00007fddc15de2f0 is an unknown value
R11=0x00007fff7d358df8: OBJC_CLASS_$__NSAutomaticFocusRingState+0 in /System/Library/Frameworks/AppKit.framework/Versions/C/AppKit at 0x00007fff8d270000
R12=0x0000000000000003 is an unknown value
R13=0x00007fff9b1130c0: objc_msgSend+0 in /usr/lib/libobjc.A.dylib at 0x00007fff9b112000
R14=0x00007fff7f2b7280: _ZL13PropertyLocks+0xc0 in /usr/lib/libobjc.A.dylib at 0x00007fff9b112000
R15=0x00007fddc16e5c10 is an unknown value


Stack: [0x00007fff578e1000,0x00007fff580e1000],  sp=0x00007fff580dc5b8,  free space=8173k
Native frames: (J=compiled Java code, j=interpreted, Vv=VM code, C=native code)
C  [libobjc.A.dylib+0x9064]  objc_retain+0x14
C  [AppKit+0x14db86]  +[_NSAutomaticFocusRing setActiveFirstResponderChanged]+0xe1
C  [AppKit+0x14da31]  ___NSPostActiveFirstResponderChanged_block_invoke+0x1d
C  [CoreFoundation+0x80127]  __CFRUNLOOP_IS_CALLING_OUT_TO_AN_OBSERVER_CALLBACK_FUNCTION__+0x17
C  [CoreFoundation+0x80080]  __CFRunLoopDoObservers+0x170
C  [CoreFoundation+0x72188]  __CFRunLoopRun+0x368
C  [CoreFoundation+0x71bd8]  CFRunLoopRunSpecific+0x128
C  [HIToolbox+0x3256f]  RunCurrentEventLoopInMode+0xeb
C  [HIToolbox+0x322ea]  ReceiveNextEventCommon+0x1af
C  [HIToolbox+0x3212b]  _BlockUntilNextEventMatchingListInModeWithFilter+0x47
C  [AppKit+0x919bb]  _DPSNextEvent+0x3d2
C  [AppKit+0x90f68]  -[NSApplication nextEventMatchingMask:untilDate:inMode:dequeue:]+0x15a
C  [AppKit+0x86bf3]  -[NSApplication run]+0x252
C  [libglass.dylib+0xbfb5]  -[GlassApplication runLoop:]+0x6a5
C  [Foundation+0x92d00]  __NSThreadPerformPerform+0x125
C  [CoreFoundation+0x80a01]  __CFRUNLOOP_IS_CALLING_OUT_TO_A_SOURCE0_PERFORM_FUNCTION__+0x11
C  [CoreFoundation+0x72b8d]  __CFRunLoopDoSources0+0x10d
C  [CoreFoundation+0x721bf]  __CFRunLoopRun+0x39f
C  [CoreFoundation+0x71bd8]  CFRunLoopRunSpecific+0x128
C  [java+0x56cb]  CreateExecutionEnvironment+0x367
C  [java+0x166c]  JLI_Launch+0x7a0
C  [java+0x7689]  main+0x65
C  [java+0xec4]  start+0x34


---------------  P R O C E S S  ---------------

Java Threads: ( => current thread )
  0x00007fddc199b000 JavaThread "Prism Font Disposer" daemon [_thread_blocked, id=45599, stack(0x0000000126246000,0x0000000126346000)]
  0x00007fddc28d9000 JavaThread "Thread-4" daemon [_thread_in_native, id=36103, stack(0x0000000124602000,0x0000000124682000)]
=>0x00007fddc3099000 JavaThread "JavaFX Application Thread" [_thread_in_native, id=1299, stack(0x00007fff578e1000,0x00007fff580e1000)]
  0x00007fddc28e0800 JavaThread "Thread-2" daemon [_thread_blocked, id=25363, stack(0x0000000121e78000,0x0000000121f78000)]
  0x00007fddc3089800 JavaThread "QuantumRenderer-0" daemon [_thread_blocked, id=20227, stack(0x000000012185a000,0x000000012195a000)]
  0x00007fddc2033800 JavaThread "JavaFX-Launcher" [_thread_blocked, id=19715, stack(0x0000000121757000,0x0000000121857000)]
  0x00007fddc307c000 JavaThread "Monitor Ctrl-Break" daemon [_thread_in_native, id=19203, stack(0x0000000121551000,0x0000000121651000)]
  0x00007fddc3046000 JavaThread "Service Thread" daemon [_thread_blocked, id=18179, stack(0x00000001211f1000,0x00000001212f1000)]
  0x00007fddc2835000 JavaThread "C1 CompilerThread2" daemon [_thread_blocked, id=17667, stack(0x00000001210ee000,0x00000001211ee000)]
  0x00007fddc2834000 JavaThread "C2 CompilerThread1" daemon [_thread_blocked, id=17155, stack(0x0000000120feb000,0x00000001210eb000)]
  0x00007fddc3002800 JavaThread "C2 CompilerThread0" daemon [_thread_blocked, id=16643, stack(0x0000000120ee8000,0x0000000120fe8000)]
  0x00007fddc2028800 JavaThread "Signal Dispatcher" daemon [_thread_blocked, id=16155, stack(0x0000000120de5000,0x0000000120ee5000)]
  0x00007fddc200a000 JavaThread "Finalizer" daemon [_thread_blocked, id=11523, stack(0x000000011f3c2000,0x000000011f4c2000)]
  0x00007fddc2009000 JavaThread "Reference Handler" daemon [_thread_blocked, id=11011, stack(0x000000011f2bf000,0x000000011f3bf000)]
  0x00007fddc1814800 JavaThread "main" [_thread_blocked, id=4867, stack(0x0000000107c35000,0x0000000107d35000)]

Other Threads:
  0x00007fddc2004800 VMThread [stack: 0x000000011f1bc000,0x000000011f2bc000] [id=10499]
  0x00007fddc304e800 WatcherThread [stack: 0x00000001212f4000,0x00000001213f4000] [id=18691]

VM state:not at safepoint (normal execution)

VM Mutex/Monitor currently owned by a thread: None

Heap:
 PSYoungGen      total 40960K, used 9220K [0x0000000795580000, 0x0000000799c80000, 0x00000007c0000000)
  eden space 28160K, 32% used [0x0000000795580000,0x0000000795e81220,0x0000000797100000)
  from space 12800K, 0% used [0x0000000797100000,0x0000000797100000,0x0000000797d80000)
  to   space 14848K, 0% used [0x0000000798e00000,0x0000000798e00000,0x0000000799c80000)
 ParOldGen       total 165376K, used 137093K [0x0000000740000000, 0x000000074a180000, 0x0000000795580000)
  object space 165376K, 82% used [0x0000000740000000,0x00000007485e1720,0x000000074a180000)
 Metaspace       used 15917K, capacity 16044K, committed 16384K, reserved 1062912K
  class space    used 2201K, capacity 2240K, committed 2304K, reserved 1048576K

Card table byte_map: [0x0000000118880000,0x0000000118c81000] byte_map_base: 0x0000000114e80000

Marking Bits: (ParMarkBitMap*) 0x0000000108e660a0
 Begin Bits: [0x0000000119338000, 0x000000011b338000)
 End Bits:   [0x000000011b338000, 0x000000011d338000)

Polling page: 0x0000000107d79000

CodeCache: size=245760Kb used=9245Kb max_used=9245Kb free=236514Kb
 bounds [0x00000001094c0000, 0x0000000109dd0000, 0x00000001184c0000]
 total_blobs=3536 nmethods=2893 adapters=557
 compilation: enabled

Compilation events (10 events):
Event: 22.902 Thread 0x00007fddc3002800 nmethod 2889 0x0000000109da5110 code [0x0000000109da5260, 0x0000000109da52d8]
Event: 22.903 Thread 0x00007fddc2835000 nmethod 2890 0x0000000109dccfd0 code [0x0000000109dcd1c0, 0x0000000109dcdab8]
Event: 22.903 Thread 0x00007fddc2835000 2892       3       javafx.scene.Node::localBoundsChanged (14 bytes)
Event: 22.903 Thread 0x00007fddc2835000 nmethod 2892 0x0000000109dcc650 code [0x0000000109dcc800, 0x0000000109dccd58]
Event: 22.903 Thread 0x00007fddc2835000 2893       3       javafx.scene.Node::invalidateBoundsInLocal (15 bytes)
Event: 22.904 Thread 0x00007fddc2835000 nmethod 2893 0x0000000109dcddd0 code [0x0000000109dcdf60, 0x0000000109dce408]
Event: 22.904 Thread 0x00007fddc2835000 2891       3       javafx.scene.control.SkinBase::snapPosition (20 bytes)
Event: 22.904 Thread 0x00007fddc2835000 nmethod 2891 0x0000000109dce5d0 code [0x0000000109dce740, 0x0000000109dce9c8]
Event: 22.904 Thread 0x00007fddc2835000 2894       1       com.sun.javafx.font.PrismFontStrike::getAAMode (5 bytes)
Event: 22.904 Thread 0x00007fddc2835000 nmethod 2894 0x0000000109dcc310 code [0x0000000109dcc460, 0x0000000109dcc570]

GC Heap History (10 events):
Event: 5.551 GC heap before
{Heap before GC invocations=13 (full 0):
 PSYoungGen      total 23552K, used 23314K [0x0000000795580000, 0x0000000797500000, 0x00000007c0000000)
  eden space 17920K, 99% used [0x0000000795580000,0x00000007966faea8,0x0000000796700000)
  from space 5632K, 96% used [0x0000000796d80000,0x00000007972c9a30,0x0000000797300000)
  to   space 6656K, 0% used [0x0000000796700000,0x0000000796700000,0x0000000796d80000)
 ParOldGen       total 129536K, used 74057K [0x0000000740000000, 0x0000000747e80000, 0x0000000795580000)
  object space 129536K, 57% used [0x0000000740000000,0x0000000744852468,0x0000000747e80000)
 Metaspace       used 15029K, capacity 15148K, committed 15360K, reserved 1062912K
  class space    used 2183K, capacity 2240K, committed 2304K, reserved 1048576K
Event: 5.559 GC heap after
Heap after GC invocations=13 (full 0):
 PSYoungGen      total 24576K, used 6644K [0x0000000795580000, 0x0000000798980000, 0x00000007c0000000)
  eden space 17920K, 0% used [0x0000000795580000,0x0000000795580000,0x0000000796700000)
  from space 6656K, 99% used [0x0000000796700000,0x0000000796d7d340,0x0000000796d80000)
  to   space 12288K, 0% used [0x0000000797d80000,0x0000000797d80000,0x0000000798980000)
 ParOldGen       total 129536K, used 87271K [0x0000000740000000, 0x0000000747e80000, 0x0000000795580000)
  object space 129536K, 67% used [0x0000000740000000,0x0000000745539d78,0x0000000747e80000)
 Metaspace       used 15029K, capacity 15148K, committed 15360K, reserved 1062912K
  class space    used 2183K, capacity 2240K, committed 2304K, reserved 1048576K
}
Event: 5.761 GC heap before
{Heap before GC invocations=14 (full 0):
 PSYoungGen      total 24576K, used 24498K [0x0000000795580000, 0x0000000798980000, 0x00000007c0000000)
  eden space 17920K, 99% used [0x0000000795580000,0x00000007966ef650,0x0000000796700000)
  from space 6656K, 99% used [0x0000000796700000,0x0000000796d7d340,0x0000000796d80000)
  to   space 12288K, 0% used [0x0000000797d80000,0x0000000797d80000,0x0000000798980000)
 ParOldGen       total 129536K, used 96646K [0x0000000740000000, 0x0000000747e80000, 0x0000000795580000)
  object space 129536K, 74% used [0x0000000740000000,0x0000000745e61988,0x0000000747e80000)
 Metaspace       used 15046K, capacity 15148K, committed 15360K, reserved 1062912K
  class space    used 2185K, capacity 2240K, committed 2304K, reserved 1048576K
Event: 5.772 GC heap after
Heap after GC invocations=14 (full 0):
 PSYoungGen      total 40448K, used 6825K [0x0000000795580000, 0x0000000798a80000, 0x00000007c0000000)
  eden space 28160K, 0% used [0x0000000795580000,0x0000000795580000,0x0000000797100000)
  from space 12288K, 55% used [0x0000000797d80000,0x000000079842a440,0x0000000798980000)
  to   space 12800K, 0% used [0x0000000797100000,0x0000000797100000,0x0000000797d80000)
 ParOldGen       total 129536K, used 112620K [0x0000000740000000, 0x0000000747e80000, 0x0000000795580000)
  object space 129536K, 86% used [0x0000000740000000,0x0000000746dfb318,0x0000000747e80000)
 Metaspace       used 15046K, capacity 15148K, committed 15360K, reserved 1062912K
  class space    used 2185K, capacity 2240K, committed 2304K, reserved 1048576K
}
Event: 5.773 GC heap before
{Heap before GC invocations=15 (full 1):
 PSYoungGen      total 40448K, used 6825K [0x0000000795580000, 0x0000000798a80000, 0x00000007c0000000)
  eden space 28160K, 0% used [0x0000000795580000,0x0000000795580000,0x0000000797100000)
  from space 12288K, 55% used [0x0000000797d80000,0x000000079842a440,0x0000000798980000)
  to   space 12800K, 0% used [0x0000000797100000,0x0000000797100000,0x0000000797d80000)
 ParOldGen       total 129536K, used 112620K [0x0000000740000000, 0x0000000747e80000, 0x0000000795580000)
  object space 129536K, 86% used [0x0000000740000000,0x0000000746dfb318,0x0000000747e80000)
 Metaspace       used 15046K, capacity 15148K, committed 15360K, reserved 1062912K
  class space    used 2185K, capacity 2240K, committed 2304K, reserved 1048576K
Event: 5.810 GC heap after
Heap after GC invocations=15 (full 1):
 PSYoungGen      total 40448K, used 0K [0x0000000795580000, 0x0000000798a80000, 0x00000007c0000000)
  eden space 28160K, 0% used [0x0000000795580000,0x0000000795580000,0x0000000797100000)
  from space 12288K, 0% used [0x0000000797d80000,0x0000000797d80000,0x0000000798980000)
  to   space 12800K, 0% used [0x0000000797100000,0x0000000797100000,0x0000000797d80000)
 ParOldGen       total 140800K, used 115376K [0x0000000740000000, 0x0000000748980000, 0x0000000795580000)
  object space 140800K, 81% used [0x0000000740000000,0x00000007470ac150,0x0000000748980000)
 Metaspace       used 15046K, capacity 15148K, committed 15360K, reserved 1062912K
  class space    used 2185K, capacity 2240K, committed 2304K, reserved 1048576K
}
Event: 6.043 GC heap before
{Heap before GC invocations=16 (full 1):
 PSYoungGen      total 40448K, used 25926K [0x0000000795580000, 0x0000000798a80000, 0x00000007c0000000)
  eden space 28160K, 92% used [0x0000000795580000,0x0000000796ed18b0,0x0000000797100000)
  from space 12288K, 0% used [0x0000000797d80000,0x0000000797d80000,0x0000000798980000)
  to   space 12800K, 0% used [0x0000000797100000,0x0000000797100000,0x0000000797d80000)
 ParOldGen       total 140800K, used 115376K [0x0000000740000000, 0x0000000748980000, 0x0000000795580000)
  object space 140800K, 81% used [0x0000000740000000,0x00000007470ac150,0x0000000748980000)
 Metaspace       used 15055K, capacity 15212K, committed 15360K, reserved 1062912K
  class space    used 2187K, capacity 2240K, committed 2304K, reserved 1048576K
Event: 6.061 GC heap after
Heap after GC invocations=16 (full 1):
 PSYoungGen      total 40960K, used 12676K [0x0000000795580000, 0x0000000799c80000, 0x00000007c0000000)
  eden space 28160K, 0% used [0x0000000795580000,0x0000000795580000,0x0000000797100000)
  from space 12800K, 99% used [0x0000000797100000,0x0000000797d610d0,0x0000000797d80000)
  to   space 14848K, 0% used [0x0000000798e00000,0x0000000798e00000,0x0000000799c80000)
 ParOldGen       total 140800K, used 124759K [0x0000000740000000, 0x0000000748980000, 0x0000000795580000)
  object space 140800K, 88% used [0x0000000740000000,0x00000007479d5d60,0x0000000748980000)
 Metaspace       used 15055K, capacity 15212K, committed 15360K, reserved 1062912K
  class space    used 2187K, capacity 2240K, committed 2304K, reserved 1048576K
}
Event: 6.061 GC heap before
{Heap before GC invocations=17 (full 2):
 PSYoungGen      total 40960K, used 12676K [0x0000000795580000, 0x0000000799c80000, 0x00000007c0000000)
  eden space 28160K, 0% used [0x0000000795580000,0x0000000795580000,0x0000000797100000)
  from space 12800K, 99% used [0x0000000797100000,0x0000000797d610d0,0x0000000797d80000)
  to   space 14848K, 0% used [0x0000000798e00000,0x0000000798e00000,0x0000000799c80000)
 ParOldGen       total 140800K, used 124759K [0x0000000740000000, 0x0000000748980000, 0x0000000795580000)
  object space 140800K, 88% used [0x0000000740000000,0x00000007479d5d60,0x0000000748980000)
 Metaspace       used 15055K, capacity 15212K, committed 15360K, reserved 1062912K
  class space    used 2187K, capacity 2240K, committed 2304K, reserved 1048576K
Event: 6.129 GC heap after
Heap after GC invocations=17 (full 2):
 PSYoungGen      total 40960K, used 0K [0x0000000795580000, 0x0000000799c80000, 0x00000007c0000000)
  eden space 28160K, 0% used [0x0000000795580000,0x0000000795580000,0x0000000797100000)
  from space 12800K, 0% used [0x0000000797100000,0x0000000797100000,0x0000000797d80000)
  to   space 14848K, 0% used [0x0000000798e00000,0x0000000798e00000,0x0000000799c80000)
 ParOldGen       total 165376K, used 137093K [0x0000000740000000, 0x000000074a180000, 0x0000000795580000)
  object space 165376K, 82% used [0x0000000740000000,0x00000007485e1720,0x000000074a180000)
 Metaspace       used 15055K, capacity 15212K, committed 15360K, reserved 1062912K
  class space    used 2187K, capacity 2240K, committed 2304K, reserved 1048576K
}

Deoptimization events (10 events):
Event: 17.751 Thread 0x00007fddc3089800 Uncommon trap: reason=class_check action=maybe_recompile pc=0x0000000109d53e2c method=com.sun.javafx.sg.prism.NGGroup.renderContent(Lcom/sun/prism/Graphics;)V @ 9
Event: 17.752 Thread 0x00007fddc3089800 Uncommon trap: reason=class_check action=maybe_recompile pc=0x0000000109d53e2c method=com.sun.javafx.sg.prism.NGGroup.renderContent(Lcom/sun/prism/Graphics;)V @ 9
Event: 17.752 Thread 0x00007fddc3089800 Uncommon trap: reason=class_check action=maybe_recompile pc=0x0000000109d53e2c method=com.sun.javafx.sg.prism.NGGroup.renderContent(Lcom/sun/prism/Graphics;)V @ 9
Event: 17.752 Thread 0x00007fddc3089800 Uncommon trap: reason=class_check action=maybe_recompile pc=0x0000000109d53e2c method=com.sun.javafx.sg.prism.NGGroup.renderContent(Lcom/sun/prism/Graphics;)V @ 9
Event: 22.856 Thread 0x00007fddc3099000 Uncommon trap: reason=class_check action=maybe_recompile pc=0x0000000109c47b10 method=javafx.scene.Node.processCSS(Ljavafx/beans/value/WritableValue;)V @ 104
Event: 22.860 Thread 0x00007fddc3099000 Uncommon trap: reason=unreached action=reinterpret pc=0x0000000109c99374 method=javafx.scene.Node.layoutXProperty()Ljavafx/beans/property/DoubleProperty; @ 4
Event: 22.867 Thread 0x00007fddc3099000 Uncommon trap: reason=bimorphic action=maybe_recompile pc=0x0000000109c47b24 method=javafx.scene.Node.processCSS(Ljavafx/beans/value/WritableValue;)V @ 56
Event: 22.867 Thread 0x00007fddc3099000 Uncommon trap: reason=class_check action=maybe_recompile pc=0x0000000109c47b10 method=javafx.scene.Node.processCSS(Ljavafx/beans/value/WritableValue;)V @ 104
Event: 22.869 Thread 0x00007fddc3089800 Uncommon trap: reason=unreached action=reinterpret pc=0x0000000109c40c24 method=com.sun.prism.impl.BaseResourceFactory.getCachedTexture(Lcom/sun/prism/Image;Lcom/sun/prism/Texture$WrapMode;)Lcom/sun/prism/Texture; @ 18
Event: 22.870 Thread 0x00007fddc3089800 Uncommon trap: reason=unreached action=reinterpret pc=0x0000000109bb6de8 method=com.sun.javafx.sg.prism.NGNode.doRender(Lcom/sun/prism/Graphics;)V @ 280

Internal exceptions (10 events):
Event: 6.032 Thread 0x00007fddc3099000 Exception <a 'java/io/FileNotFoundException'> (0x0000000796e2c2e8) thrown at [/HUDSON/workspace/8-2-build-macosx-x86_64/jdk8u5/2488/hotspot/src/share/vm/prims/jni.cpp, line 716]
Event: 6.034 Thread 0x00007fddc3099000 Exception <a 'java/io/FileNotFoundException'> (0x0000000796e34140) thrown at [/HUDSON/workspace/8-2-build-macosx-x86_64/jdk8u5/2488/hotspot/src/share/vm/prims/jni.cpp, line 716]
Event: 6.036 Thread 0x00007fddc3099000 Exception <a 'java/io/FileNotFoundException'> (0x0000000796e86688) thrown at [/HUDSON/workspace/8-2-build-macosx-x86_64/jdk8u5/2488/hotspot/src/share/vm/prims/jni.cpp, line 716]
Event: 6.037 Thread 0x00007fddc3099000 Exception <a 'java/io/FileNotFoundException'> (0x0000000796e8e4e0) thrown at [/HUDSON/workspace/8-2-build-macosx-x86_64/jdk8u5/2488/hotspot/src/share/vm/prims/jni.cpp, line 716]
Event: 6.039 Thread 0x00007fddc3099000 Exception <a 'java/io/FileNotFoundException'> (0x0000000796e9ace8) thrown at [/HUDSON/workspace/8-2-build-macosx-x86_64/jdk8u5/2488/hotspot/src/share/vm/prims/jni.cpp, line 716]
Event: 6.238 Thread 0x00007fddc3099000 Implicit null exception at 0x000000010991a583 to 0x000000010991a771
Event: 9.141 Thread 0x00007fddc3099000 Exception <a 'java/security/PrivilegedActionException'> (0x0000000795a134c0) thrown at [/HUDSON/workspace/8-2-build-macosx-x86_64/jdk8u5/2488/hotspot/src/share/vm/prims/jvm.cpp, line 1248]
Event: 22.849 Thread 0x00007fddc3099000 Exception <a 'java/security/PrivilegedActionException'> (0x0000000795e20d80) thrown at [/HUDSON/workspace/8-2-build-macosx-x86_64/jdk8u5/2488/hotspot/src/share/vm/prims/jvm.cpp, line 1248]
Event: 22.860 Thread 0x00007fddc3099000 Implicit null exception at 0x0000000109c9865c to 0x0000000109c9935d
Event: 22.901 Thread 0x00007fddc3099000 Exception <a 'java/security/PrivilegedActionException'> (0x0000000795e523f8) thrown at [/HUDSON/workspace/8-2-build-macosx-x86_64/jdk8u5/2488/hotspot/src/share/vm/prims/jvm.cpp, line 1248]

Events (10 events):
Event: 22.869 Thread 0x00007fddc3089800 Uncommon trap: trap_request=0xffffffad fr.pc=0x0000000109c40c24
Event: 22.869 Thread 0x00007fddc3089800 DEOPT PACKING pc=0x0000000109c40c24 sp=0x0000000121958890
Event: 22.869 Thread 0x00007fddc3089800 DEOPT UNPACKING pc=0x0000000109507250 sp=0x0000000121958828 mode 2
Event: 22.870 Thread 0x00007fddc3089800 Uncommon trap: trap_request=0xffffffad fr.pc=0x0000000109bb6de8
Event: 22.870 Thread 0x00007fddc3089800 DEOPT PACKING pc=0x0000000109bb6de8 sp=0x0000000121958d90
Event: 22.870 Thread 0x00007fddc3089800 DEOPT UNPACKING pc=0x0000000109507250 sp=0x0000000121958d88 mode 2
Event: 22.870 Executing VM operation: RevokeBias
Event: 22.870 Executing VM operation: RevokeBias done
Event: 22.901 loading class edu/gu/maze/controller/CongratzController
Event: 22.901 loading class edu/gu/maze/controller/CongratzController done


Dynamic libraries:
0x000000000d099000 	/System/Library/Frameworks/Cocoa.framework/Versions/A/Cocoa
0x000000000d099000 	/System/Library/Frameworks/Security.framework/Versions/A/Security
0x000000000d099000 	/System/Library/Frameworks/ApplicationServices.framework/Versions/A/ApplicationServices
0x000000000d099000 	/usr/lib/libz.1.dylib
0x000000000d099000 	/usr/lib/libSystem.B.dylib
0x000000000d099000 	/usr/lib/libobjc.A.dylib
0x000000000d099000 	/System/Library/Frameworks/CoreFoundation.framework/Versions/A/CoreFoundation
0x000000000d099000 	/System/Library/Frameworks/Foundation.framework/Versions/C/Foundation
0x000000000d099000 	/System/Library/Frameworks/AppKit.framework/Versions/C/AppKit
0x000000000d099000 	/System/Library/Frameworks/CoreData.framework/Versions/A/CoreData
0x000000000d099000 	/System/Library/PrivateFrameworks/RemoteViewServices.framework/Versions/A/RemoteViewServices
0x000000000d099000 	/System/Library/PrivateFrameworks/UIFoundation.framework/Versions/A/UIFoundation
0x000000000d099000 	/System/Library/Frameworks/IOSurface.framework/Versions/A/IOSurface
0x000000000d099000 	/System/Library/Frameworks/AudioToolbox.framework/Versions/A/AudioToolbox
0x000000000d099000 	/System/Library/Frameworks/AudioUnit.framework/Versions/A/AudioUnit
0x000000000d099000 	/System/Library/PrivateFrameworks/DataDetectorsCore.framework/Versions/A/DataDetectorsCore
0x000000000d099000 	/System/Library/PrivateFrameworks/DesktopServicesPriv.framework/Versions/A/DesktopServicesPriv
0x000000000d099000 	/System/Library/Frameworks/Carbon.framework/Versions/A/Frameworks/HIToolbox.framework/Versions/A/HIToolbox
0x000000000d099000 	/System/Library/Frameworks/QuartzCore.framework/Versions/A/QuartzCore
0x000000000d099000 	/System/Library/Frameworks/Carbon.framework/Versions/A/Frameworks/SpeechRecognition.framework/Versions/A/SpeechRecognition
0x000000000d099000 	/usr/lib/libauto.dylib
0x000000000d099000 	/usr/lib/libicucore.A.dylib
0x000000000d099000 	/usr/lib/libxml2.2.dylib
0x000000000d099000 	/System/Library/PrivateFrameworks/CoreUI.framework/Versions/A/CoreUI
0x000000000d099000 	/System/Library/Frameworks/CoreAudio.framework/Versions/A/CoreAudio
0x000000000d099000 	/System/Library/Frameworks/DiskArbitration.framework/Versions/A/DiskArbitration
0x000000000d099000 	/usr/lib/liblangid.dylib
0x000000000d099000 	/System/Library/PrivateFrameworks/MultitouchSupport.framework/Versions/A/MultitouchSupport
0x000000000d099000 	/System/Library/Frameworks/IOKit.framework/Versions/A/IOKit
0x000000000d099000 	/usr/lib/libDiagnosticMessagesClient.dylib
0x000000000d099000 	/System/Library/Frameworks/CoreServices.framework/Versions/A/CoreServices
0x000000000d099000 	/System/Library/PrivateFrameworks/PerformanceAnalysis.framework/Versions/A/PerformanceAnalysis
0x000000000d099000 	/System/Library/PrivateFrameworks/GenerationalStorage.framework/Versions/A/GenerationalStorage
0x000000000d099000 	/System/Library/Frameworks/OpenGL.framework/Versions/A/OpenGL
0x000000000d099000 	/System/Library/PrivateFrameworks/Sharing.framework/Versions/A/Sharing
0x000000000d099000 	/System/Library/Frameworks/CoreGraphics.framework/Versions/A/CoreGraphics
0x000000000d099000 	/System/Library/Frameworks/CoreText.framework/Versions/A/CoreText
0x000000000d099000 	/System/Library/Frameworks/ImageIO.framework/Versions/A/ImageIO
0x000000000d099000 	/usr/lib/libextension.dylib
0x000000000d099000 	/System/Library/PrivateFrameworks/Backup.framework/Versions/A/Backup
0x000000000d099000 	/usr/lib/libarchive.2.dylib
0x000000000d099000 	/System/Library/Frameworks/CFNetwork.framework/Versions/A/CFNetwork
0x000000000d099000 	/System/Library/Frameworks/SystemConfiguration.framework/Versions/A/SystemConfiguration
0x000000000d099000 	/usr/lib/libCRFSuite.dylib
0x000000000d099000 	/usr/lib/libc++.1.dylib
0x000000000d099000 	/usr/lib/libc++abi.dylib
0x000000000d099000 	/usr/lib/system/libcache.dylib
0x000000000d099000 	/usr/lib/system/libcommonCrypto.dylib
0x000000000d099000 	/usr/lib/system/libcompiler_rt.dylib
0x000000000d099000 	/usr/lib/system/libcopyfile.dylib
0x000000000d099000 	/usr/lib/system/libcorecrypto.dylib
0x000000000d099000 	/usr/lib/system/libdispatch.dylib
0x000000000d099000 	/usr/lib/system/libdyld.dylib
0x000000000d099000 	/usr/lib/system/libkeymgr.dylib
0x000000000d099000 	/usr/lib/system/liblaunch.dylib
0x000000000d099000 	/usr/lib/system/libmacho.dylib
0x000000000d099000 	/usr/lib/system/libquarantine.dylib
0x000000000d099000 	/usr/lib/system/libremovefile.dylib
0x000000000d099000 	/usr/lib/system/libsystem_asl.dylib
0x000000000d099000 	/usr/lib/system/libsystem_blocks.dylib
0x000000000d099000 	/usr/lib/system/libsystem_c.dylib
0x000000000d099000 	/usr/lib/system/libsystem_configuration.dylib
0x000000000d099000 	/usr/lib/system/libsystem_coreservices.dylib
0x000000000d099000 	/usr/lib/system/libsystem_coretls.dylib
0x000000000d099000 	/usr/lib/system/libsystem_dnssd.dylib
0x000000000d099000 	/usr/lib/system/libsystem_info.dylib
0x000000000d099000 	/usr/lib/system/libsystem_kernel.dylib
0x000000000d099000 	/usr/lib/system/libsystem_m.dylib
0x000000000d099000 	/usr/lib/system/libsystem_malloc.dylib
0x000000000d099000 	/usr/lib/system/libsystem_network.dylib
0x000000000d099000 	/usr/lib/system/libsystem_networkextension.dylib
0x000000000d099000 	/usr/lib/system/libsystem_notify.dylib
0x000000000d099000 	/usr/lib/system/libsystem_platform.dylib
0x000000000d099000 	/usr/lib/system/libsystem_pthread.dylib
0x000000000d099000 	/usr/lib/system/libsystem_sandbox.dylib
0x000000000d099000 	/usr/lib/system/libsystem_secinit.dylib
0x000000000d099000 	/usr/lib/system/libsystem_stats.dylib
0x000000000d099000 	/usr/lib/system/libsystem_trace.dylib
0x000000000d099000 	/usr/lib/system/libunc.dylib
0x000000000d099000 	/usr/lib/system/libunwind.dylib
0x000000000d099000 	/usr/lib/system/libxpc.dylib
0x000000000d099000 	/usr/lib/libbz2.1.0.dylib
0x000000000d099000 	/usr/lib/liblzma.5.dylib
0x000000000d099000 	/usr/lib/libbsm.0.dylib
0x000000000d099000 	/usr/lib/libsqlite3.dylib
0x000000000d099000 	/usr/lib/system/libkxld.dylib
0x000000000d099000 	/usr/lib/libxar.1.dylib
0x000000000d099000 	/usr/lib/libpam.2.dylib
0x000000000d099000 	/usr/lib/libOpenScriptingUtil.dylib
0x000000000d099000 	/System/Library/Frameworks/CoreServices.framework/Versions/A/Frameworks/FSEvents.framework/Versions/A/FSEvents
0x000000000d099000 	/System/Library/Frameworks/CoreServices.framework/Versions/A/Frameworks/CarbonCore.framework/Versions/A/CarbonCore
0x000000000d099000 	/System/Library/Frameworks/CoreServices.framework/Versions/A/Frameworks/Metadata.framework/Versions/A/Metadata
0x000000000d099000 	/System/Library/Frameworks/CoreServices.framework/Versions/A/Frameworks/OSServices.framework/Versions/A/OSServices
0x000000000d099000 	/System/Library/Frameworks/CoreServices.framework/Versions/A/Frameworks/SearchKit.framework/Versions/A/SearchKit
0x000000000d099000 	/System/Library/Frameworks/CoreServices.framework/Versions/A/Frameworks/AE.framework/Versions/A/AE
0x000000000d099000 	/System/Library/Frameworks/CoreServices.framework/Versions/A/Frameworks/LaunchServices.framework/Versions/A/LaunchServices
0x000000000d099000 	/System/Library/Frameworks/CoreServices.framework/Versions/A/Frameworks/DictionaryServices.framework/Versions/A/DictionaryServices
0x000000000d099000 	/System/Library/Frameworks/NetFS.framework/Versions/A/NetFS
0x000000000d099000 	/System/Library/PrivateFrameworks/NetAuth.framework/Versions/A/NetAuth
0x000000000d099000 	/System/Library/PrivateFrameworks/login.framework/Versions/A/Frameworks/loginsupport.framework/Versions/A/loginsupport
0x000000000d099000 	/System/Library/PrivateFrameworks/TCC.framework/Versions/A/TCC
0x000000000d099000 	/usr/lib/libmecabra.dylib
0x000000000d099000 	/System/Library/Frameworks/ApplicationServices.framework/Versions/A/Frameworks/ATS.framework/Versions/A/ATS
0x000000000d099000 	/System/Library/Frameworks/ApplicationServices.framework/Versions/A/Frameworks/ColorSync.framework/Versions/A/ColorSync
0x000000000d099000 	/System/Library/Frameworks/ApplicationServices.framework/Versions/A/Frameworks/HIServices.framework/Versions/A/HIServices
0x000000000d099000 	/System/Library/Frameworks/ApplicationServices.framework/Versions/A/Frameworks/LangAnalysis.framework/Versions/A/LangAnalysis
0x000000000d099000 	/System/Library/Frameworks/ApplicationServices.framework/Versions/A/Frameworks/PrintCore.framework/Versions/A/PrintCore
0x000000000d099000 	/System/Library/Frameworks/ApplicationServices.framework/Versions/A/Frameworks/QD.framework/Versions/A/QD
0x000000000d099000 	/System/Library/Frameworks/ApplicationServices.framework/Versions/A/Frameworks/SpeechSynthesis.framework/Versions/A/SpeechSynthesis
0x000000000d099000 	/System/Library/Frameworks/Accelerate.framework/Versions/A/Accelerate
0x000000000d099000 	/System/Library/Frameworks/Accelerate.framework/Versions/A/Frameworks/vImage.framework/Versions/A/vImage
0x000000000d099000 	/System/Library/Frameworks/Accelerate.framework/Versions/A/Frameworks/vecLib.framework/Versions/A/vecLib
0x000000000d099000 	/System/Library/Frameworks/Accelerate.framework/Versions/A/Frameworks/vecLib.framework/Versions/A/libvDSP.dylib
0x000000000d099000 	/System/Library/Frameworks/Accelerate.framework/Versions/A/Frameworks/vecLib.framework/Versions/A/libvMisc.dylib
0x000000000d099000 	/System/Library/Frameworks/Accelerate.framework/Versions/A/Frameworks/vecLib.framework/Versions/A/libLAPACK.dylib
0x000000000d099000 	/System/Library/Frameworks/Accelerate.framework/Versions/A/Frameworks/vecLib.framework/Versions/A/libBLAS.dylib
0x000000000d099000 	/System/Library/Frameworks/Accelerate.framework/Versions/A/Frameworks/vecLib.framework/Versions/A/libLinearAlgebra.dylib
0x000000000d099000 	/System/Library/Frameworks/ApplicationServices.framework/Versions/A/Frameworks/ATS.framework/Versions/A/Resources/libFontParser.dylib
0x000000000d099000 	/System/Library/Frameworks/ApplicationServices.framework/Versions/A/Frameworks/ATS.framework/Versions/A/Resources/libFontRegistry.dylib
0x000000000d099000 	/System/Library/PrivateFrameworks/AppleVPA.framework/Versions/A/AppleVPA
0x000000000d099000 	/System/Library/PrivateFrameworks/AppleJPEG.framework/Versions/A/AppleJPEG
0x000000000d099000 	/System/Library/Frameworks/ImageIO.framework/Versions/A/Resources/libJPEG.dylib
0x000000000d099000 	/System/Library/Frameworks/ImageIO.framework/Versions/A/Resources/libTIFF.dylib
0x000000000d099000 	/System/Library/Frameworks/ImageIO.framework/Versions/A/Resources/libPng.dylib
0x000000000d099000 	/System/Library/Frameworks/ImageIO.framework/Versions/A/Resources/libGIF.dylib
0x000000000d099000 	/System/Library/Frameworks/ImageIO.framework/Versions/A/Resources/libJP2.dylib
0x000000000d099000 	/System/Library/Frameworks/ImageIO.framework/Versions/A/Resources/libRadiance.dylib
0x000000000d099000 	/System/Library/Frameworks/CoreVideo.framework/Versions/A/CoreVideo
0x000000000d099000 	/System/Library/Frameworks/OpenGL.framework/Versions/A/Libraries/libGLU.dylib
0x000000000d099000 	/System/Library/Frameworks/OpenGL.framework/Versions/A/Libraries/libGFXShared.dylib
0x000000000d099000 	/System/Library/Frameworks/OpenGL.framework/Versions/A/Libraries/libGL.dylib
0x000000000d099000 	/System/Library/Frameworks/OpenGL.framework/Versions/A/Libraries/libGLImage.dylib
0x000000000d099000 	/System/Library/Frameworks/OpenGL.framework/Versions/A/Libraries/libCVMSPluginSupport.dylib
0x000000000d099000 	/System/Library/Frameworks/OpenGL.framework/Versions/A/Libraries/libCoreVMClient.dylib
0x000000000d099000 	/usr/lib/libcups.2.dylib
0x000000000d099000 	/System/Library/Frameworks/Kerberos.framework/Versions/A/Kerberos
0x000000000d099000 	/System/Library/Frameworks/GSS.framework/Versions/A/GSS
0x000000000d099000 	/usr/lib/libresolv.9.dylib
0x000000000d099000 	/usr/lib/libiconv.2.dylib
0x000000000d099000 	/System/Library/PrivateFrameworks/Heimdal.framework/Versions/A/Heimdal
0x000000000d099000 	/usr/lib/libheimdal-asn1.dylib
0x000000000d099000 	/System/Library/Frameworks/OpenDirectory.framework/Versions/A/OpenDirectory
0x000000000d099000 	/System/Library/PrivateFrameworks/CommonAuth.framework/Versions/A/CommonAuth
0x000000000d099000 	/System/Library/Frameworks/OpenDirectory.framework/Versions/A/Frameworks/CFOpenDirectory.framework/Versions/A/CFOpenDirectory
0x000000000d099000 	/System/Library/Frameworks/SecurityFoundation.framework/Versions/A/SecurityFoundation
0x000000000d099000 	/System/Library/PrivateFrameworks/LanguageModeling.framework/Versions/A/LanguageModeling
0x000000000d099000 	/usr/lib/libcmph.dylib
0x000000000d099000 	/System/Library/Frameworks/ServiceManagement.framework/Versions/A/ServiceManagement
0x000000000d099000 	/usr/lib/libxslt.1.dylib
0x000000000d099000 	/System/Library/Frameworks/Carbon.framework/Versions/A/Frameworks/Ink.framework/Versions/A/Ink
0x000000000d099000 	/System/Library/Frameworks/QuartzCore.framework/Versions/A/Frameworks/CoreImage.framework/Versions/A/CoreImage
0x000000000d099000 	/System/Library/PrivateFrameworks/CrashReporterSupport.framework/Versions/A/CrashReporterSupport
0x000000000d099000 	/System/Library/Frameworks/OpenCL.framework/Versions/A/OpenCL
0x000000000d099000 	/System/Library/PrivateFrameworks/FaceCore.framework/Versions/A/FaceCore
0x000000000d099000 	/System/Library/PrivateFrameworks/Ubiquity.framework/Versions/A/Ubiquity
0x000000000d099000 	/System/Library/PrivateFrameworks/IconServices.framework/Versions/A/IconServices
0x000000000d099000 	/System/Library/PrivateFrameworks/ChunkingLibrary.framework/Versions/A/ChunkingLibrary
0x000000000d099000 	/System/Library/PrivateFrameworks/Apple80211.framework/Versions/A/Apple80211
0x000000000d099000 	/System/Library/Frameworks/CoreWLAN.framework/Versions/A/CoreWLAN
0x000000000d099000 	/System/Library/Frameworks/IOBluetooth.framework/Versions/A/IOBluetooth
0x000000000d099000 	/System/Library/PrivateFrameworks/CoreWiFi.framework/Versions/A/CoreWiFi
0x000000000d099000 	/System/Library/Frameworks/CoreBluetooth.framework/Versions/A/CoreBluetooth
0x000000000d099000 	/System/Library/PrivateFrameworks/DebugSymbols.framework/Versions/A/DebugSymbols
0x000000000d099000 	/System/Library/PrivateFrameworks/CoreSymbolication.framework/Versions/A/CoreSymbolication
0x000000000d099000 	/System/Library/PrivateFrameworks/Symbolication.framework/Versions/A/Symbolication
0x000000000d099000 	/System/Library/PrivateFrameworks/SpeechRecognitionCore.framework/Versions/A/SpeechRecognitionCore
0x0000000108600000 	/Library/Java/JavaVirtualMachines/jdk1.8.0_05.jdk/Contents/Home/jre/lib/server/libjvm.dylib
0x000000000d099000 	/usr/lib/libstdc++.6.dylib
0x0000000107d37000 	/Library/Java/JavaVirtualMachines/jdk1.8.0_05.jdk/Contents/Home/jre/lib/libverify.dylib
0x0000000107d45000 	/Library/Java/JavaVirtualMachines/jdk1.8.0_05.jdk/Contents/Home/jre/lib/libjava.dylib
0x0000000107d83000 	/Library/Java/JavaVirtualMachines/jdk1.8.0_05.jdk/Contents/Home/jre/lib/libzip.dylib
0x000000011f4c4000 	/System/Library/Frameworks/JavaVM.framework/Frameworks/JavaRuntimeSupport.framework/JavaRuntimeSupport
0x000000011f4dc000 	/System/Library/Frameworks/JavaVM.framework/Versions/A/Frameworks/JavaNativeFoundation.framework/Versions/A/JavaNativeFoundation
0x000000011f4f1000 	/System/Library/Frameworks/JavaVM.framework/Versions/A/JavaVM
0x000000000d099000 	/System/Library/Frameworks/Carbon.framework/Versions/A/Carbon
0x000000011f4fe000 	/System/Library/PrivateFrameworks/JavaLaunching.framework/Versions/A/JavaLaunching
0x000000000d099000 	/System/Library/Frameworks/Carbon.framework/Versions/A/Frameworks/CommonPanels.framework/Versions/A/CommonPanels
0x000000000d099000 	/System/Library/Frameworks/Carbon.framework/Versions/A/Frameworks/Help.framework/Versions/A/Help
0x000000000d099000 	/System/Library/Frameworks/Carbon.framework/Versions/A/Frameworks/ImageCapture.framework/Versions/A/ImageCapture
0x000000000d099000 	/System/Library/Frameworks/Carbon.framework/Versions/A/Frameworks/OpenScripting.framework/Versions/A/OpenScripting
0x000000000d099000 	/System/Library/Frameworks/Carbon.framework/Versions/A/Frameworks/Print.framework/Versions/A/Print
0x000000000d099000 	/System/Library/Frameworks/Carbon.framework/Versions/A/Frameworks/SecurityHI.framework/Versions/A/SecurityHI
0x000000012154d000 	/Applications/IntelliJ IDEA 14.app/Contents/bin/libbreakgen64.jnilib
0x00000001216f8000 	/Library/Java/JavaVirtualMachines/jdk1.8.0_05.jdk/Contents/Home/jre/lib/libnet.dylib
0x000000012195c000 	/Library/Java/JavaVirtualMachines/jdk1.8.0_05.jdk/Contents/Home/jre/lib/libprism_es2.dylib
0x000000000d099000 	/System/Library/Frameworks/OpenGL.framework/Versions/A/Resources/GLEngine.bundle/GLEngine
0x000000000d099000 	/System/Library/Frameworks/OpenGL.framework/Versions/A/Libraries/libGLProgrammability.dylib
0x0000000000000000 	/System/Library/Extensions/AppleIntelHD5000GraphicsGLDriver.bundle/Contents/MacOS/AppleIntelHD5000GraphicsGLDriver
0x000000000d099000 	/System/Library/PrivateFrameworks/IOAccelerator.framework/Versions/A/IOAccelerator
0x000000000d099000 	/System/Library/PrivateFrameworks/GPUSupport.framework/Versions/A/Libraries/libGPUSupportMercury.dylib
0x000000000d099000 	/System/Library/Frameworks/OpenGL.framework/Versions/A/Resources/GLRendererFloat.bundle/GLRendererFloat
0x000000000d099000 	/System/Library/Frameworks/OpenCL.framework/Versions/A/Libraries/libcldcpuengine.dylib
0x000000000d099000 	/System/Library/PrivateFrameworks/DiskImages.framework/Versions/A/DiskImages
0x000000000d099000 	/System/Library/Frameworks/DiscRecording.framework/Versions/A/DiscRecording
0x000000000d099000 	/usr/lib/libcsfde.dylib
0x000000000d099000 	/usr/lib/libcurl.4.dylib
0x000000000d099000 	/System/Library/PrivateFrameworks/MediaKit.framework/Versions/A/MediaKit
0x000000000d099000 	/System/Library/PrivateFrameworks/ProtectedCloudStorage.framework/Versions/A/ProtectedCloudStorage
0x000000000d099000 	/usr/lib/libCoreStorage.dylib
0x000000000d099000 	/System/Library/PrivateFrameworks/EFILogin.framework/Versions/A/EFILogin
0x000000000d099000 	/usr/lib/libutil.dylib
0x000000000d099000 	/System/Library/PrivateFrameworks/FindMyDevice.framework/Versions/A/FindMyDevice
0x000000000d099000 	/System/Library/Frameworks/LDAP.framework/Versions/A/LDAP
0x000000000d099000 	/usr/lib/libsasl2.2.dylib
0x000000000d099000 	/System/Library/PrivateFrameworks/CoreDaemon.framework/Versions/B/CoreDaemon
0x000000000d099000 	/usr/lib/libcrypto.0.9.8.dylib
0x000000000d099000 	/System/Library/PrivateFrameworks/AppleSRP.framework/Versions/A/AppleSRP
0x000000000d099000 	/System/Library/PrivateFrameworks/TrustEvaluationAgent.framework/Versions/A/TrustEvaluationAgent
0x0000000121e0d000 	/Library/Java/JavaVirtualMachines/jdk1.8.0_05.jdk/Contents/Home/jre/lib/libglass.dylib
0x000000000d099000 	/System/Library/PrivateFrameworks/CoreServicesInternal.framework/Versions/A/CoreServicesInternal
0x000000000d099000 	/System/Library/PrivateFrameworks/CloudDocs.framework/Versions/A/CloudDocs
0x000000000d099000 	/System/Library/PrivateFrameworks/CoreDuet.framework/Versions/A/CoreDuet
0x000000000d099000 	/System/Library/Frameworks/CloudKit.framework/Versions/A/CloudKit
0x000000000d099000 	/System/Library/PrivateFrameworks/ProtocolBuffer.framework/Versions/A/ProtocolBuffer
0x000000000d099000 	/System/Library/PrivateFrameworks/CoreDuetDaemonProtocol.framework/Versions/A/CoreDuetDaemonProtocol
0x000000000d099000 	/System/Library/PrivateFrameworks/CoreDuetDebugLogging.framework/Versions/A/CoreDuetDebugLogging
0x000000000d099000 	/System/Library/PrivateFrameworks/MMCS.framework/Versions/A/MMCS
0x000000000d099000 	/System/Library/Frameworks/CoreLocation.framework/Versions/A/CoreLocation
0x000000000d099000 	/System/Library/PrivateFrameworks/GeoServices.framework/Versions/A/GeoServices
0x000000000d099000 	/System/Library/Frameworks/CoreGraphics.framework/Versions/A/Resources/libCGCMS.A.dylib
0x000000000d099000 	/System/Library/CoreServices/RawCamera.bundle/Contents/MacOS/RawCamera
0x000000000d099000 	/System/Library/Frameworks/CoreGraphics.framework/Versions/A/Resources/libRIP.A.dylib
0x000000000d099000 	/System/Library/PrivateFrameworks/FamilyControls.framework/Versions/A/FamilyControls
0x000000000d099000 	/System/Library/PrivateFrameworks/CommerceKit.framework/Versions/A/Frameworks/CommerceCore.framework/Versions/A/CommerceCore
0x000000000d099000 	/System/Library/PrivateFrameworks/SystemAdministration.framework/Versions/A/SystemAdministration
0x000000000d099000 	/System/Library/PrivateFrameworks/AppContainer.framework/Versions/A/AppContainer
0x000000000d099000 	/System/Library/PrivateFrameworks/SecCodeWrapper.framework/Versions/A/SecCodeWrapper
0x000000000d099000 	/System/Library/Frameworks/DirectoryService.framework/Versions/A/DirectoryService
0x000000000d099000 	/System/Library/PrivateFrameworks/LoginUIKit.framework/Versions/A/Frameworks/LoginUICore.framework/Versions/A/LoginUICore
0x000000000d099000 	/usr/lib/libodfde.dylib
0x00000001257db000 	/Library/Java/JavaVirtualMachines/jdk1.8.0_05.jdk/Contents/Home/jre/lib/libjavafx_font.dylib
0x000000000d099000 	/System/Library/Frameworks/CoreGraphics.framework/Versions/A/Resources/libCGXType.A.dylib
0x00000001261e2000 	/Library/Java/JavaVirtualMachines/jdk1.8.0_05.jdk/Contents/Home/jre/lib/libjavafx_iio.dylib
0x0000000127e2f000 	cl_kernels
0x000000012d5fe000 	/System/Library/Frameworks/OpenCL.framework/Versions/A/Libraries/ImageFormats/unorm8_bgra.dylib
0x0000000127e35000 	cl_kernels
0x000000012e04d000 	/Library/Java/JavaVirtualMachines/jdk1.8.0_05.jdk/Contents/Home/jre/lib/libprism_common.dylib
0x00000001268dd000 	/Library/Java/JavaVirtualMachines/jdk1.8.0_05.jdk/Contents/Home/jre/lib/libnio.dylib

VM Arguments:
jvm_args: -Didea.launcher.port=7537 -Didea.launcher.bin.path=/Applications/IntelliJ IDEA 14.app/Contents/bin -Dfile.encoding=UTF-8 
java_command: com.intellij.rt.execution.application.AppMain edu.gu.maze.Main
java_class_path (initial): /Library/Java/JavaVirtualMachines/jdk1.8.0_05.jdk/Contents/Home/lib/ant-javafx.jar:/Library/Java/JavaVirtualMachines/jdk1.8.0_05.jdk/Contents/Home/lib/dt.jar:/Library/Java/JavaVirtualMachines/jdk1.8.0_05.jdk/Contents/Home/lib/javafx-mx.jar:/Library/Java/JavaVirtualMachines/jdk1.8.0_05.jdk/Contents/Home/lib/jconsole.jar:/Library/Java/JavaVirtualMachines/jdk1.8.0_05.jdk/Contents/Home/lib/sa-jdi.jar:/Library/Java/JavaVirtualMachines/jdk1.8.0_05.jdk/Contents/Home/lib/tools.jar:/Library/Java/JavaVirtualMachines/jdk1.8.0_05.jdk/Contents/Home/jre/lib/charsets.jar:/Library/Java/JavaVirtualMachines/jdk1.8.0_05.jdk/Contents/Home/jre/lib/deploy.jar:/Library/Java/JavaVirtualMachines/jdk1.8.0_05.jdk/Contents/Home/jre/lib/htmlconverter.jar:/Library/Java/JavaVirtualMachines/jdk1.8.0_05.jdk/Contents/Home/jre/lib/javaws.jar:/Library/Java/JavaVirtualMachines/jdk1.8.0_05.jdk/Contents/Home/jre/lib/jce.jar:/Library/Java/JavaVirtualMachines/jdk1.8.0_05.jdk/Contents/Home/jre/lib/jfr.jar:/Library/Java/JavaVirtualMachines/jdk1.8.0_05.jdk/Contents/Home/jre/lib/jfxswt.jar:/Library/Java/JavaVirtualMachines/jdk1.8.0_05.jdk/Contents/Home/jre/lib/jsse.jar:/Library/Java/JavaVirtualMachines/jdk1.8.0_05.jdk/Contents/Home/jre/lib/management-agent.jar:/Library/Java/JavaVirtualMachines/jdk1.8.0_05.jdk/Contents/Home/jre/lib/plugin.jar:/Library/Java/JavaVirtualMachines/jdk1.8.0_05.jdk/Contents/Home/jre/lib/resources.jar:/Library/Java/JavaVirtualMachines/jdk1.8.0_05.jdk/Contents/Home/jre/lib/rt.jar:/Library/Java/JavaVirtualMachines/jdk1.8.0_05.jdk/Contents/Home/jre/lib/ext/cldrdata.jar:/Library/Java/JavaVirtualMachines/jdk1.8.0_05.jdk/Contents/Home/jre/lib/ext/dnsns.jar:/Library/Java/JavaVirtualMachines/jdk1.8.0_05.jdk/Contents/Home/jre/lib/ext/jfxrt.jar:/Library/Java/JavaVirtualMachines/jdk1.8.0_05.jdk/Contents/Home/jre/lib/ext/localedata.jar:/Library/Java/JavaVirtualMachines/jdk1.8.0_05.jdk/Contents/Home/jre/lib/ext/nashorn.jar:/Library/Java/JavaVirtualMachines/jdk1.8.0_05.j
Launcher Type: SUN_STANDARD

Environment Variables:
PATH=/usr/local/bin:/usr/bin:/bin:/usr/sbin:/sbin:/opt/X11/bin:/usr/local/git/bin
SHELL=/bin/bash
DISPLAY=/private/tmp/com.apple.launchd.NCuK5aruWI/org.macosforge.xquartz:0

Signal Handlers:
SIGSEGV: [libjvm.dylib+0x55f7df], sa_mask[0]=0xfffefeff, sa_flags=0x00000043
SIGBUS: [libjvm.dylib+0x55f7df], sa_mask[0]=0xfffefeff, sa_flags=0x00000042
SIGFPE: [libjvm.dylib+0x442cfa], sa_mask[0]=0xfffefeff, sa_flags=0x00000042
SIGPIPE: [libjvm.dylib+0x442cfa], sa_mask[0]=0xfffefeff, sa_flags=0x00000042
SIGXFSZ: [libjvm.dylib+0x442cfa], sa_mask[0]=0xfffefeff, sa_flags=0x00000042
SIGILL: [libjvm.dylib+0x442cfa], sa_mask[0]=0xfffefeff, sa_flags=0x00000042
SIGUSR1: SIG_DFL, sa_mask[0]=0x00000000, sa_flags=0x00000000
SIGUSR2: [libjvm.dylib+0x442818], sa_mask[0]=0x00000004, sa_flags=0x00000042
SIGHUP: [libjvm.dylib+0x440ba5], sa_mask[0]=0xfffefeff, sa_flags=0x00000042
SIGINT: [libjvm.dylib+0x440ba5], sa_mask[0]=0xfffefeff, sa_flags=0x00000042
SIGTERM: [libjvm.dylib+0x440ba5], sa_mask[0]=0xfffefeff, sa_flags=0x00000042
SIGQUIT: [libjvm.dylib+0x440ba5], sa_mask[0]=0xfffefeff, sa_flags=0x00000042


---------------  S Y S T E M  ---------------

OS:Bsduname:Darwin 14.3.0 Darwin Kernel Version 14.3.0: Mon Mar 23 11:59:05 PDT 2015; root:xnu-2782.20.48~5/RELEASE_X86_64 x86_64
rlimit: STACK 8192k, CORE 0k, NPROC 709, NOFILE 10240, AS infinity
load average:4.08 3.14 2.75

CPU:total 4 (2 cores per cpu, 2 threads per core) family 6 model 69 stepping 1, cmov, cx8, fxsr, mmx, sse, sse2, sse3, ssse3, sse4.1, sse4.2, popcnt, avx, avx2, aes, clmul, erms, ht, tsc, tscinvbit

Memory: 4k page, physical 8388608k(50868k free)

/proc/meminfo:


vm_info: Java HotSpot(TM) 64-Bit Server VM (25.5-b02) for bsd-amd64 JRE (1.8.0_05-b13), built on Mar 18 2014 00:36:13 by "java_re" with gcc 4.2.1 (Based on Apple Inc. build 5658) (LLVM build 2336.11.00)

time: Wed May 27 14:04:27 2015
elapsed time: 22 seconds

